500
0 3261 2892 5005 1791 9807 7474 148 9021 8043 1470 7561 6472 3469 2645 1207 8413 8741 1981 979 
1 2349 8987 6054 1924 8699 6205 4010 1375 5790 2207 2816 241 9079 2427 3745 412 9968 1105 
2 7 1216 3963 5085 4092 5244 5706 9231 4332 3608 1022 7308 9580 3343 7949 447 
3 7296 6613 4230 4260 4541 2784 874 1476 1098 5300 5622 5827 6956 1665 9464 4076 2258 6676 7710 4180 7575 732 979 6692 8431 
4 2413 3950 9993 5232 9878 3802 8832 1973 8768 9577 4319 4646 9683 3828 8618 7698 5962 2555 6428 1668 
5 6676 3731 1396 9169 8217 5258 6986 4439 7467 7834 3762 6915 6617 8343 3087 4589 7753 7992 1444 9093 1188 7206 7234 8193 7429 
6 2555 4958 3012 1625 2028 5948 6061 5979 2640 5621 6412 9040 117 9698 1087 705 4412 6826 27 7413 3304 5848 4340 6613 
7 8284 8726 9205 6653 4223 6598 4029 4744 2152 9075 8121 9564 7265 1882 1872 7519 6827 6482 
8 8994 8125 7997 5783 8487 9733 8696 5748 7842 5228 1452 1615 1472 654 9096 1183 1205 1084 8279 5259 1943 3875 3678 3925 9739 7845 7856 3630 3144 780 7710 321 
9 8498 3113 1822 8352 6062 6692 8683 622 7463 4226 7266 837 3391 3176 7574 5977 4869 196 9733 7553 8495 6534 
10 5981 6762 697 6170 4569 1303 2480 5131 7672 1299 2868 2175 4074 9342 947 2067 114 4985 2155 1105 
11 4170 5072 1728 7026 9464 1157 9745 889 1477 5652 4875 128 1617 8580 8637 2471 2490 9023 4526 8812 
12 2555 3073 2577 828 8981 6831 389 4626 720 580 4500 4435 4014 9213 2962 
13 1343 8089 210 5188 253 3588 311 7837 490 4662 617 6433 4448 2041 5677 2892 6067 8105 4314 
14 3885 88 4356 4352 252 2342 5171 1535 700 780 304 7228 71 9303 493 8364 8277 4978 5458 7012 6967 7699 1299 
15 935 7782 2182 5451 4151 4907 2652 8874 7829 7772 8028 945 6651 2320 7572 602 6766 9019 2959 4135 560 8069 4957 3982 1774 8343 1668 8994 2121 
16 9991 7888 4071 9244 1556 9014 4336 7014 4921 4776 3339 5196 4124 7825 1774 6482 1496 9414 5880 7652 4985 
17 1123 950 5907 7431 8068 9194 3836 105 3038 2243 1467 2430 7427 4859 6744 3830 3074 7736 
18 8005 8332 9465 7120 3268 6931 5064 4596 7000 4213 2988 7815 9202 5307 5479 9976 7299 4728 3758 5237 6733 1989 2491 4539 6082 7413 
19 4326 3371 4060 8858 5155 2598 8221 6696 1212 5269 2782 976 3884 7721 6461 1956 2663 5739 9601 9007 5580 1950 7001 7429 2962 
20 3320 6201 1031 3877 836 8639 7296 6694 644 4547 4538 4597 8007 2623 1823 6486 5880 2943 
21 1580 2760 5509 8017 6400 8455 1101 2986 5126 3222 4954 9848 4855 4816 215 7372 297 2324 6233 9859 5915 7699 
22 9290 7165 3173 5679 7605 1168 2195 8860 4904 2024 1766 7126 3303 5340 
23 7153 9689 5409 8754 4306 2595 9125 3418 3790 6325 8193 2451 200 5376 3668 4506 8134 
24 454 4176 2123 8989 4945 1259 1867 2071 9835 2937 4664 3701 9532 3467 2812 9829 311 3383 574 9244 
25 3584 9008 8863 1282 8959 2037 624 1408 5721 4687 4666 3913 3719 6852 3027 7751 8644 9244 148 1299 
26 3836 732 6785 5064 8636 689 5303 3872 4990 3457 2155 1420 2724 6749 1946 5784 2662 3376 
27 5412 7055 4027 8830 5643 9496 9982 5069 569 3174 8268 2597 8473 5834 9135 4556 7161 3122 5572 3984 2297 3943 712 9027 4129 7296 76 8284 
28 1429 9968 5341 5412 2858 8344 8531 4784 8931 834 9435 1917 4844 4486 455 699 5747 6281 5278 8524 6148 1806 5632 9443 685 7344 4293 6049 4199 
29 8293 6920 2842 6438 6702 3355 6787 79 2234 5275 504 1601 4136 9 8297 7134 2437 9881 2182 
30 3612 139 9742 9505 8538 1307 2930 2373 4149 9768 9744 8048 5699 2 1105 6584 5962 
31 7710 5887 774 4912 6421 307 3110 7563 115 4674 4551 6101 1230 8897 2555 591 4107 8018 7759 9669 5006 238 5064 
32 4985 4626 8174 6374 7335 8040 7664 5166 3498 6532 9838 2946 84 1871 8523 5108 3705 9832 5903 8197 1763 936 8307 8812 1079 3163 687 232 2240 4341 9270 2288 8671 
33 8396 200 3393 176 4086 1737 1528 2014 7883 4651 7885 3008 6187 3032 7281 2059 2934 7358 5242 3111 6029 9757 9354 1979 
34 9930 4176 3077 1799 5413 151 2392 9241 6485 4513 5417 8792 3360 3986 3323 5939 106 3073 3326 3064 6537 935 4855 
35 5156 2741 5866 221 6993 8139 8970 8137 8511 2835 2166 1747 2277 6561 1710 9615 6537 
36 9144 9187 9409 5912 6467 5505 2240 2322 571 5491 2361 3585 4874 7873 9413 7933 4377 2003 5307 4027 5446 9968 
37 2962 9640 802 7744 7296 5408 5982 7155 8784 981 8071 1533 7716 3687 5022 6687 9664 9783 755 6500 4824 6134 1934 8671 
38 7162 872 678 838 9235 7626 5338 7235 8680 8065 7614 8976 1468 5167 9848 238 
39 1534 7751 476 6060 4717 1642 6699 1345 6198 1953 2016 7018 4726 8716 9707 2199 3525 41 2996 2205 6827 1797 6258 3316 3961 
40 8293 979 3684 989 5219 873 5922 7681 966 3167 9538 8573 268 1966 9306 8408 2809 9459 4314 9607 6281 8248 8994 1763 8005 
41 2666 221 574 557 5548 2958 9522 5523 1796 5869 1491 2570 5060 3982 9352 8812 1397 5113 3286 7220 3686 94 9227 9228 4909 8130 5643 
42 1534 8593 2653 6193 9063 3515 8905 2411 6154 3348 5009 5282 3074 988 8954 8354 4199 
43 199 7920 9846 8179 3728 5594 8557 2705 4363 7311 1648 5529 6585 7864 4912 9615 6547 2121 9244 
44 9780 6964 7581 9212 2510 7870 8382 2941 6165 9129 5677 7 4035 9968 
45 9834 6492 9199 9829 9414 4342 7060 7438 7422 1440 4931 2628 8050 3253 6775 3047 8384 9025 279 2 7949 2340 3261 5340 
46 8605 8990 4858 9152 823 3807 8477 8162 8866 9266 3526 2755 5656 6538 
47 5880 6495 3679 8470 8031 3349 861 6582 7828 7962 20 4052 148 6951 2306 2121 
48 7938 3814 2871 9968 3233 5180 8529 8095 9367 3857 3028 4482 139 5435 2332 7124 6327 2662 8994 7652 
49 6270 7434 4214 1702 3843 523 9605 1789 5195 1577 2511 4290 2240 3774 8542 9600 6073 8284 8307 8043 1668 
50 2613 6962 8223 6639 502 9528 1162 6497 3574 1691 6901 4488 4050 9822 9688 
51 5762 7992 2768 9191 7485 4401 6301 6071 1439 9407 4679 626 6992 5151 5557 4126 408 3775 5748 8941 7083 7306 3936 3750 132 3023 6938 
52 6938 9244 2962 5038 7742 6100 7755 1740 82 6925 6248 2731 6456 5201 5106 6550 4761 1582 3751 5778 5457 4528 
53 2383 8414 4834 8549 1666 8168 3356 3416 9770 7577 9028 6363 5595 5882 7736 5014 2274 8880 1607 6270 3877 6938 1429 7699 
54 2892 4765 5885 9623 9836 8579 6101 5440 9535 7438 3461 2206 8920 6492 2340 7031 1954 2530 7915 9088 4377 4624 
55 9120 1110 4804 2070 7855 427 1919 8144 356 7488 4073 9016 2929 2494 5527 6797 8830 
56 9443 6447 4787 5492 3012 3047 3745 8702 8090 6662 7874 7665 656 5615 7092 6587 5564 7110 1262 9921 3566 9336 8214 2429 
57 4180 4539 9716 5969 7333 1390 3660 1557 8199 565 6013 1313 3185 3885 8994 3894 1979 9007 
58 8756 6137 1770 469 3916 7864 8300 9619 2544 2677 7075 3565 4140 9869 9450 1565 7153 8428 5654 6980 4311 9720 935 
59 9007 600 7989 6812 6897 9840 4950 9738 8752 8368 4723 6902 941 9046 9545 9374 1774 5341 8005 3012 2 
60 8883 9892 3386 6197 9911 7508 1016 7903 2457 1053 7479 6109 7929 453 5783 7 850 1668 
61 2900 5301 6547 4972 1122 6241 3753 6054 4419 364 42 5008 1979 6708 8022 1638 3079 3894 1429 5880 4326 
62 3232 1900 6509 5224 6727 2662 2240 1682 2568 6381 8102 451 8346 7413 7835 3996 1225 3423 9230 1121 4314 4035 5715 9199 5412 427 
63 250 9518 1175 5390 6541 5497 5804 1785 8953 3138 5988 4624 7619 7623 1195 1546 9842 79 3074 
64 3144 560 5110 7442 3115 8125 2626 3759 1283 9587 7231 5610 9993 1916 8431 8797 6054 5762 
65 1546 3453 842 6144 6539 8582 1574 5135 5078 7782 4219 8813 6114 2659 6600 9148 2945 3885 5043 8125 7545 
66 6074 2147 1414 4156 7447 5735 497 696 8527 935 8208 7269 6458 607 1385 5775 
67 3651 3549 6168 5428 4849 6299 5561 3548 9960 2563 7147 7652 
68 3961 2422 2764 7115 2340 4080 2551 1892 6032 5251 7718 8305 1250 4225 9282 7880 3885 3936 
69 8134 3964 1430 3195 8894 2910 1918 8684 8729 6140 8663 1400 3210 6131 6801 7530 357 9900 1346 
70 5386 116 4367 6292 3505 6625 8522 1586 439 1119 2534 23 2987 7433 1598 8349 338 9842 7082 7997 7736 7200 8487 
71 1668 7949 8209 921 2897 286 793 2863 9330 7131 9917 4362 8508 6747 6752 9338 2432 136 8183 326 1429 5393 3166 1730 7289 7179 6635 7101 3074 545 8406 6895 8387 4020 5412 
72 9270 5698 6102 7135 3540 6491 4281 9299 4459 3161 9622 5544 4089 3995 2564 9129 
73 6889 4079 7771 8053 2184 1081 3102 8812 75 5503 3969 3584 4995 6218 336 6370 168 3263 6367 2788 2681 4837 7500 9732 3105 6547 6044 8994 1117 5748 
74 8325 478 6499 164 4888 1776 8243 5911 410 5923 8701 5631 3573 7800 9759 2085 7517 3543 3720 6731 7438 9533 
75 8722 6817 1734 6482 8309 9498 9961 5777 2476 4271 6656 6213 4704 3428 7585 7593 6232 7636 9678 7438 
76 9848 1763 1083 1515 3841 9470 8498 79 3882 8491 3120 6718 76 9954 7679 1788 9736 3721 2796 6003 7292 557 1962 4457 9795 7153 105 2240 
77 8671 84 4168 8193 4890 3755 284 9433 2 8589 8151 7432 8238 4399 3213 5449 2815 2064 6642 9959 321 7806 3836 8396 6292 828 1305 5219 5862 6613 
78 247 8776 3049 1686 8986 8212 7004 5762 1678 9557 6316 8778 1275 213 5807 7968 4168 6986 2013 1383 8069 2986 
79 374 1140 7429 2057 585 6258 9075 9317 7205 4801 6346 2417 4403 3783 2252 7849 5347 1908 5020 4350 6611 2699 8716 
80 8169 1319 9722 4831 4654 214 205 8761 4315 1435 3285 6710 7166 8491 8209 3012 
81 7153 133 9677 7615 7606 4081 3048 1860 9055 9667 3747 5441 6640 5456 7329 655 5193 2157 9823 6228 3602 7438 
82 2662 5869 3946 6963 9798 5124 9659 299 2818 9872 4721 2048 1626 4655 3795 1534 8716 6613 
83 7709 9299 8022 1780 9548 8900 6615 7078 6952 72 7669 4320 7601 2231 2390 7771 5266 1358 4533 8740 7097 8167 8116 
84 2615 3022 9025 4035 1710 1044 283 9188 9636 1389 4852 6280 5532 7459 8613 9962 249 5966 2412 9301 3964 
85 1625 8248 4350 2485 1106 1757 2032 1040 7590 5004 7443 7507 6210 2470 7927 4184 9545 
86 4385 6797 6734 9704 5117 2892 3958 6110 6237 3282 9944 1914 7418 7783 3711 6631 1429 4134 8287 8711 7883 
87 3586 496 5871 2846 2307 5825 8493 2496 1218 9741 3316 7968 8736 2295 9511 1003 6052 3850 652 2733 6049 7285 9007 
88 5780 5097 8495 4641 9953 3662 3156 6730 996 6850 4229 1597 3059 5412 2555 
89 2263 8387 9293 8831 8306 8373 9820 7707 7545 1428 2408 5680 2092 6892 9422 2340 5400 6699 3758 
90 6547 9483 1554 8904 7752 5555 4847 1208 2266 4244 4175 605 1308 8000 6644 9289 9418 1391 7429 9834 3553 5413 
91 447 5547 3053 2600 3092 8836 3545 2128 1585 6403 8586 1356 8604 9761 2121 4147 6221 8110 4166 7240 2460 691 2175 8716 3752 7762 
92 9265 6101 4971 4180 6551 4699 4629 8516 9129 6035 165 3529 1738 8496 1199 5371 1232 6296 7699 782 2240 321 3877 
93 6187 183 485 3278 787 517 3717 6393 3325 9421 9510 4182 8126 1002 2984 4507 9007 1058 
94 2052 369 4056 2112 7090 135 6611 1093 1379 839 9687 8401 407 8801 5411 4069 
95 6855 4264 7203 5451 5856 5287 788 9850 3781 2648 891 927 6135 8547 7762 6771 
96 547 6259 8620 2916 2997 3011 8749 8817 4442 7883 3877 
97 5715 477 8267 7183 2962 4429 4985 4224 1267 6674 2860 1052 8742 3741 1723 9193 6675 8692 3584 6584 
98 876 6631 8671 9692 257 3012 7429 567 7164 3716 9402 9249 5766 2754 7934 955 6075 2240 1557 569 
99 188 4423 8104 5639 3727 4330 4648 6185 1080 5685 7114 9038 5483 7583 4639 5122 6054 6827 
100 4501 5194 1498 3144 2212 1192 4280 34 9252 5708 7241 4364 4160 9500 3445 6125 3744 3961 9848 3316 3877 
101 8307 2615 7276 5800 2604 6083 9681 6849 7550 3276 1492 4025 9567 9077 724 4346 634 9573 7285 
102 3111 4679 6630 2647 9271 225 8074 8329 4871 7312 9857 6286 486 6263 3516 2005 8910 745 
103 3936 7234 6347 3932 8005 3567 3241 9545 9598 9787 7556 564 969 4710 6157 4986 1742 5432 2605 4796 6982 2555 1079 8293 7699 
104 6537 9852 5933 3909 9357 8939 9943 1289 5240 5775 174 3538 5894 1149 3522 2293 4808 2998 9530 5421 2413 9043 2652 625 9659 9007 
105 7240 7586 4957 8722 4730 7670 5862 7975 9312 3290 5334 6030 122 8465 8452 786 1829 2635 309 2118 9702 427 
106 3303 7079 1117 1357 9514 924 543 4519 5715 2726 3466 1238 7413 9075 
107 1831 9137 9632 3254 2961 8391 9183 2472 6471 3838 7357 4246 2327 
108 5006 5704 7759 1971 529 540 3341 7531 6380 9644 5173 9665 4170 7267 3144 321 
109 8495 7709 9031 3553 3718 716 4793 7858 5396 6122 7486 9444 6805 958 9199 7925 2864 7187 4035 2670 3032 8169 3723 935 5715 8994 3982 
110 5053 5141 3504 1581 8598 1112 5248 6881 7967 1145 7284 9411 8351 3490 9284 462 6200 7288 4340 4855 8794 5899 7240 5458 2109 4377 
111 5458 7481 3101 738 9593 9449 8019 113 4474 2179 2644 4991 7434 1632 3437 621 7641 4352 9848 2962 
112 6949 6331 8932 2176 4823 6336 2634 2278 9610 2018 6373 7621 7575 3089 4304 4750 1503 9512 1728 8387 2704 6538 79 2121 9968 
113 6251 1071 1839 8405 278 4102 882 6459 7921 3145 4865 3193 4396 5049 3950 3547 205 4531 79 1348 7240 
114 79 7762 7874 5063 8167 9723 8251 5412 1633 6323 8700 3758 9616 5399 7310 6586 1539 3887 3130 1716 9713 2260 2 9545 
115 5966 8146 538 1204 8441 9515 8652 9124 8870 7889 8765 3813 1631 2218 54 2290 9111 9688 7438 8491 
116 1134 4314 8145 285 3530 259 9746 5788 5152 396 9161 7715 3501 2508 4472 5492 6672 5156 1984 
117 935 7120 2013 4558 5014 6030 4341 3024 6516 6789 5115 2734 5918 3143 8979 1573 7001 3103 1534 183 
118 3894 9659 9086 1904 4317 1479 5636 9965 6261 8027 7896 6643 2318 4939 7154 8069 3998 4840 3432 3058 8295 100 904 9432 492 6170 9404 7575 
119 2537 2739 4873 5466 505 1133 9034 5233 1298 604 2922 5094 9589 7454 5880 7709 7699 
120 1668 6369 3184 4326 9075 9065 2982 134 9244 2960 7758 265 8158 2443 5310 1520 3 8185 4314 
121 1984 901 5247 9192 1265 4720 4277 6566 4285 8203 178 7860 2571 8750 6821 6732 2643 4423 3316 937 4107 5341 7949 7732 
122 4311 5917 7669 9178 468 3543 2932 5245 668 7912 4633 5318 6560 9912 3451 7501 7558 8159 434 1453 9877 1625 4786 1157 2052 3894 
123 7133 5788 300 1476 3158 4526 2857 2818 9988 7706 1593 8891 6578 1478 548 9431 5241 6313 2279 5929 3689 6258 80 4490 2422 
124 3981 7072 5917 1933 1722 6896 79 8951 3914 6344 5419 811 1999 8725 7122 5029 6621 7652 352 1560 8134 6054 3836 
125 9545 425 5662 5052 4314 9786 8154 6900 8674 2889 1362 8848 6875 1152 4810 2349 7204 7699 
126 552 4941 4780 2171 5500 2643 5762 1454 7684 3364 2165 1290 5442 501 366 9874 4649 8289 3732 2657 1669 2052 1625 9533 9244 6827 7652 
127 9244 4035 6376 5138 9073 9451 5526 5746 7482 1724 4883 8241 4082 2517 3993 4170 1542 4561 1739 6095 6613 6978 7845 4020 1668 8125 
128 6827 4948 3703 7698 2607 1850 960 6262 3631 6954 118 3157 4813 8977 7238 3137 7557 657 1374 7883 7133 2150 8491 
129 9404 8233 385 965 1988 9694 6181 8091 3243 9891 1222 806 2 2589 3352 4787 6938 9842 
130 4901 8406 4348 5198 9089 9533 1295 5316 9174 487 353 713 4481 8985 8410 270 9327 8644 3578 6936 1289 6463 7230 3728 2128 7883 6492 2555 7949 
131 8423 9989 4450 447 4977 5519 6155 6282 2926 4573 9679 1693 8617 8718 84 1707 7429 9244 
132 259 9380 7579 4188 5593 4087 8724 4375 1144 360 3972 1911 8827 8839 4484 3111 6613 
133 3377 8062 545 2150 9576 1939 7425 9323 7997 1896 3365 4672 7439 4835 5176 6212 1261 4956 325 5286 3050 2414 4855 8994 
134 6115 3528 7513 2088 6427 6547 7639 8365 3481 7609 6134 6514 3622 6454 9693 2521 6469 9555 4901 4985 3894 9224 
135 2155 9461 7820 3653 7769 9861 1317 3568 78 2034 25 6375 5664 7624 9584 2503 3074 5477 8293 7699 5064 2 450 6938 9533 
136 4107 9230 1721 7930 4777 8515 2196 781 8895 9345 6746 7283 
137 3521 4880 3894 5367 9462 2761 8587 423 8253 9049 3854 443 826 6613 
138 3074 8193 4107 8710 647 8056 8181 7444 4211 9114 2103 2687 5559 2142 4994 4770 3144 7699 7153 7602 6785 4855 4176 6044 
139 5748 8609 4470 6937 929 8890 7628 4121 7917 1968 3218 2073 7709 6101 
140 3664 3590 1907 1469 7792 818 2760 2848 6007 3628 2459 8644 3982 
141 2491 7069 5637 8012 1186 5346 6916 7995 5267 2162 6882 8763 7438 3012 
142 6387 7178 1156 4614 2077 6089 4731 7472 1667 9517 6428 4112 6271 8470 7201 7491 6030 
143 7179 9607 7180 2013 7936 2431 6303 6724 5293 2773 2098 8476 5144 1028 9537 8335 6285 6021 
144 2555 2 6982 3476 7461 8585 240 7714 5949 4328 2582 4116 2533 7956 1287 199 4035 
145 4647 6139 7101 6750 8918 5607 6909 6961 2393 3044 5323 5687 7708 8044 3411 4099 8186 5028 558 1868 9615 3533 3012 
146 5846 3077 7153 3831 8172 6126 3084 2249 9110 5493 1562 2213 9673 2900 1963 6014 3758 6613 
147 9968 1042 782 7694 5605 1963 820 7699 7351 8554 9791 2896 6113 9207 4521 5017 5112 7743 2611 9965 5322 8780 
148 2240 1383 2183 1085 9652 7438 3054 4707 2215 7325 6518 5002 5612 778 9844 2028 1595 6577 3783 4077 7153 3023 2184 2340 3728 2 
149 2670 79 6592 7599 4407 4966 7631 8358 4803 8766 9710 3060 8646 229 7671 800 4988 6537 7722 8462 7880 3830 1984 9842 
150 6744 5401 3061 2817 4624 6523 6778 3580 2697 822 8025 8263 887 2169 8228 4767 9990 3045 5520 6652 4385 7762 8487 3982 8716 8644 5340 1668 5412 
151 2962 9615 3672 6321 3261 5558 9102 4352 2007 2908 1546 2805 6276 7587 6807 2188 1524 9083 5003 9265 4035 5437 1125 
152 7379 5660 8043 1912 8775 4043 1335 4347 9675 2785 5744 2289 7487 4993 8845 6778 1454 108 5462 1429 7153 
153 7001 367 4985 8386 6547 9777 8425 6470 8862 9831 9164 9374 7946 8298 2365 4624 7854 983 2421 2979 3907 7846 5401 1121 2422 3877 7709 3111 
154 2414 9795 7822 9316 5840 5086 2965 3158 6291 8433 4312 5528 5858 3799 4941 432 4615 7653 7820 4199 2986 
155 7517 205 4923 4093 6390 7610 7960 6404 2855 8980 6283 281 7765 321 3776 2933 411 5023 5908 7734 9926 7320 2183 1833 9160 8212 6044 3877 2962 9533 
156 569 8092 6895 9351 3629 5280 5068 7979 9424 3482 8597 4144 3041 9067 6765 5507 84 8994 843 8484 3877 
157 135 5467 6360 316 4787 2869 5902 9112 5822 1355 5823 5204 7044 3601 
158 6044 7759 3869 7688 1950 6502 3012 5989 7961 7400 1049 8320 3021 4908 854 120 4562 2036 3677 4237 5489 7992 5788 8134 7153 
159 5784 6460 5477 871 993 5674 5335 145 7673 3036 5038 1756 3739 7976 7428 5263 7954 3371 
160 3521 9013 8780 6327 8552 4241 1471 729 365 3494 1531 1179 2550 8805 6379 6351 9562 6910 7087 
161 1195 5713 2190 1056 2341 69 1039 914 7682 6715 1927 2006 4357 7814 2962 6547 3830 647 2986 7652 
162 4378 718 272 9404 1169 472 7481 8821 3600 9011 7790 8194 6958 3842 7791 1289 3936 1238 238 7762 6258 
163 1299 2630 6020 9398 8910 3935 8998 3830 8387 3634 7127 7173 3259 1263 7413 8057 6506 9408 6888 6688 2943 9007 516 321 3509 8134 1134 8193 7949 935 5715 
164 1871 3326 9132 8406 7932 5389 917 7410 7365 7163 9476 1987 5465 6680 9048 4505 5688 888 2187 7249 3108 447 6949 1383 3395 8858 8125 1293 1555 9842 
165 2240 5326 2682 1394 1683 3920 4206 766 427 8717 491 4276 9397 647 
166 3926 3383 8716 5867 5732 5134 4948 3338 6088 3966 5070 2716 5999 3033 8445 8387 2240 
167 7519 7213 6359 9463 6377 3772 3880 4983 684 1708 6 777 949 4588 9355 348 6671 9004 5304 9947 
168 2437 7087 6254 9671 2792 6567 7541 427 6087 6401 1608 1873 973 4914 6905 1548 7043 6609 2986 3905 4664 9807 3731 259 1731 4199 3163 
169 321 1868 8431 2676 7807 7971 8406 4100 9015 4799 5044 1363 2446 5186 2049 291 8227 7730 6742 5099 9444 3074 
170 5251 7652 2752 397 3486 1042 650 7193 8850 8272 2204 9549 260 6337 3625 3873 3012 2859 9520 8116 9075 
171 7652 3163 9036 5609 4622 3374 4797 58 6861 2326 1341 1731 3015 6622 6092 9789 9501 1064 1904 2519 7237 5814 1353 9560 5962 7795 5175 
172 3012 3885 2299 5964 6002 2004 717 5954 2974 6740 8561 8246 7646 3113 9703 4400 7949 
173 3050 79 4354 7736 4698 2696 9843 5552 6627 9858 8773 7071 5647 4266 4712 1160 8668 5326 2766 1634 2288 7949 8994 3012 
174 3316 6054 2698 9621 1619 6134 1972 4311 3606 5077 9706 702 1223 1038 5047 2593 1181 1534 7652 9545 
175 8528 2595 9970 6409 321 7737 952 6843 8416 8103 6176 2515 3458 4604 5041 3536 813 3468 8600 220 7713 1343 1429 
176 1343 2898 5961 3429 3990 4236 9862 4532 193 2531 5582 2193 809 7534 5916 2288 2013 3006 9842 
177 4232 4359 8829 835 3584 7795 6595 8526 867 7294 8130 3655 8155 510 1196 8933 3012 2643 7517 2327 9545 
178 1246 2693 1869 1606 8133 4975 2699 2329 1960 6145 8834 5538 7341 2420 2402 2171 1125 4886 1710 5239 8599 5412 427 8994 
179 7456 5715 6258 5831 9543 3116 6706 2453 6426 1415 8731 3534 9406 4923 1343 5437 
180 7968 650 5520 6416 4337 3447 8442 7859 6795 2586 5321 3602 9392 5331 4228 1782 3071 8490 6014 7997 8663 5869 979 
181 2288 3665 2444 1800 9649 8462 2008 9348 6834 9852 8676 6735 3904 7886 1760 5779 3502 875 5849 673 8958 412 7219 
182 2643 719 5921 1741 4033 7560 5260 9139 4487 7675 1213 6358 9825 203 2529 2377 1134 7688 6460 5048 2527 3932 5412 8145 7806 979 5248 5715 5962 
183 2 2732 1043 1134 332 3820 205 5494 3812 8824 3309 5153 7630 9484 3329 4563 2522 7352 6737 56 6503 979 6938 
184 7902 1276 8947 5738 499 7045 7637 8021 2096 4284 7547 5345 2467 7890 5445 7225 7883 3894 9265 5962 1668 
185 1641 7146 2349 355 1306 2114 431 1393 9650 1596 1810 7186 8489 6646 9196 8386 8210 5156 4340 3004 
186 1607 1658 857 4974 6867 2343 8502 5119 5796 4559 2857 4708 5900 8324 8315 4345 6986 7355 
187 6161 7950 6454 2404 866 6616 6798 6305 2630 794 8803 6920 3910 4117 8230 507 4242 8092 9661 3152 7689 435 925 2643 4664 8130 
188 139 4362 9444 7023 5030 7040 925 8714 66 2116 7027 1550 1127 7680 7678 6386 3632 1993 6332 9270 1134 2240 427 
189 6326 1583 7683 3783 6334 7652 1367 8313 4253 7775 4795 9347 6151 1371 4781 6162 978 2856 6415 6549 7575 
190 9800 3942 4866 6623 9573 1332 3269 7489 5164 6274 734 5215 2621 2246 7839 5309 8200 3377 2437 7133 9968 
191 7864 2223 7136 5651 4155 3885 2874 6713 2727 7076 1544 7072 2698 4531 
192 1986 8078 7476 9313 6417 3497 3220 1463 771 9186 8147 5843 7983 1102 1875 8896 5064 8227 6938 6613 
193 4624 6687 3207 7454 7788 1383 3072 6538 3766 5481 9379 7385 154 7801 4953 9492 247 1058 3023 979 
194 9219 8008 8029 5666 2858 1814 9643 7727 5854 7944 9902 694 9968 4647 5448 6509 3830 8193 9990 7652 3877 3074 
195 2904 9615 625 1552 4070 6554 1495 6453 9311 5771 3981 8711 4963 8966 9656 8487 8402 1104 5864 6227 1090 3261 2203 6014 420 7652 
196 9703 5386 3314 3853 2704 417 2612 9896 4195 3676 3370 9155 7326 8344 4222 7048 8579 321 
197 1353 7474 3936 7622 2396 2010 2308 6528 1482 4690 6912 2579 4259 736 9903 8950 5470 259 7266 
198 9842 1601 4828 7153 8930 3226 1932 3726 732 7409 8254 3897 3109 1067 2186 5581 7407 3756 6224 2128 7627 5689 8644 8702 6020 6528 7699 1774 
199 1375 7526 8533 6186 1154 9416 9558 5101 2237 5517 1146 6369 8962 4093 6804 2025 2666 5962 
200 420 6875 5383 7055 3135 2745 7177 3100 8556 362 2353 5142 6058 3061 483 9977 7666 6545 6236 2617 7586 7762 7669 6938 79 935 
201 8140 8235 2611 9580 7602 8342 7570 8973 4774 2539 3379 1125 7686 3427 2141 4489 8389 2495 1473 583 2577 5772 774 4230 4199 9007 
202 6584 2423 2107 519 5125 3609 5313 9701 3735 4594 4734 448 5848 6258 1121 4909 8491 
203 3376 2005 7933 7296 9129 1150 7419 2894 2424 4878 9279 819 2562 8871 1656 9771 4686 4278 3334 2768 2957 3964 9551 1763 6306 5748 6049 
204 2735 177 7756 8220 1705 3403 6953 9918 6869 2865 4468 6051 3114 2062 1623 4909 7841 7596 7996 5217 1843 9637 6115 200 4341 
205 321 8599 8507 9493 4431 3188 8431 4693 7030 3479 6258 8794 6641 6153 8751 466 1035 3097 4830 3005 7410 7759 
206 9374 2533 4520 4037 7219 5391 4210 450 4534 1893 7217 19 1109 8494 2704 3452 64 6677 1396 1774 
207 4035 9129 2668 4020 3982 1668 2740 4709 9236 7364 985 4564 4289 8672 4154 878 4177 6558 9889 5053 9037 9007 
208 5322 1149 4034 726 7929 2707 269 4418 6188 4377 3305 5566 4065 4544 8453 4060 6302 1327 2827 1590 9104 3635 7105 9075 457 5821 4784 4801 3543 6063 5507 
209 7254 5218 1835 4496 8942 5328 627 2715 4979 8654 
210 3877 7439 1611 5304 3842 3944 8982 4313 6355 6020 9633 7618 6477 9668 4084 900 4891 3035 1368 8481 9412 2375 4745 7569 9930 7026 300 3427 6482 4341 5677 
211 6054 8284 8994 8881 2125 2781 9461 4680 9041 7564 8491 1529 9247 2026 8785 3363 3310 3435 8332 3020 7413 
212 1153 9248 8287 7904 6295 6479 7012 394 6860 5861 3111 296 3777 8705 1178 3862 9393 7606 9036 6778 8470 838 7949 4199 
213 1784 2603 7007 9238 5719 2305 5848 9405 2104 5360 6202 5066 8647 9078 5960 4343 9463 2327 3894 
214 9453 8920 3581 613 244 9721 8571 4162 6389 4737 2055 6659 1407 2228 8406 4949 3513 4035 7762 
215 3835 7252 2713 5953 5179 2167 9466 4151 1191 1045 4814 7907 3703 3784 8841 2121 
216 4855 7038 2624 1877 5445 4110 3506 1985 9318 9168 2722 9098 2770 2245 8267 2182 3427 3074 
217 6049 7266 2340 9586 4414 883 3729 1775 4170 625 9029 9559 3847 8474 7370 2672 4760 6349 1484 3586 79 5412 6827 
218 8069 4967 1774 9050 8185 8733 6913 3362 5773 5061 2327 3129 1552 8673 1197 6289 9491 2935 6531 415 4362 8982 3528 7252 352 7949 2643 
219 9075 3240 7790 5239 9283 6635 4636 4007 4192 157 2668 138 1564 5873 598 3652 9494 1190 8781 2080 7709 7474 6827 
220 4129 8125 1401 6621 745 5962 3750 4402 9395 6451 3681 6298 2938 4548 1105 5813 8209 6365 6042 9533 1864 1216 7342 7699 4514 7633 3641 4736 8539 110 7392 9075 2288 9842 
221 4786 6415 4916 3165 5454 698 5080 3779 4128 5524 1288 2610 3626 2109 3074 7481 5099 4199 
222 8601 9172 2072 7909 2566 7368 5841 6395 3335 245 8609 9623 4870 9299 6404 5643 321 6613 
223 6391 4494 8807 1097 8798 6418 8205 7406 2214 6211 4792 9730 9969 9353 5248 1751 3936 
224 5445 7426 6767 5095 6544 1059 1931 4857 6077 7617 7813 5764 1116 7091 5548 2778 3018 2962 6534 4326 8491 79 
225 1405 140 6693 5560 4368 4740 4339 9714 986 3065 1668 7120 7153 2555 
226 2264 8832 3905 850 3249 7142 3080 1763 4238 2275 3557 8838 211 4015 7732 6124 1847 2323 542 3554 2033 5219 4326 2146 7050 4752 1956 6537 1625 
227 4824 1560 4077 207 3801 1566 8859 3753 2797 5088 3894 4179 1255 9359 3866 9300 6557 6294 4536 1979 3877 7861 9461 2240 
228 7786 2990 3128 4349 402 1793 8429 2903 9291 6141 4096 8867 5563 3833 5296 5917 9138 1238 9930 
229 8685 1562 9646 9666 3262 9377 767 1826 2244 1201 9215 1828 9001 8173 1047 8176 2679 5780 7575 6938 
230 6465 949 4561 8375 7396 606 6143 5904 7970 3956 4583 6161 642 5206 8098 5962 8975 7884 26 6584 5283 3753 9731 7296 9007 2962 
231 2699 5543 8728 8418 1329 6398 9440 5693 4901 8670 1406 7270 4623 5650 6796 6368 7919 7193 
232 6922 6320 3186 9369 9163 5869 3433 155 5120 4632 5539 2500 5537 7298 9003 8728 1734 5445 
233 9138 5715 946 8377 2414 2454 1383 1980 5592 2576 4746 7817 581 4187 640 1279 1246 1358 2349 7709 
234 5099 9533 4199 3700 9215 2650 9758 238 5604 5700 8789 9264 7316 8419 9384 7691 4421 1442 5203 8559 1668 1287 4660 5437 935 7219 9654 6326 
235 8994 5583 4959 8015 8532 9816 3817 2185 6894 3053 8118 7274 1813 9108 791 930 9244 6613 2240 
236 8491 8912 7099 1234 6510 1754 7867 49 6522 7649 4818 8601 7733 7948 3783 9979 3113 3521 6327 
237 4020 7949 5295 3830 9010 8693 5801 3603 4057 441 2516 9606 5541 8037 2384 6975 8498 1017 3579 6981 5865 8910 2346 3232 5383 8907 75 8043 6153 1790 2569 1524 
238 8227 5429 3543 9071 5348 752 609 4358 7473 7247 404 3764 3279 5190 4638 7850 2121 3700 3103 1299 
239 843 8848 5129 6021 9302 4984 7120 4031 3500 5121 4753 6832 3599 180 8671 1510 300 
240 4199 7575 7088 3006 3827 8580 239 6437 5525 2744 9115 4416 5192 9997 9094 1560 5308 1750 1256 3859 6799 5042 5677 3767 9979 1105 221 3944 
241 7204 863 5277 2113 9273 1905 796 6604 4612 3715 2047 9845 5986 55 9119 1410 199 1670 8417 3077 3877 
242 3089 7880 2972 1032 1343 916 8964 6223 2808 9627 5522 7808 9847 9304 8003 3877 9290 8078 3376 6584 9848 
243 703 7754 9305 9772 2886 1890 65 6470 153 968 2239 9775 8450 552 2240 7240 5412 2288 
244 1524 3343 4531 5471 6244 8400 1674 5395 2718 2220 1328 236 7215 1767 9854 3285 6534 935 4176 
245 7333 1979 3758 6082 5099 5322 489 2753 7451 9964 1944 6565 1063 9237 7366 9788 4779 2976 2892 
246 4909 7240 1849 6018 9032 1654 1215 9603 1244 6483 8075 2106 1830 3371 6739 5446 1375 6635 8528 3074 
247 2412 7392 9735 295 3153 3454 9871 6530 8260 3392 5584 1587 5448 8046 7697 9340 7782 4728 437 2962 5762 
248 9007 6067 3547 6802 4282 7221 5839 9990 1441 9324 330 2790 5412 7949 5983 8898 4028 5845 2359 4161 4020 8484 412 7699 3012 
249 5003 7053 9139 9181 4333 7509 7696 6354 666 4123 964 5863 4193 7389 8968 1226 6019 9319 3277 7899 9453 9050 6712 7762 4728 238 
250 6511 3441 1270 8010 8703 9375 4038 5930 8222 3172 9933 5762 9299 935 
251 3543 7545 279 9521 4372 8698 3313 1370 6800 3696 7955 9734 7156 3291 880 2685 2807 3242 8591 8848 9533 8994 
252 1058 6428 5339 8844 2345 3463 7709 7167 2143 5329 9080 7160 6744 477 2499 3977 9809 6440 8444 2649 7745 4234 321 979 2986 4679 4765 745 
253 2986 780 1984 3203 8934 9133 528 9523 3811 5818 3106 6153 3215 6300 1848 3648 4851 442 8269 2251 7756 952 7200 1260 7039 199 7179 427 
254 6082 761 3561 399 90 6469 7977 9253 928 8390 7383 2883 4274 8795 4456 6606 2558 8812 8269 2986 
255 1934 9995 798 8570 3270 1041 5783 7059 3563 9545 4020 6425 7377 6654 3771 9076 76 745 9013 4352 8406 
256 7791 1137 3380 8887 5849 6129 1644 4697 9830 3702 3856 2992 3620 8876 943 7776 3127 7922 663 2867 8711 2288 6613 
257 2240 6029 2203 1242 4822 7170 8252 264 4898 1952 5163 6977 6064 8066 8510 2229 8831 4692 3894 847 3982 
258 1790 7922 3229 5589 8105 3839 5351 8889 2852 6164 4809 5490 6136 3671 2387 4958 3837 5451 8125 
259 5507 5286 1273 1979 3103 400 6759 9270 1879 250 7020 29 6036 876 8560 1527 359 5437 4071 6187 6360 8832 7759 
260 6458 6675 4004 5896 2002 4574 2489 1330 3046 6996 7499 5893 5450 3017 9793 8902 6347 1942 569 3894 
261 2704 4400 2 5149 1429 765 5696 7405 9130 8744 6290 6054 9527 3043 3737 2779 9766 261 9777 4314 
262 2340 8600 8566 2902 4011 5794 8109 2474 590 5630 7881 4669 9200 7894 757 9160 9265 5824 5535 2061 8462 7120 6258 6692 
263 2962 9197 7289 1079 4870 7240 9957 6445 8236 6691 3700 3244 7779 6647 4802 3034 6341 166 3846 5862 8468 4367 5326 5386 5340 9244 
264 7355 2189 8239 9939 7703 1224 9457 4896 6242 797 6180 6817 4091 1299 3163 9669 2288 
265 4377 3757 930 6938 9325 3989 1613 8503 14 9655 552 6918 8830 3877 1697 2415 9935 735 6707 6094 8686 7029 6922 9836 
266 1121 3304 2555 340 2927 444 9428 199 2578 5910 7692 4958 8198 3691 8460 3945 9403 226 2078 9151 8092 4399 738 5386 3894 
267 1496 7883 9968 7762 2288 3714 9764 8111 141 8058 9540 1075 6670 4216 8427 1247 6195 3414 1083 32 4045 7654 4314 8387 5226 9991 5762 2962 1505 1139 977 5869 6778 2240 5507 7153 
268 412 730 8506 3539 8131 3199 5816 4819 8810 546 7732 6989 2717 1455 710 2541 17 9404 3602 9086 9007 7762 
269 6613 4909 8183 4071 4457 5821 9510 7198 8770 8290 5913 4811 7517 5407 5437 2149 4455 1413 6267 6429 96 8265 3827 7042 4782 3241 352 935 
270 3753 1223 4069 8014 8130 3074 2968 4361 6608 5265 5398 7695 5657 2574 4323 4344 3981 3453 1085 447 7883 
271 3751 4988 1339 3354 7749 7984 3582 3637 6330 4002 6189 6057 5105 5567 2966 1501 3523 4900 7687 2898 7267 3236 6467 6938 6054 7699 
272 352 2856 2260 9654 8257 1923 6084 2298 3163 9101 4935 3288 6886 6489 4197 6275 4919 3371 3144 9224 412 
273 5064 1710 9114 2240 1496 3936 3510 4571 6219 6620 8543 5958 5667 4653 8509 1495 89 9178 7438 
274 3491 8387 8782 5569 9461 831 6239 7332 5059 9797 6152 4020 6139 7699 8284 3125 8986 867 9842 7762 3936 
275 5248 3043 9898 321 790 5798 5531 4727 83 2468 8514 8247 1540 4469 8220 5485 1458 456 2666 2327 6030 
276 148 7413 311 6306 3172 5019 2358 8530 9932 6933 3184 6010 6264 4539 630 1103 6700 5763 9765 935 5326 7852 7153 8491 
277 1348 686 5373 2164 8087 5998 9175 2105 9051 4625 3322 5799 8471 2981 4443 3521 8994 
278 5880 3758 2904 9583 8753 6537 616 898 9582 6838 3748 5703 1299 9750 7789 5957 4592 9585 9039 5898 5547 1252 3074 3207 3521 3081 7652 8722 79 
279 3012 7868 9116 3965 9938 5034 4807 8709 8937 2627 7397 6692 7251 351 8013 6334 6464 
280 3023 7105 3125 7542 2288 6924 234 503 6942 5187 8051 9219 5934 1614 9541 7313 1821 2100 9177 8491 8528 8235 1216 8994 
281 3004 991 5810 6765 7553 219 8134 1058 5352 4527 9383 169 6038 8961 6698 7875 7543 9827 6686 6306 2555 3012 
282 2121 5097 3837 9270 7821 6287 8123 9992 9595 8153 8212 7506 5673 7640 7233 3380 8049 1871 6920 2340 9842 1117 
283 1358 8188 912 7 610 5501 3543 9581 2201 159 412 5 4295 1048 748 3852 9298 1347 3918 1145 8125 
284 7077 4345 7740 2191 5172 6507 4929 1809 4254 925 8148 5692 3470 8534 4838 6402 1443 782 650 6170 9842 5248 9968 
285 3331 7653 1248 3493 6105 2666 8042 7262 9245 1787 2918 692 1530 1150 420 9404 395 1524 8812 8125 
286 8068 5899 7369 7423 9487 3113 1238 9190 7248 3643 3796 8645 1299 769 9916 8912 730 6672 4180 3584 2288 2 
287 7438 6216 4619 7713 1051 8837 301 2882 4735 2875 4432 1309 799 6481 4665 508 7285 6778 
288 5772 1542 1665 5502 9865 2031 5860 1499 8492 7833 2497 3855 5147 5859 9972 4501 2240 
289 6464 3405 1916 5942 5872 8612 6619 3012 7747 4258 2795 6190 6935 6568 8211 3014 4454 7669 2643 9244 925 8994 79 
290 7285 7029 5838 5767 8142 4245 3804 8302 2238 6599 9685 7516 1818 6431 5090 9276 7210 2650 6470 4362 
291 2304 1534 9565 3104 437 2791 3836 9056 935 667 4937 2389 9358 8026 4181 3183 6781 1543 8125 2555 4176 412 
292 4326 6525 1004 2127 9994 578 9842 5369 5870 851 2553 6556 9811 984 4463 321 8125 
293 4531 6424 9007 1352 6851 1841 7537 6191 4944 7559 1720 5530 8215 5629 4841 4884 4967 9244 3249 8920 7413 9301 5762 7732 8125 4199 1774 
294 6712 5964 5740 1095 5482 5257 6175 3808 9153 4385 5478 577 3941 6540 2140 9436 4483 8830 7568 7880 4352 
295 6296 1739 7036 7318 2917 2160 8488 421 3560 368 2124 369 5327 2501 8348 5917 7713 813 4890 
296 5448 2192 2538 3708 3178 6112 9335 5368 7367 7096 2399 8312 6209 9819 5050 6658 6554 2383 1552 1900 9968 4199 7949 
297 4106 1930 4391 9173 8505 4272 8411 9371 810 1681 2267 9465 9139 
298 8269 9533 3023 2198 8618 3265 2923 8885 5430 3840 7848 3997 4475 6000 7415 2439 8722 1014 6890 1249 2288 9007 8994 7949 
299 1668 838 8450 5211 2790 2876 2526 6921 182 101 6672 4714 8762 5096 7093 7363 2481 6515 7533 6661 3006 9907 4056 921 4199 
300 4962 2617 4691 1142 22 6022 8234 8282 8499 1423 6519 6865 7086 1964 2210 4942 712 5885 7852 3665 9518 3251 9224 7266 8125 8994 
301 3146 7652 1638 7050 971 9109 3240 5600 9818 2236 7798 2989 980 3949 4789 7296 8125 7413 
302 6351 4212 8842 1315 5075 688 9937 9533 7021 4297 73 2284 745 6020 8722 427 
303 7762 7699 1670 7267 7787 2256 4719 8340 6496 3312 425 9873 8434 2915 9195 2850 6085 753 3891 4965 30 2340 6889 3936 5412 9968 2643 
304 79 8910 847 8345 5175 7956 1762 1534 8688 13 569 9362 2555 9285 5386 9578 4587 8449 768 4032 308 5149 3836 2986 3914 7413 6547 2 
305 6635 9259 9478 9645 6044 1929 1984 5751 6457 8466 9674 6410 8083 3713 5208 2327 3936 
306 2870 5645 5212 7314 6748 8816 7037 5748 1380 2986 420 8004 3754 1647 5097 1187 9184 9812 3488 6318 2774 5677 2060 135 
307 707 9349 2486 4507 2810 9757 9579 9755 5294 5901 6743 172 4243 7331 9481 9178 9928 1961 4967 5507 2893 658 6312 1625 7762 
308 3103 4286 3032 6385 1711 2970 3160 5802 5795 6526 1125 18 8331 2601 5268 6736 7456 202 862 6270 63 518 8341 3550 9179 5006 5504 569 2537 843 7880 1984 7652 
309 5340 1774 3642 5011 9107 1672 1727 4097 5273 9209 8799 9533 4340 523 4958 
310 4855 2643 4442 8125 7438 3111 3376 3227 6406 2401 7399 2319 5728 8478 3377 7054 5596 9309 4132 5920 3572 8085 8840 9260 2304 625 1164 935 399 8332 9848 
311 8711 1260 1336 695 6613 6863 3319 8878 2884 1348 4845 8677 7770 2552 8275 8720 7153 3994 6310 7066 9120 8566 3074 9129 
312 6014 6547 9968 130 3231 9834 5534 6695 3016 5339 6776 7741 6452 8316 9948 4108 824 1083 9075 
313 6021 8462 2422 7486 2929 2074 663 1761 895 7525 463 9295 2787 847 4584 6979 535 4051 6482 6967 1622 2079 728 3304 4705 5543 6538 2773 
314 6030 6538 30 2867 1940 3409 2721 804 3669 3535 2925 5514 7582 2837 53 9495 8624 5072 3858 4400 901 3586 
315 6666 3284 2643 745 7172 5364 2819 9524 6632 98 5158 8104 6962 9548 8431 3074 
316 7795 5962 603 7806 5587 8067 4933 7309 6572 8678 2173 3271 2208 8431 7438 863 1454 5064 
317 8687 4970 5737 5875 5950 6777 9474 3633 2638 6480 2725 6959 8811 60 4923 3012 3074 
318 2480 2983 1364 4879 7657 2168 1978 2639 5388 8518 9866 4688 468 7988 3342 6590 6938 9443 
319 2327 1238 220 9083 376 1858 6859 9159 310 6512 8294 9255 742 4742 1745 8864 1865 8594 4926 7355 7159 1637 2538 7438 79 1496 
320 7713 9347 8797 1465 4616 1425 2737 3743 2344 2591 4832 8145 7980 1694 2391 7551 555 6793 7565 7055 2962 7296 
321 2407 2146 5234 3675 8363 5150 6465 1220 9376 379 7647 2286 2240 7393 8163 4309 897 2063 7943 2962 4107 183 
322 979 5848 6827 935 4453 5947 9526 1137 6811 8819 3200 4109 4846 753 541 925 4985 8387 
323 76 5111 7013 3607 7725 8856 3308 9676 2101 7244 8143 6725 9625 6575 1403 2983 1995 2288 5748 
324 9211 8635 7062 2486 2314 4590 8603 7148 9000 8276 7874 2685 9007 
325 4352 1289 1091 6671 1668 1779 9453 2464 5785 137 5098 6352 4256 5876 7340 3208 9012 5962 6407 6505 2414 2555 6101 259 
326 183 8583 7293 5623 6997 39 4778 5446 4510 8952 3075 2310 401 525 8788 7213 8495 
327 5340 105 4884 5193 8539 3230 2029 1557 1798 9199 8403 77 6266 2985 9483 9145 2709 9372 1253 1815 9156 3792 6945 9107 6938 
328 427 6538 9551 9848 709 2771 1859 9499 3864 3485 6543 7652 5734 8235 4955 5359 6397 566 3624 2145 6054 5412 6687 259 6692 
329 4783 6166 3521 6991 843 2302 2355 5375 608 440 6020 1753 216 2749 2962 5445 7120 
330 2288 5580 2978 6770 1365 9930 2000 3298 9232 2629 9103 9763 7440 4696 5553 1042 3758 6141 979 
331 3032 6771 7191 2232 2155 3003 9262 7972 662 170 7831 1958 908 8448 6498 3650 1934 9988 3102 1328 5446 745 
332 9013 7210 5758 358 1523 7199 255 9090 2683 8086 7074 3385 5684 7805 2975 802 8130 105 7762 
333 2439 1206 9775 9804 390 4924 8113 8122 7012 1772 970 5512 3586 750 3527 3902 3432 1117 1025 9114 7883 
334 3877 1105 5848 7833 3673 7064 9129 7435 3699 3066 9007 2211 183 2197 6192 476 773 926 3194 5803 6269 1668 2404 3012 
335 8470 2064 8135 5690 2264 5384 6434 559 8150 5169 2594 1324 7498 1731 2440 2065 5219 2986 475 1822 5758 5645 5848 6613 
336 1752 8218 7719 7137 6712 2833 1832 3373 5366 8374 8631 2955 8520 5871 7153 9842 2 
337 5437 6423 575 6343 4667 722 380 4409 3533 8832 727 5653 4806 412 7119 8786 227 3830 9615 1774 5762 
338 7200 3408 5992 9261 7185 3381 9717 7762 7663 1746 8997 6465 312 4982 1073 8160 1580 
339 7044 5112 9436 4517 9337 8651 4664 5797 3275 2690 6222 2288 6436 5973 8758 1903 1148 8988 2822 7887 3982 8043 7880 3074 8125 1668 
340 3363 9027 643 6149 4951 2247 7762 5062 3889 8888 8572 1086 5379 760 5628 3086 881 8464 7232 4558 8293 9968 4314 2340 3783 2288 
341 9160 8663 583 7895 5661 4497 7452 5330 4575 116 2616 9984 1717 2027 2488 1765 3192 5775 3434 4494 
342 5898 7285 4310 8136 9197 465 2674 1567 1092 3532 1398 5055 8882 3992 45 7513 205 
343 6482 3555 7143 9884 5781 8671 4292 5926 6824 520 918 9613 1299 4765 
344 9301 4901 783 7796 7746 6574 5833 5170 7338 5160 2301 352 7194 1588 3758 2413 2970 6251 1986 8470 
345 5677 5715 3051 5546 2951 354 446 7065 2126 1802 2473 5574 3927 7660 4901 2986 
346 3720 9301 7041 7291 2416 5724 8249 8129 3189 7567 5608 2285 574 7053 4605 4356 8844 3354 9197 4855 6672 8406 
347 1454 3723 5996 3870 935 3256 9876 631 5431 8372 3746 9225 665 6947 3936 6550 7732 7997 
348 951 9908 6827 2465 81 7851 3818 5880 4053 1271 4325 9946 9705 6177 2834 4855 3182 367 2858 6547 7240 935 5869 
349 7012 2114 511 5726 3 9026 9370 303 3344 7395 8278 1091 7824 3803 5511 4199 7844 7354 951 2741 238 3936 
350 321 238 9968 3456 4546 2483 8084 1395 3397 2618 4334 1113 8357 9018 6564 4200 6545 7652 3543 
351 5869 3064 1610 4765 8333 4171 8662 7055 6123 868 393 3794 2881 9415 1662 7524 7456 6028 9903 9968 6101 
352 6534 8812 9955 5572 6903 896 3163 7233 6705 7598 5385 2877 1009 6880 7965 6490 2325 1625 2456 3431 1743 3959 992 9113 9968 7517 5715 
353 712 4628 3697 4129 6758 8242 4613 5997 8595 5181 8640 109 4754 8965 1601 199 155 4314 5445 3936 321 
354 9990 7438 2518 5163 4269 1505 6945 254 4661 3883 5756 756 9936 412 4677 6960 9400 2120 2757 1 1925 5007 7546 2790 7736 4660 5962 5507 3023 9968 
355 3537 569 6681 977 5178 4249 9749 4976 2560 5255 5298 8851 3564 1248 3937 4302 4901 1299 
356 8907 3509 7278 5980 9385 6893 4997 8936 8659 1451 9708 7496 9070 8666 541 2669 4404 2999 1534 4326 
357 3982 1299 8908 6810 4788 8938 4635 1311 5941 8421 6628 1349 1508 6204 1005 
358 3894 2155 9218 1141 5755 8293 212 5634 7981 246 6076 8757 3805 9217 2673 8621 8922 148 
359 7732 6986 9713 7699 6458 9160 1219 8852 5670 5342 3736 3832 5578 7272 2269 8599 2708 7379 2839 5601 9968 2790 8711 447 7949 
360 6178 2209 321 443 9244 5925 4946 2767 4739 1901 6709 4565 8661 7652 9426 8171 7974 9223 9386 9677 7545 3584 2615 6613 4035 
361 9979 2085 708 6955 3876 7739 4579 3888 9591 776 9286 454 6878 6597 3107 9129 
362 6946 4104 7260 7095 758 3524 1231 2728 6005 2093 2317 3082 398 6021 1945 3561 6404 925 2565 5053 7902 4340 7762 
363 1145 467 8362 3936 5053 7611 5035 4127 5951 8376 1240 2825 1998 1718 8439 1149 4624 6547 
364 979 4842 4311 8708 6230 1373 4145 8310 4743 6462 51 7001 677 5412 2735 905 1431 8140 5662 6324 
365 4045 6772 8927 1920 7239 5678 3661 8555 223 3155 7414 9387 1778 9356 8828 8887 5660 427 321 9533 1134 5748 3894 
366 5775 8922 4437 475 8081 1628 5434 6815 8124 1670 9904 6768 8883 5597 8706 812 4415 8732 1611 7892 8796 4764 3393 3160 9139 
367 6413 8713 7243 9669 238 1294 3939 4153 2242 4535 3968 2904 8697 259 8406 7240 
368 2774 6028 7413 8106 3345 324 1866 2333 8045 3404 8483 2288 9718 3577 847 5054 9238 5860 
369 9903 2398 2254 8446 5850 6906 37 2557 1688 8623 4004 6327 3240 8218 5962 2327 
370 2128 1884 5787 1481 7324 8948 7676 5168 9808 7945 8370 6161 8105 6101 
371 2058 541 2875 3020 3704 8030 4063 5067 6614 305 5945 5484 8625 6167 5436 5359 569 2288 
372 9688 640 5387 7607 5292 4324 1297 6808 6844 3219 7616 2559 287 5271 9292 1411 1055 2227 4393 450 7742 3545 1670 8462 1979 5762 
373 6001 7998 3666 5855 8562 9368 494 1060 7337 7323 5295 7174 3410 5852 5508 3245 3982 259 
374 3513 7732 6130 6914 8319 2885 1344 3148 3593 8138 8355 4174 7576 9699 2013 9007 1339 6613 
375 5219 1956 5862 2583 6099 7811 2736 5230 5868 815 5183 6570 9781 4812 7865 5089 6047 8722 4079 6547 1868 9931 8994 8387 3032 569 7153 
376 3830 5483 2030 1846 438 7056 935 8231 2994 521 345 9691 1675 6086 3710 2907 7924 7275 9826 2327 1812 1668 
377 2458 5270 955 7720 7575 6683 5362 1281 1272 2820 5906 5250 4542 6966 6226 5209 1000 3281 527 
378 9040 412 9604 858 3792 9167 8630 7182 7797 4694 6121 5229 9597 7787 6295 6327 2121 
379 2426 4068 3425 648 6234 4905 9657 719 2369 1422 3366 8808 8438 62 1668 6458 
380 518 5349 1889 9751 1387 183 674 9544 4999 2134 762 5299 382 5709 2469 9010 3408 3203 3830 5715 3376 3894 
381 5702 4302 3520 7951 1955 3983 8248 4413 129 9747 4609 7629 9915 9086 2732 3362 7932 3877 8406 5715 
382 6470 9043 3533 6487 8893 1781 3069 931 4441 5013 8164 9363 4390 6026 991 7055 2962 979 
383 935 2679 372 6534 1296 1010 8284 8919 7554 3860 4296 7455 7883 7449 2148 1194 3320 6178 9301 450 1153 148 5064 5715 
384 6528 1181 5054 7347 6970 131 1878 1941 5182 4644 6774 6534 1627 8746 8264 3623 6466 5921 
385 4340 9224 3602 3432 755 660 1570 8189 6677 8994 413 8614 6362 2095 4327 5676 7728 8535 1769 3976 9867 6934 9841 2803 9778 5194 8512 3830 
386 6778 208 6717 6048 2633 4095 8456 6773 1252 2463 5402 1277 4815 8564 8457 2270 5848 2426 8266 5887 8212 7219 7457 1176 2615 5099 7438 5715 
387 8212 2346 7629 1164 5365 6829 5515 5264 28 88 3132 7362 7226 9331 7985 6488 183 7077 7153 
388 8150 9216 1579 2540 8360 721 6818 879 4438 7359 162 2962 1126 3757 776 9533 3936 2240 6534 2340 2121 9968 
389 7049 4399 6836 3789 6891 2542 3885 3610 9301 2844 2524 6040 7693 4820 6917 4189 6474 6920 6756 8711 5869 
390 6285 3937 7733 4705 374 8392 8994 4610 2939 554 8800 5643 7751 1445 9802 6174 3151 8140 1129 233 2630 79 9519 2 7857 6986 8830 208 131 1066 8125 
391 6967 1252 2943 2794 5972 4152 4828 1679 1559 5990 7132 8590 833 9075 
392 3575 2175 3496 3819 5458 933 3296 8440 300 8916 3489 7242 4650 6235 2951 4855 
393 7736 1731 1174 5177 7261 4572 8286 2 5682 6044 739 5107 7495 2777 8064 7361 8713 9273 9834 7874 427 3894 3982 
394 3541 132 2543 2 3806 9224 2452 1185 1351 6576 43 4377 9906 9682 7121 6504 7032 2838 745 
395 6737 8958 1981 8491 4692 3656 5161 7192 4522 948 2271 6716 817 4791 2051 8459 1922 321 8008 3894 5219 2555 
396 4234 1287 4965 8994 3394 5370 9883 3293 8447 8996 2447 5155 8088 198 7088 5412 6538 9968 
397 2109 3468 8644 1050 5443 3657 5214 8841 3134 5145 4449 8296 522 3327 8196 1376 1803 9013 5307 7699 2288 
398 3285 8121 673 5457 5995 2569 4602 8116 5355 751 5638 9381 4757 5877 9138 1853 919 8011 6146 4326 3158 7762 
399 745 9600 3597 1805 4035 2192 4434 9423 2769 3592 6944 1801 8756 5727 6467 3792 5412 
400 4527 1557 9720 6669 4658 9594 1719 9185 5216 7141 3159 61 2954 8592 474 6613 1177 4577 3948 5439 5220 1799 269 
401 427 5902 9480 3164 8790 6388 8722 4257 2050 8119 7503 1652 9743 5374 9197 6753 1446 3106 6465 6054 2986 
402 4199 9085 1238 2746 2580 6968 9453 6133 7009 6119 5533 7748 1228 6396 3551 1289 9842 
403 7413 7429 925 6938 5446 5090 5433 1227 3434 3025 8170 3267 7780 5082 553 4411 2366 6364 6862 8747 7408 6667 2904 780 5880 188 8644 2555 447 2986 
404 3783 5857 4755 9208 6973 997 8177 2097 8033 4917 8615 597 6065 7360 3541 2 5307 8663 4679 9023 7296 450 8125 
405 5326 3079 7085 9003 683 3093 2139 1436 276 8935 7008 1959 8388 2433 3415 2973 2799 1957 2434 8946 452 9199 6613 
406 6486 8439 9467 8259 8628 3375 1233 5317 5340 3395 4938 4026 6873 3822 1193 5063 9280 7615 2662 321 
407 4108 3074 2554 4021 4047 1449 5468 6594 4133 4218 9043 6025 1695 9182 3422 737 6581 6923 2263 8991 6196 979 4199 
408 1774 6324 9684 3238 3670 3562 5223 1616 9568 4940 8432 8152 7458 3350 719 2121 4377 4176 
409 9533 9806 910 1117 4695 4728 4901 273 4054 3417 2533 7802 1360 7969 3337 2115 488 4763 6819 3446 3894 5340 116 9139 8908 9565 4517 935 
410 8105 1256 6196 6503 5122 513 6311 6883 6049 2099 9615 5311 1514 2924 4062 7510 6655 4523 1105 
411 4091 450 7549 3297 9391 3797 6898 1834 6618 5565 271 2872 1640 6348 6602 7552 4401 3543 7949 
412 8896 9004 6588 7856 3895 8658 5695 4671 9341 4903 9833 3537 9566 830 79 2952 6405 2114 3371 3783 
413 1979 3958 9032 5504 6269 6075 6652 4684 1833 6610 4308 5889 2265 4444 5143 6984 9268 7643 3871 7256 9141 2194 206 1159 5027 321 2422 8922 2752 352 4045 9968 3111 
414 3106 4134 2673 2589 6739 1305 7123 110 227 9608 4591 8899 829 9602 9047 2066 2729 9066 3099 8969 4558 3202 1496 3009 7964 3022 1476 7736 
415 5656 3225 7949 6141 1680 4607 4805 4134 6478 1880 1650 7049 1541 9968 1202 7327 5874 3104 6635 7055 9483 
416 3982 1105 9007 8157 5065 7356 1992 7613 3376 3690 5276 9314 5093 3512 1895 9129 7652 8733 3675 6099 1401 2904 
417 6584 4159 167 7088 6494 8660 7180 8204 5663 9222 5968 9784 7130 9008 3567 6258 
418 8618 108 9940 5307 2038 1749 2750 9609 7034 1026 7781 9296 1715 1424 6939 8190 1576 4042 2003 6327 
419 7949 246 1512 8195 8854 2335 1845 6701 4821 1696 5836 4013 6150 9628 235 1840 7656 4717 2058 9483 4985 
420 7153 9637 7304 7151 4766 714 9920 6225 2177 2590 7028 8519 1419 9401 4480 6413 5607 2001 2583 4985 9199 7864 1668 7699 
421 3427 4893 1948 8815 3474 9901 5536 1773 1072 1118 4741 7006 5040 1851 637 4286 4169 8125 4314 761 7321 5869 6790 
422 4340 5359 8445 7641 1956 4203 6840 5742 6928 8224 2240 9366 3531 6231 3763 5056 9057 2902 2651 3541 5307 6101 
423 6153 4760 4928 3316 9842 1538 9332 979 352 6584 7939 7296 9638 4369 9460 2407 8711 3096 3742 8367 1645 1061 2272 2283 5704 2074 5962 3012 
424 7883 2240 2175 457 5029 7280 6296 3821 9688 3146 7893 4985 2233 7810 4892 4502 5081 4581 3644 7183 979 935 6030 
425 1125 7699 1647 652 2475 3465 2403 2462 8361 5880 2546 2549 5438 2655 6583 2536 347 2723 7246 2892 5412 9970 4527 569 238 321 
426 551 3095 3991 7713 6116 8009 4920 449 593 6926 8035 2847 6390 2685 7153 3982 7762 321 2962 
427 3379 7457 4462 243 1034 2294 2878 8062 6147 5381 6382 3613 1136 2555 7806 7153 5507 
428 8116 8343 776 1510 1292 6842 4627 4150 7302 1381 9008 4379 1536 3616 7591 4191 3398 6041 2962 5423 6161 
429 5307 6141 79 3784 6280 7521 860 4913 4036 8649 9045 9023 8036 8809 9176 2255 7702 9534 7436 5074 9448 3659 3758 9573 9129 6021 
430 6549 33 8156 8202 8558 6879 7017 6803 8359 4041 3070 3543 6258 
431 3865 5162 953 1412 7836 67 3235 9502 8846 7804 8667 7732 8431 
432 2555 8634 7138 7762 4586 6260 8052 8738 7632 3975 3214 6940 4340 8175 2350 8655 1500 1625 4034 4619 8722 2480 9453 
433 9139 8428 9903 3576 6338 5103 2161 7116 6034 4039 8853 7197 2058 4762 4553 374 1042 6101 9310 5643 1013 7852 2630 450 2962 
434 9709 8049 456 6729 4420 3307 2712 8180 8501 6447 7085 9653 5705 9062 4668 267 6580 2707 8687 2480 1496 780 2155 1668 
435 1025 2274 4178 1937 1661 4906 6722 4960 6309 8463 725 1361 849 860 6336 9374 
436 9731 155 5445 3119 6250 3823 5946 3706 1130 9091 1794 3638 2701 7668 6203 3900 3752 293 8992 932 1383 
437 6101 1117 2962 7126 7634 524 190 5026 6015 3154 690 1369 1426 9044 9097 3169 2368 21 2969 8423 6060 2932 4843 6134 9244 
438 3894 4749 1299 6853 5793 7536 2783 9162 9886 2532 5905 5754 3473 4044 38 726 2666 7254 2458 3376 447 7997 7736 9842 
439 6611 2100 8711 5104 3863 6673 482 1147 7597 7207 9868 5554 7987 4512 7816 8132 2704 5880 7153 
440 1942 2327 7459 6011 691 2409 8060 2895 3088 4511 8712 5302 2887 3835 7862 5890 1690 2043 6160 5985 3146 3783 1774 4311 569 8491 
441 9842 3707 7253 592 8610 3845 6573 6837 1182 5154 8921 7949 4360 8894 1979 2962 3877 2240 
442 9206 8978 102 8461 6356 7978 5743 9042 9931 2920 4437 6899 6547 5769 8611 6624 4141 5880 1774 
443 447 527 5815 9256 6938 4580 6613 9805 7490 4199 8250 2264 8764 406 2337 7157 2087 9506 8183 9199 2136 1763 9244 9533 2555 321 
444 1571 3792 9822 670 9837 2879 2911 8486 646 2906 1786 979 7024 4824 6173 2870 8914 3083 36 3926 7426 8987 1319 4151 447 
445 8431 5752 2019 2806 4973 2135 1876 142 3985 1432 7301 7277 2800 2858 4027 2264 321 
446 647 9260 8134 4463 675 1323 8686 1898 5909 7336 4529 1121 6809 6414 4389 2555 7736 6603 9821 2445 9198 7162 9123 2225 4915 5005 3077 7732 6613 1534 
447 9007 2060 4528 9265 5668 218 8681 7082 792 4365 987 6103 8077 5658 6636 9275 7650 6249 3680 5212 1731 2875 
448 4341 7569 2003 759 7349 8480 4785 779 5157 7307 3250 3825 9914 496 4552 1956 838 5471 3163 1668 
449 5132 1855 4299 3495 112 8995 5461 1107 1994 5199 191 5635 8366 4619 2615 7419 9265 4901 
450 6608 5553 7147 1167 7048 865 6014 2962 9635 5358 6999 7108 5671 7991 3023 9146 1466 3004 1663 8513 7786 2155 8068 5862 6899 979 
451 8716 3914 267 1572 9947 6786 2666 2513 2239 8748 4645 9740 2505 8337 8350 2545 4173 3508 5817 4478 1874 2962 6196 1489 7826 6216 7023 7511 9709 2264 3379 5762 427 7438 
452 4660 3236 7861 9485 4066 7350 1310 7169 9442 9086 343 4702 9945 1340 2102 5978 9839 6884 745 1571 7296 3877 6327 5880 
453 3728 6778 4567 4294 9364 8574 5416 8054 8967 4836 2947 2438 7381 3031 480 1609 3140 6889 2158 6672 
454 8484 6073 6980 4300 1264 733 9013 1888 331 8804 8134 1111 2823 1602 3869 6250 251 177 4286 5033 8387 
455 5043 6070 1852 3117 5730 9719 6484 6408 7902 7484 6067 7188 5943 5236 8467 4772 2345 6331 4636 5340 1256 2240 
456 4664 4670 2828 4491 3460 8097 2449 9069 5928 9903 3318 1421 816 2138 5130 2842 8345 1668 8293 7120 5677 
457 3243 7659 6046 1077 10 6327 4176 7819 9388 8469 1012 6394 9399 9553 1134 9903 
458 5437 7845 3752 1176 3052 8125 9563 7212 2111 6104 8548 2804 9060 8906 8608 6091 6333 9270 3914 7652 9852 3012 
459 6281 7899 2158 6327 9354 5997 5474 8925 5884 4527 8451 3683 447 7448 1007 4382 4040 7566 2262 4786 5838 1698 2379 6061 9955 7699 3074 8387 9545 2121 7652 
460 6467 1066 1962 7604 1651 9149 7209 7651 52 8643 2963 1409 5353 1430 5097 9139 79 
461 9573 8880 7039 9005 9728 3999 5415 3292 8093 4706 3694 7104 7005 4943 8352 3982 
462 6258 6327 6134 2569 2340 8371 8715 3050 641 6741 8653 2537 1808 856 9758 5506 2394 5924 2666 
463 523 6731 7568 8822 1646 6487 2599 5156 2226 1459 9529 7966 4070 6378 906 3377 3958 6635 8406 321 
464 1657 9014 9569 2202 4341 8191 8301 8569 6238 1161 3786 2119 4167 5869 5748 7949 5112 6467 6938 
465 6692 7630 2773 2979 9545 8055 4504 5788 3923 2730 1625 111 1969 2643 3098 4307 150 1668 715 7773 3518 2936 7227 1984 4928 4317 4526 183 3521 
466 3007 6184 707 2313 5200 2222 5649 4643 381 3499 9641 2448 4094 8722 7280 2288 
467 9023 9933 2565 745 9555 8911 770 601 4397 3255 8125 3079 9986 9254 8338 7562 7382 3722 7901 732 8826 8293 1353 9545 
468 8644 3781 6332 7290 3234 5254 6257 1301 349 1524 5444 7767 1237 633 3830 884 7022 7330 4352 1791 5948 2322 
469 8256 4055 1036 6941 7373 8632 1774 6449 1461 323 6256 7204 9171 3280 2129 9952 352 399 7413 
470 4252 9815 4771 9507 8061 1337 4557 2418 2137 7234 6983 9301 8924 8041 1655 1605 1668 1081 1167 7153 
471 6899 5033 9224 5185 126 9753 5583 3211 5842 4652 8258 5888 7305 9626 6734 374 5038 8387 2288 
472 3507 550 1555 6833 5826 2711 1353 388 9438 2680 2331 328 6871 9950 6050 6030 2575 7314 1401 9955 9480 9990 8994 9669 1343 8812 2643 
473 5962 9107 952 395 937 6134 9281 4340 6053 1569 4433 3596 6473 3330 8114 5356 7063 5770 5350 152 7993 6448 7469 2986 5412 
474 6650 6024 3586 9885 2692 2292 1997 1521 2466 8484 3368 5752 661 5556 3274 2273 8521 4765 8531 2209 4326 7864 7699 
475 7367 7511 638 9233 915 2890 512 9731 8117 9618 163 7285 8528 195 3810 4854 149 5307 1173 4020 
476 8130 8512 1391 1020 2121 7949 4798 5459 5655 7677 4464 2117 1752 9592 1571 1342 5715 647 4386 5683 8023 4388 6584 5962 7296 
477 6545 9931 1328 6613 6550 6236 6063 232 7202 3371 8949 8270 9712 5897 8928 123 4493 2661 979 3621 5127 8443 7118 3077 9224 7694 5509 1145 745 1353 9007 
478 4222 2240 2382 5333 6214 4501 8723 5715 8308 6990 6825 1138 3273 3264 1516 632 4398 369 
479 7880 3190 405 8855 6163 956 1132 6978 8907 2248 4240 9344 2614 6357 147 8378 427 3195 3043 2555 9533 
480 6672 8794 3630 5677 352 5400 2866 8005 5045 784 3056 2376 1124 5189 532 3260 9308 1480 4531 8767 6726 6082 8947 1570 8062 3012 4199 935 
481 4314 4728 2685 7361 5397 7068 4537 7133 5659 3552 3798 8578 5716 7477 6521 4549 6919 1831 8843 2406 3682 805 24 133 8794 2643 
482 2322 2651 7285 4526 8314 1065 5891 7642 827 6339 5761 5625 7880 8174 8651 7379 7732 8406 1668 
483 6404 8841 7806 3251 2847 9887 5418 944 8793 2512 9030 3141 6648 5936 238 4860 3438 967 4402 2125 2407 8910 9013 79 2 
484 9669 5710 7216 8814 9697 639 2873 1019 3147 3149 7117 8734 789 2005 1838 1180 9349 5573 7997 4893 838 2555 
485 2790 3074 4801 1736 1293 5768 2156 2144 6633 6685 6728 4566 7353 9971 3901 4882 4703 8759 4689 7949 6537 6100 9666 8883 6044 2288 5437 7699 5962 
486 9199 6978 813 6698 687 7952 7259 8644 9711 1807 7386 1314 3543 5207 1434 8327 8141 4220 2315 1784 7268 3376 9467 
487 5880 4343 9425 4925 1522 2235 2136 4024 8107 1037 7480 939 6630 262 7478 4001 7483 707 8406 3074 7296 
488 450 6258 7919 3352 1685 9087 6059 3967 514 5031 4531 6229 6839 5341 8999 2282 7295 7061 3507 6847 3074 2611 5880 4199 
489 753 5462 6790 8176 1935 731 934 1241 5406 4148 6468 526 7033 2802 2596 9035 563 1752 6424 8396 6458 
490 3081 5253 6555 3121 1377 2798 9942 6908 6780 4969 7608 5319 1591 2643 
491 8043 7852 2001 5288 1354 44 6082 9624 1120 1198 3388 6329 3382 7544 8957 7740 2114 
492 7219 7320 5507 744 175 2339 1639 8823 7210 8689 5272 7638 8002 5830 7950 3936 
493 2136 4752 7948 56 8210 2608 6476 2747 7777 4442 1236 1817 3521 412 1982 2475 1657 3955 8495 7840 7176 1984 6021 3012 
494 3395 325 7987 4639 6226 4606 3005 6101 8304 7391 9611 4198 9660 3042 4012 9468 7 4008 1600 321 5064 139 6855 8498 374 7438 
495 1750 7193 7206 46 5993 3795 676 8743 2811 7153 2909 6045 701 511 7791 893 1561 8207 3740 256 3583 2019 6011 2870 9930 
496 8387 5860 1139 1504 6095 5895 7321 8581 3970 3144 1366 9930 4326 5343 1464 8336 8345 9430 4078 3936 7025 9794 5617 4989 8696 4209 1465 7762 7883 321 
497 4886 7057 8787 329 9315 3987 4027 2660 1457 4733 7709 4853 5956 4716 9547 8879 4022 2518 
498 6170 6360 2986 4843 259 8690 2288 3013 1624 9803 1209 5109 7880 3336 9239 6711 3002 6764 2840 4663 5083 
499 935 867 5654 2321 7852 8245 671 6738 2017 8719 1402 7504 8622 104 8685 319 2602 6117 7258 6467 1752 9160 6101 
