500
0 3261 2892 5005 1791 9807 7474 148 9021 8043 1470 7561 6472 3469 2645 1207 8413 8741 1981 979 
1 2349 8987 6054 1924 8699 6205 4010 1375 5790 2207 2816 241 9079 2427 8896 9968 5660 2437 1083 
2 7 1216 3963 5085 4092 5244 5706 9231 4332 3608 1022 7308 7949 6797 4965 2685 9848 
3 7296 6613 4230 4260 4541 2784 874 1476 1098 5300 5622 5827 6956 1665 9464 4076 2258 325 6676 7575 979 4180 
4 2413 3950 9993 5232 9878 3802 8832 1973 8768 9577 4319 4646 9683 3828 8618 5962 2555 4314 1668 4401 5848 7438 6613 
5 6676 3731 1396 9169 8217 5258 6986 4439 7467 7834 3762 6915 6617 8343 3087 4589 7753 7992 1444 9093 1188 7206 7429 155 8994 
6 2555 4958 3012 1625 2028 5948 6061 5979 2640 5621 6412 9040 117 9698 1087 705 4412 6826 27 7413 3304 5848 4340 6613 
7 8284 8726 9205 6653 4223 6598 4029 4744 2152 9075 8121 9564 7265 1882 1872 7519 6482 5507 
8 8994 8125 7997 5783 8487 9733 8696 5748 7842 5228 1452 1615 1472 654 9096 1183 1205 1084 8279 5259 1943 3875 3678 3925 9739 7845 3144 7856 30 1871 9301 321 2986 
9 8498 3113 1822 8352 6062 6692 8683 622 7463 4226 7266 837 3391 3176 7574 5977 4869 196 9733 8495 7553 2327 
10 5981 6762 697 6170 4569 1303 2480 5131 1299 7672 2868 2175 4074 9342 947 2067 114 4985 2155 4855 7438 
11 4170 5072 1728 7026 9464 1157 9745 889 1477 5652 4875 128 1617 8580 8637 2471 2490 76 9023 4728 
12 2555 3073 2577 828 8981 6831 389 4626 720 580 4500 4435 4014 4454 3326 2155 2288 
13 1343 8089 210 5188 253 3588 311 7837 490 4662 617 6433 4448 2041 5677 2892 6067 4314 4326 745 8722 
14 3885 88 4356 4352 252 2342 5171 1535 700 780 304 7228 71 9303 493 8364 8277 4978 5239 
15 935 7782 2182 5451 4151 4907 2652 8874 7829 7772 8028 945 6651 2320 7572 602 6766 9019 2959 4135 560 3982 8069 4957 5322 1668 1871 8994 2240 
16 9991 7888 4071 9244 1556 9014 4336 7014 4921 4776 3339 5196 4124 1774 7825 1496 991 6482 5097 8512 6464 6458 
17 1123 950 5907 7431 8068 9194 3836 105 3038 2243 1467 2430 7427 4859 6270 1956 4855 
18 8005 8332 9465 7120 3268 6931 5064 4596 7000 4213 2988 7815 9202 5307 5479 9976 7299 3758 4728 5237 6733 1989 2491 6082 9404 1984 3543 
19 4326 3371 4060 8858 5155 2598 8221 6696 1212 5269 2782 976 3884 7721 6461 1956 2663 5739 9601 9007 7426 3950 2962 2555 
20 3320 6201 1031 3877 836 8639 7296 6694 644 4547 4538 4597 8007 2623 1823 2707 5326 7575 
21 1580 2760 5509 8017 6400 8455 1101 2986 5126 3222 4954 9848 4855 4816 215 7372 297 2324 6233 9859 5915 7699 
22 9290 7165 3173 5679 7605 1168 2195 8860 4904 2024 1766 7126 8841 352 6082 9968 
23 7153 9689 5409 8754 4306 2595 9125 3418 3790 6325 8193 2451 200 5376 8438 4884 5359 8293 8386 9709 7997 8883 6404 7736 238 5507 6584 2288 
24 454 4176 2123 8989 4945 1259 1867 2071 9835 2937 4664 3701 9532 3467 2812 8428 3236 1981 5014 7474 7120 
25 3584 9008 8863 1282 8959 2037 624 1408 5721 4687 4666 3913 3719 6852 3027 9244 7751 8470 4314 
26 3836 732 6785 5064 8636 689 5303 3872 4990 3457 2155 1420 2724 6749 1946 7285 1083 1774 5962 9545 
27 5412 7055 4027 8830 5643 9496 9982 5069 569 3174 8268 2597 8473 5834 9135 4556 7161 3122 5572 3984 2297 3943 712 6139 7874 7296 3830 5341 3543 3836 
28 1429 9968 5341 5412 2858 8344 8531 4784 8931 834 9435 1917 4844 4486 455 699 5747 6281 5278 8524 6148 1806 5632 9443 685 7344 4293 6049 4199 
29 8293 6920 2842 6438 6702 3355 6787 79 2234 5275 504 1601 4136 9 8297 7134 2437 9881 2182 
30 3612 139 9742 9505 8538 1307 2930 2373 2 4149 9768 9744 8048 5699 450 5962 
31 7710 5887 774 4912 6421 307 3110 7563 115 4674 6101 4551 1230 2555 8897 591 4107 8018 7759 9669 3752 9224 
32 4985 4626 8174 6374 7335 8040 7664 5166 3498 6532 9838 2946 84 1871 8523 5108 3705 9832 5903 8197 1763 936 8307 8812 1079 2240 3163 2209 8386 247 8125 9733 2288 4341 9270 
33 8396 200 3393 176 4086 1737 1528 2014 7883 4651 7885 3008 6187 3032 7281 2059 2934 7358 5242 3111 6029 7429 4957 2058 937 1979 
34 9930 4176 3077 1799 5413 151 2392 9241 6485 4513 5417 8792 3360 3986 3323 5939 106 3073 6817 3795 935 1774 
35 5156 2741 5866 221 6993 8139 8970 8137 8511 2835 2166 1747 2277 6561 7919 9615 1299 
36 9144 9187 9409 5912 6467 2240 5505 2322 571 5491 2361 3585 4377 4874 7873 9413 5307 7933 2003 7919 2790 9968 
37 2962 9640 802 7744 7296 5408 5982 7155 8784 981 8071 1533 7716 3687 5022 6687 9664 9783 755 6500 5451 4824 569 7413 5307 
38 7162 872 678 838 9235 7626 5338 7235 8680 8065 7614 8976 1468 9848 5167 5869 
39 1534 7751 476 6060 4717 1642 6699 1345 6198 1953 2016 7018 4726 8716 9707 2199 3525 41 2996 6827 2205 3316 5762 1797 2240 6258 3304 238 1774 
40 8293 979 3684 989 5219 873 5922 7681 966 3167 9538 8573 268 1966 9306 8408 2809 9459 4314 9607 8994 6281 9688 7219 3144 
41 2666 221 574 557 5548 2958 9522 5523 1796 5869 1491 2570 5060 3982 9352 8812 1397 5113 3286 7220 3686 94 9227 9228 3113 
42 1534 8593 2653 6193 9063 3515 8905 2411 6154 3348 5009 5282 3074 988 8954 8354 4199 
43 199 7920 9846 8179 3728 5594 8557 3891 2705 4363 7311 1648 5529 7864 2121 4314 
44 9780 6964 7581 9212 2510 7870 8382 2941 6165 9129 5677 6547 6404 4035 6584 
45 9834 6492 9199 9829 9414 4342 7060 7438 7422 1440 4931 2628 8050 3253 6775 3047 2 8384 3261 9025 2340 279 7949 5340 
46 8605 8990 4858 9152 823 3807 8477 8162 8866 9266 3526 2755 5656 7296 5412 
47 5880 6495 3679 8470 8031 3349 861 6582 7828 7962 20 148 4052 2422 6951 2304 7787 3363 3675 901 
48 7938 3814 2871 9968 3233 5180 8529 8095 9367 3857 3028 4482 139 5435 2332 7124 6327 2662 8994 7652 
49 6270 7434 4214 1702 3843 523 9605 1789 5195 2240 1577 2511 4290 3774 8542 9600 6073 8284 8043 3507 7413 
50 2613 6962 8223 6639 502 9528 1162 6497 3574 1691 6901 4488 4050 9822 6044 259 5748 6082 1979 
51 5762 7992 2768 9191 7485 4401 6301 6071 1439 9407 4679 626 6992 5151 5557 4126 408 3775 5748 8941 7083 3936 7306 9573 3750 6938 3023 8174 6528 
52 6938 9244 2962 5038 7742 6100 7755 1740 82 6925 6248 2731 6456 5201 6550 5106 4761 1582 3751 5778 2274 9023 
53 2383 8414 4834 8549 1666 8168 3356 3416 9770 7577 9028 6363 5595 5882 7736 6938 6020 3877 5014 2274 6270 7392 7517 2121 7699 8134 
54 2892 4765 5885 9623 9836 8579 6101 5440 7438 9535 3461 2206 8920 6492 2340 7031 1954 2530 7915 9088 4377 4624 
55 9120 1110 4804 2070 7855 427 1919 8144 356 7488 4073 2929 9016 2494 5527 2128 116 8830 3936 
56 9443 6447 4787 5492 3012 3047 3745 8702 8090 6662 7874 7665 656 5615 7092 6587 5564 7110 1262 9921 3566 9336 8214 2429 
57 4180 4539 9716 5969 7333 1390 3660 1557 8199 565 6013 1313 3185 3885 8994 3894 1979 9007 
58 8756 6137 1770 469 3916 7864 8300 9619 2544 2677 7075 3565 4140 9869 9450 7153 1565 8428 5654 4311 7026 935 4199 420 1534 9842 
59 9007 600 7989 6812 6897 9840 4950 9738 8752 8368 9545 4723 6902 941 9046 1774 9374 3012 9013 1625 2 
60 8883 9892 3386 6197 9911 7508 1016 7903 7 2457 1053 7479 6109 7929 453 5783 9443 2704 9129 2 
61 2900 5301 6547 4972 1122 6241 6054 3753 4419 364 42 5008 1979 6708 8022 3561 3894 1638 8005 
62 3232 1900 6509 5224 6727 2662 2240 1682 2568 6381 8102 451 8346 7413 7835 3996 1225 3423 1121 9230 1134 4035 6054 427 
63 250 9518 1175 5390 6541 5497 5804 1785 8953 4624 3138 5988 7619 7623 1195 2679 79 
64 3144 560 5110 7442 8125 3115 2626 3759 1283 9587 7231 5610 8431 9993 1916 6054 6827 8269 5340 2986 8005 
65 1546 3453 842 6144 6539 8582 1574 5135 5078 7782 4219 8813 3885 6114 2659 6600 9148 2945 6817 8125 4199 
66 6074 2147 1414 4156 7447 5735 497 696 935 8527 8208 7269 6458 607 9669 6675 2867 6306 6061 
67 3651 3549 6168 5428 4849 6299 5561 3548 9960 2563 753 7296 5748 6538 1524 4199 
68 3961 2422 2764 7115 2340 4080 2551 1892 6032 5251 7718 8305 1250 4225 9282 7880 3885 3936 
69 8134 3964 1430 3195 8894 2910 1918 8684 8729 6140 8663 1400 3210 6131 6801 7530 357 9900 1346 
70 5386 116 4367 6292 3505 6625 8522 1586 439 1119 2534 23 2987 7433 1598 8349 338 7736 9842 7997 6331 7200 5660 6369 7266 9270 1774 
71 1668 7949 8209 921 2897 286 793 2863 9330 7131 9917 4362 8508 6747 6752 9338 2432 136 8183 326 1429 5393 3166 1730 7289 7179 3074 1150 6635 5917 6073 8387 3981 3261 3830 8043 8406 4958 4341 5412 
72 9270 5698 6102 7135 3540 6491 4281 9299 4459 3161 9622 5544 4089 3995 2564 3543 
73 6889 4079 7771 8053 2184 1081 3102 8812 75 5503 3969 3584 4995 6218 336 6370 168 3263 6367 2788 2681 4837 7500 9732 3105 6547 6044 8994 1117 4199 
74 8325 478 6499 164 4888 1776 8243 5911 410 5923 8701 5631 3573 7800 9759 3543 2085 7517 7438 4619 5445 9374 3720 4340 
75 8722 6817 1734 6482 8309 9498 9961 5777 2476 4271 6656 6213 4704 3428 7585 7593 6232 7636 9678 8125 
76 9848 1763 1083 1515 3841 9470 8498 79 3882 8491 3120 6718 76 9954 7679 1788 9736 3721 2796 6003 7292 557 7153 1962 4457 850 7296 2240 3074 5715 4909 2155 9545 
77 8671 84 4168 8193 4890 3755 284 9433 2 8589 8151 7432 8238 4399 3213 5449 321 2064 2815 6642 9959 7806 3836 8396 6613 6404 6292 828 5862 7474 5219 3316 569 
78 247 8776 3049 1686 8986 8212 7004 5762 1678 9557 6316 8778 1275 213 5807 6986 2537 3207 2013 4728 7968 6054 
79 374 1140 7429 2057 585 6258 9075 9317 7205 4801 6346 2417 3783 4403 2252 7849 5347 1908 5020 4350 6611 2699 3074 3144 
80 8169 1319 9722 4831 4654 214 205 8761 4315 1435 3285 6710 7166 4027 3163 
81 7153 133 9677 7615 7606 4081 3048 1860 9055 9667 3747 5441 6640 5456 7329 655 5193 2157 9823 3602 4004 1195 2414 3936 2183 8841 2240 
82 2662 5869 3946 6963 9798 5124 9659 299 2818 9872 4721 2048 1626 4655 5871 1534 3543 8293 
83 7709 9299 8022 1780 9548 8900 6615 7078 6952 72 7669 4320 7601 2231 2390 7771 5266 1358 4533 8740 7097 8167 2643 7266 
84 2615 3022 9025 4035 1710 1044 283 9188 9636 1389 4852 6280 5532 7459 8613 9962 9301 249 5966 5053 2412 5962 
85 1625 8248 4350 2485 1106 1757 2032 1040 7590 5004 7443 7507 6210 2470 7927 4184 7438 
86 4385 6797 6734 9704 5117 2892 3958 6110 6237 3282 9944 1914 7418 7783 3711 6631 1429 863 4134 8439 7285 1871 9075 3074 
87 3586 496 5871 2846 2307 5825 8493 2496 1218 9741 3316 7968 8736 2295 9511 1003 6052 3850 652 2733 2685 9007 6049 
88 5780 5097 8495 4641 9953 3662 3156 6730 996 6850 4229 1597 3059 2555 5412 
89 2263 8387 9293 8831 8306 8373 9820 7707 7545 1428 2408 5680 2092 6892 9422 2340 4886 5400 3371 6920 6258 
90 6547 9483 1554 8904 7752 5555 4847 1208 2266 4244 4175 605 1308 8000 6644 9289 9418 148 1391 7429 450 5006 9834 4311 8644 6424 110 1353 
91 447 5547 3053 2600 3092 8836 3545 2128 1585 6403 8586 1356 8604 2121 9761 4147 6221 8110 4166 7240 2460 8600 2175 5359 8716 3752 6827 5507 
92 9265 6101 4971 4180 6551 4699 4629 8516 9129 6035 165 3529 1738 8496 1199 5371 1232 782 6296 7699 2240 321 
93 6187 183 485 3278 787 517 3717 6393 3325 9421 9510 4182 8126 1002 2984 1710 9007 7267 4558 8716 5762 
94 2052 369 4056 2112 7090 135 6611 1093 1379 839 9687 8401 407 8801 2662 4507 7710 2699 9709 374 5437 1774 7949 1668 
95 6855 4264 7203 5451 5856 5287 788 9850 3781 2648 891 927 6135 7762 8547 412 5341 4341 2052 2327 
96 547 6259 8620 2916 2997 3011 8749 8817 1383 2611 
97 5715 477 8267 7183 2962 4429 4985 4224 1267 6674 2860 1052 8742 3741 1723 9193 3584 6675 8692 6584 
98 876 6631 8671 9692 257 3012 7429 567 7164 3716 9402 9249 5766 2754 7934 4526 221 2240 2932 7787 7575 
99 188 4423 8104 5639 3727 4330 4648 6185 1080 5685 7114 9038 5483 7583 5097 4639 148 2121 
100 4501 5194 1498 3144 2212 1192 4280 34 9252 5708 7241 4364 4160 9500 3445 6125 3744 9848 3961 6827 4020 9545 
101 8307 2615 7276 5800 2604 6083 9681 6849 7550 3276 1492 4025 9567 9077 724 4346 634 1956 6458 
102 3111 4679 6630 2647 9271 225 8074 8329 4871 7312 9857 6286 486 6263 3516 2005 8910 5507 
103 3936 7234 6347 3932 8005 3567 3241 9545 9598 9787 7556 564 969 4710 6157 4986 1742 5432 2605 4796 2555 6982 8183 7266 
104 6537 9852 5933 3909 9357 8939 9943 1289 5240 5775 174 3538 5894 1149 3522 2293 4808 2998 9530 5421 2413 6584 625 1542 8431 9007 9043 1668 3074 
105 7240 7586 4957 8722 4730 7670 5862 7975 9312 3290 5334 6030 122 8465 8452 786 1829 2635 309 2118 9702 427 
106 3303 7079 1117 1357 5715 9514 924 543 4519 2726 261 3379 7413 
107 1831 9137 9632 3254 2961 8391 9183 2472 6471 3838 7357 4246 1774 3982 
108 5006 5704 7759 1971 529 540 3341 7531 6380 9644 5173 9665 6060 3144 5219 6327 321 
109 8495 7709 9031 3553 3718 716 4793 7858 5396 6122 7486 9444 6805 958 9199 7925 2864 7187 4035 935 3032 2670 8169 5457 3377 1871 5715 
110 5053 5141 3504 1581 8598 1112 5248 6881 7967 1145 7284 9411 8351 3490 9284 462 6200 4340 7288 4855 8794 7392 4326 7240 
111 5458 7481 3101 738 9593 9449 8019 113 4474 2179 2644 4991 7434 1632 3437 621 7641 4352 259 
112 6949 6331 8932 2176 4823 6336 2634 2278 9610 2018 6373 7621 7575 3089 4304 4750 1503 9512 3961 8387 2704 2121 1534 4352 7997 79 6584 8431 9842 
113 6251 1071 1839 8405 278 4102 882 6459 7921 3145 4865 3193 4396 5049 3950 3547 205 4531 7240 79 935 7545 9199 
114 79 7762 7874 5063 8167 9723 8251 5412 1633 6323 8700 3758 9616 5399 7310 6586 1539 3887 3130 1716 2 7553 9075 
115 5966 8146 538 1204 8441 9515 8652 9124 8870 7889 8765 3813 1631 2218 54 2290 9111 1429 4660 7438 
116 1134 4314 8145 285 3530 259 9746 5788 5152 396 9161 7715 3501 2508 4472 5492 6672 5156 4020 
117 935 7120 2013 4558 5014 6030 4341 3024 6516 6789 5115 2734 7001 5918 3143 8979 1573 6482 1534 9842 
118 3894 9659 9086 1904 4317 1479 5636 9965 6261 8027 7896 6643 2318 4939 7154 8069 3998 4840 3432 3058 8295 100 904 9432 492 6170 2052 7120 
119 2537 2739 4873 5466 505 1133 9034 5233 1298 604 2922 5094 9589 7606 5848 
120 1668 6369 3184 4326 9075 9065 2982 134 9244 2960 7758 265 8158 2443 5310 1520 6187 5005 560 673 8832 3877 
121 1984 901 5247 9192 1265 4720 4277 6566 4285 8203 178 7860 2571 8750 6821 2643 6732 3316 4423 937 4107 5341 7949 1979 
122 4311 5917 7669 9178 468 3543 2932 5245 668 7912 4633 5318 6560 9912 3451 7501 7558 8159 434 1453 9877 1625 9573 3326 8908 9224 3894 
123 7133 5788 300 1476 3158 4526 2857 2818 9988 7706 1593 8891 6578 1478 548 9431 5241 6313 2279 5929 6258 3689 80 4490 2422 
124 3981 7072 5917 1933 1722 6896 79 8951 3914 6344 5419 811 1999 8725 7122 5029 7652 6621 352 8134 4222 
125 9545 425 5662 5052 4314 9786 8154 6900 8674 2889 1362 8848 6875 1152 4810 7615 3830 9224 
126 552 4941 4780 2171 5500 2643 5762 1454 7684 3364 2165 1290 5442 501 366 9874 4649 8289 3732 2657 1669 2052 1625 6827 1774 9533 
127 9244 4035 6376 5138 9073 9451 5526 5746 7482 1724 4883 8241 4082 4170 2517 3993 6613 7077 1542 4561 1555 4020 1668 9224 7153 
128 6827 4948 3703 7698 2607 1850 960 6262 3631 6954 118 3157 4813 8977 7238 3137 7883 7557 657 1374 7133 4527 9836 8491 105 4352 
129 9404 8233 385 965 1988 9694 6181 8091 2 3243 9891 1222 806 7782 6938 2589 8183 4367 9010 3163 
130 4901 8406 4348 5198 9089 9533 1295 5316 9174 487 353 713 4481 8985 8410 270 9327 8644 3578 6936 1289 6463 7230 7883 1105 3728 2128 2555 952 4958 
131 8423 9989 4450 447 4977 5519 6155 6282 2926 4573 9679 1693 8617 84 8718 1707 259 8134 3894 
132 259 9380 7579 4188 5593 4087 8724 4375 1144 360 3972 1911 8827 8839 3111 4484 6613 
133 3377 8062 545 2150 9576 1939 7425 9323 7997 1896 3365 4672 7439 4835 5176 6212 1261 4956 325 1121 3905 5286 369 4855 
134 6115 3528 7513 2088 6427 6547 7639 8365 3481 6134 7609 6514 3622 6454 9693 2521 6469 6922 6980 
135 2155 9461 7820 3653 7769 9861 1317 3568 78 2034 25 6375 5664 7624 3074 9584 2503 6332 5887 2 6938 6467 9930 7153 3877 
136 4107 9230 1721 7930 4777 8515 2196 781 8895 9345 6746 7283 
137 3521 4880 3894 5367 9462 2761 8587 423 8253 9049 3854 443 826 6613 
138 3074 8193 4107 8710 647 8056 8181 7444 4211 9114 2103 2687 5559 2142 4994 4770 7153 7699 1181 4901 7240 4855 2986 
139 5748 8609 4470 6937 929 8890 7628 4121 7917 1968 3218 7709 9613 6082 
140 3664 3590 1907 1469 7792 818 2760 2848 6007 3628 2459 8431 
141 2491 7069 5637 8012 1186 5346 6916 7995 5267 2162 6882 7438 3371 9139 1625 7919 7101 6899 4401 4824 2340 
142 6387 7178 1156 4614 2077 6089 4731 7472 1667 9517 6428 8470 4112 6271 7201 4314 7491 2986 
143 7179 9607 7180 2013 7936 2431 6303 6724 5293 2773 2098 8476 5144 1028 9537 8335 6285 427 7413 
144 2555 2 6982 3476 7461 8585 240 7714 5949 4328 2582 4116 4558 2533 8858 1287 979 
145 4647 6139 7101 6750 8918 5607 6909 6961 2393 3044 5323 5687 7708 8044 3411 4099 8186 5028 558 1868 9465 3012 9615 3376 5507 9007 5748 
146 5846 3077 7153 3831 8172 6126 3084 2249 9110 5493 1562 2213 9673 2900 8728 1728 3758 6538 4901 6613 
147 9968 1042 782 7694 5605 1963 7699 820 7351 8554 9791 2896 6113 9207 4521 5017 5112 7743 2611 9965 5322 1546 3630 9654 5788 5340 3830 
148 2240 1383 2183 1085 9652 7438 3054 4707 2215 7325 6518 5002 5612 778 9844 2028 1595 6577 3783 6635 7153 3728 3023 7088 2340 4077 4222 2 
149 2670 79 6592 7599 4407 4966 7631 8358 4803 8766 9710 3060 8646 229 7671 800 4988 6537 7880 7722 8462 6054 1984 2986 
150 6744 5401 3061 2817 4624 6523 6778 3580 2697 822 8025 8263 887 2169 9990 8228 4767 3045 8644 7762 4402 6269 4385 7120 8716 6458 
151 2962 9615 3672 6321 3261 5558 9102 4352 2007 2908 1546 2805 6276 7587 6807 2188 4035 1524 7183 5003 979 
152 7379 5660 8043 1912 8775 4043 1335 4347 9675 2785 5744 2289 7487 4993 8845 6778 1079 7153 1454 5871 4457 9139 5437 
153 7001 367 4985 8386 6547 9777 8425 6470 8862 9831 9164 9374 7946 4624 8298 2365 7854 983 2421 2979 3907 7846 5401 1121 2422 7709 3877 9013 
154 2414 9795 7822 9316 5840 5086 2965 3158 6291 8433 4312 5528 5858 4941 3799 432 4615 7653 3163 4107 8495 
155 7517 205 4923 4093 6390 7610 7960 6404 2855 8980 6283 281 321 7765 3776 2933 411 5023 5908 7734 9926 7320 2183 6044 9933 3363 76 3877 259 2962 9533 
156 569 8092 6895 9351 3629 5280 5068 7979 9424 3482 8597 4144 3041 9067 8994 84 8134 7653 5507 1534 2611 
157 135 5467 6360 4787 316 2869 5902 9112 5822 1355 5823 5204 9551 7044 8248 1085 1822 1343 4985 
158 6044 7759 3869 7688 1950 6502 3012 5989 7961 7400 1049 8320 3021 4908 854 120 4562 2036 3677 4237 5489 7992 3074 183 8487 321 
159 5784 6460 5477 871 993 5674 5335 145 7673 3036 5038 1756 3739 7976 7428 5263 7954 979 9848 
160 3521 9013 8780 6327 8552 4241 1471 729 365 3494 1531 1179 2550 8805 6379 6351 9562 6910 7087 
161 1195 5713 2190 1056 2341 69 1039 914 7682 6715 2962 1927 2006 4357 7814 6547 1710 7699 
162 4378 718 272 9404 1169 472 7481 8821 3600 7790 9011 8194 6958 1430 3936 8528 7791 7762 3982 
163 1299 2630 6020 9398 8910 3935 8998 3830 8387 3634 7127 7173 3259 1263 7413 8057 6506 9408 6888 6688 2943 9007 8140 321 7438 516 1134 8134 7949 935 5437 7762 
164 1871 3326 9132 8406 7932 5389 917 7410 7365 7163 9476 1987 5465 6680 9048 4505 5688 888 2187 7249 447 3108 6949 1383 3395 1524 8125 3432 8248 9013 8858 1555 
165 2240 5326 2682 1394 1683 3920 4206 766 427 8717 491 4276 9397 9270 9129 9848 
166 3926 3383 8716 5867 5732 5134 4948 3338 6088 3966 5070 2716 5999 3033 4027 6306 3885 9299 
167 7519 7213 6359 9463 6377 3772 3880 4983 684 1708 6 949 777 4588 9355 348 6671 6470 9004 5304 6161 3584 7699 
168 2437 7087 6254 9671 2792 6567 7541 427 6087 6401 1608 1873 973 4914 6905 1548 7043 6609 4664 2986 3905 9480 9807 4199 6161 1731 5880 
169 321 1868 8431 2676 7807 7971 8406 4100 9015 4799 5044 1363 2446 5186 2049 291 8227 7730 6742 5099 3982 5762 1042 6258 
170 5251 7652 2752 397 3486 1042 650 7193 8850 8272 2204 9549 260 6337 3012 3625 3873 2859 9520 8116 9075 
171 7652 3163 9036 5609 4622 3374 4797 58 6861 2326 1341 1731 3015 6622 6092 9789 9501 1064 1904 2519 7237 5814 1353 5962 9560 9453 9086 7055 7153 8431 
172 3012 3885 2299 5964 6002 2004 717 5954 2974 6740 8561 8246 7646 4401 3113 4400 8910 7762 
173 3050 79 4354 7736 4698 2696 9843 5552 6627 9858 8773 7071 5647 4266 4712 1160 5326 8668 2766 1634 2288 7949 8994 3012 
174 3316 6054 2698 9621 1619 6134 4311 1972 3606 5077 9706 702 1223 1038 5047 2593 269 200 1534 3354 7652 
175 8528 2595 9970 6409 321 7737 952 6843 8416 8103 6176 2515 3458 4604 5041 3536 813 4056 3468 8982 7845 6101 
176 1343 2898 5961 3429 3990 4236 9862 4532 193 2531 5582 2193 809 7534 2288 8145 2013 955 9043 1085 7880 9842 2052 321 
177 4232 4359 8829 835 3584 7795 6595 8526 867 8130 7294 3655 8155 510 1196 2643 5821 4202 3012 2327 5715 
178 1246 2693 1869 1606 8133 4975 2699 2329 1960 6145 8834 5538 7341 2420 2402 1125 2171 5412 4886 1710 9004 4170 7713 8125 8994 
179 7456 5715 6258 5831 9543 3116 6706 2453 6426 1415 8731 3534 9406 4027 3023 7055 5307 9545 
180 7968 650 5520 6416 4337 3447 8442 7859 6795 2586 5321 3602 9392 5331 4228 1782 3071 8490 6014 7997 4035 238 3316 
181 2288 3665 2444 1800 9649 8462 2008 9348 6834 9852 8676 6735 3904 7886 1760 5779 3502 875 5849 412 1763 6554 8722 3144 
182 2643 719 5921 1741 4033 7560 5260 9139 4487 7675 1213 6358 9825 203 2529 2377 1134 7688 6460 5048 2527 5412 979 7806 3932 8145 4531 5715 7949 
183 2 2732 1043 1134 332 3820 205 5494 3812 8824 3309 5153 7630 9484 3329 4563 2522 7352 6737 979 7147 3795 9842 1343 3427 6938 3758 1979 
184 7902 1276 8947 5738 499 7045 7637 8021 2096 4284 7547 5345 2467 7890 5445 7225 7883 3894 9265 1668 935 
185 1641 7146 2349 355 1306 2114 431 1393 9650 1596 1810 7186 8489 6646 9196 5156 8386 5457 7285 8212 1731 
186 1607 1658 857 4974 6867 2343 8502 5119 5796 4559 2857 4708 5900 8324 8315 6986 1495 3012 
187 6161 7950 6454 2404 866 6616 6798 6305 2630 794 8803 6920 3910 4117 8230 507 4242 8092 9661 3152 7689 435 2643 427 1763 5848 5880 
188 139 4362 9444 7023 5030 7040 925 8714 66 2116 7027 1550 1127 7680 7678 6386 9270 3632 1993 6332 3316 427 2240 
189 6326 1583 7683 3783 6334 7652 1367 8313 4253 7775 4795 9347 6151 1371 4781 6162 978 2856 3630 5885 541 3240 6134 
190 9800 3942 4866 6623 9573 1332 3269 7489 5164 6274 734 5215 2621 2246 7839 5309 8200 7219 1454 7133 8406 7240 
191 7864 2223 7136 5651 4155 3885 2874 6713 2727 7076 1544 7710 4134 8841 8183 541 9008 6134 
192 1986 8078 7476 9313 6417 3497 3220 1463 771 9186 8147 5843 7983 1102 1875 8896 5064 3541 6938 6613 
193 4624 6687 3207 7454 7788 1383 3072 6538 3766 5481 9379 7385 154 7801 4953 9492 1058 247 8812 321 935 
194 9219 8008 8029 5666 2858 1814 9643 9968 7727 5854 7944 9902 694 9990 5448 7652 4647 9036 1375 3877 7413 1534 2986 
195 2904 9615 625 1552 4070 6554 1495 6453 9311 5771 3981 8711 4963 8966 9656 8487 8402 1104 5864 6227 1090 3261 9083 4624 4367 8431 9075 2962 7652 
196 9703 5386 3314 3853 2704 417 2612 9896 4195 3676 3370 9155 7326 321 8116 8711 663 8344 4222 5038 774 3032 
197 1353 7474 3936 7622 2396 2010 2308 6528 1482 9903 4690 6912 2579 4259 736 8950 5470 259 3894 4855 8125 9842 
198 9842 1601 4828 7153 8930 3226 1932 3726 732 7409 8254 3897 3109 1067 2186 5581 7407 3756 2128 6224 7627 5689 8644 2892 3146 5783 6067 6528 8470 5341 9270 
199 1375 7526 8533 6186 1154 9416 9558 5101 2237 5517 1146 6369 4093 8962 6804 3586 2666 8844 2970 9965 
200 420 6875 5383 7055 3135 2745 7177 3100 8556 362 2353 5142 6058 3061 483 9977 7666 6545 7762 6938 4639 6236 1139 8651 9444 935 1383 79 427 
201 8140 8235 2611 9580 7602 8342 7570 8973 4774 2539 3379 1125 7686 3427 2141 4489 8389 2495 1473 583 4199 7699 2577 5772 3102 774 1343 
202 6584 2423 2107 519 5125 3609 5313 9701 3735 4594 4734 448 3304 
203 3376 2005 7933 7296 9129 1150 7419 2894 2424 4878 9279 819 2562 8871 1656 9771 4686 4278 3334 2768 2957 3964 9551 7147 9075 
204 2735 177 7756 8220 1705 3403 6953 9918 6869 2865 4468 6051 3114 2062 1623 4909 7841 7596 7996 5217 1843 9637 6115 200 8431 8293 
205 321 8599 8507 9493 4431 3188 8431 4693 7030 3479 6258 8794 6641 6153 8751 466 1035 3097 4830 3005 7759 5322 6611 1956 2013 3885 5437 
206 9374 2533 4520 4037 7219 5391 4210 450 4534 1893 7217 19 2704 1109 8494 3452 64 6482 5921 4928 4180 6980 5099 9265 3877 
207 4035 9129 2668 4020 3982 1668 2740 4709 9236 7364 985 4564 4289 8672 4154 878 4177 6558 5053 9889 9037 7153 
208 5322 1149 4034 726 7929 2707 269 4418 6188 4377 3305 5566 4065 4544 8453 4060 6302 1327 2827 1590 9104 9075 3635 7105 457 3543 5821 6765 4965 188 527 3885 6258 
209 7254 5218 1835 4496 8942 5328 627 2715 4979 8654 
210 3877 7439 1611 5304 3842 3944 8982 4313 6355 6020 9633 7618 6477 9668 4084 900 4891 3035 1368 8481 9412 2375 4745 300 9930 7569 2589 7026 745 
211 6054 8284 8994 8881 2125 2781 9461 4680 9041 8491 7564 1529 9247 2026 8785 3363 3310 8332 3435 8812 8293 9795 6938 8406 
212 1153 9248 8287 7904 6295 6479 7012 394 6860 5861 3111 296 3777 8705 1178 3862 9393 6778 8780 569 7120 
213 1784 2603 7007 9238 5719 2305 5848 9405 2104 5360 6202 5066 8647 9078 847 5960 2327 457 2414 7732 4034 5307 
214 9453 8920 3581 613 244 9721 8571 4162 6389 4737 2055 6659 8406 1407 2228 4949 3513 4035 
215 3835 7252 2713 5953 5179 2167 9466 4151 1191 1045 4814 7907 3703 3784 5869 3376 8830 9930 
216 4855 7038 2624 1877 5445 4110 3506 1985 9318 9168 2722 9098 2770 2245 7087 2182 1353 8043 4647 6458 7296 3074 
217 6049 7266 2340 9586 4414 883 3729 1775 4170 625 9029 9559 3847 8474 7370 2672 4760 6349 1484 1117 79 5412 8491 
218 8069 4967 1774 9050 8185 8733 6913 3362 5773 5061 2327 3129 1552 8673 1197 6289 9491 2935 6531 415 4362 8982 6676 7949 4341 9301 9007 
219 9075 3240 7790 5239 9283 6635 4636 4007 4192 157 2668 138 7709 1564 5873 598 3652 9494 1190 8781 2080 7756 352 
220 4129 8125 1401 6621 745 5962 3750 4402 9395 6451 3681 6298 2938 4548 1105 5813 8209 6365 6042 9533 1864 7699 1216 7342 4514 7633 3641 4736 8539 2413 3528 9933 8293 6467 2288 9374 3004 311 2121 
221 4786 6415 4916 3165 5454 698 5080 3779 4128 5524 1288 3074 2610 3626 2109 4199 420 5064 5917 6827 6692 
222 8601 9172 2072 7909 2566 7368 5841 6395 3335 245 8344 7740 238 4664 9299 6101 6049 7949 
223 6391 4494 8807 1097 8798 6418 8205 7406 2214 6211 4792 9730 9969 9353 5248 1751 3936 
224 5445 7426 6767 5095 6544 1059 1931 4857 6077 7617 7813 5764 1116 2962 7091 5548 2778 7899 4326 8711 6534 8491 2025 4107 3584 79 4352 8994 3877 
225 1405 140 6693 5560 4368 4740 8332 4339 1668 9714 986 9213 300 1383 7883 
226 2264 8832 3905 850 3249 7142 3080 1763 4238 2275 3557 8838 211 4015 7732 6124 1847 2323 542 3554 2033 5219 4326 6537 2146 7050 1401 8284 1358 1668 7438 
227 4824 1560 4077 207 3801 1566 8859 3753 2797 5088 3894 4179 1255 9359 3866 9300 6557 6294 1979 4536 7267 3877 2240 6161 7791 569 8387 
228 7786 2990 3128 4349 402 1793 8429 2903 9291 6141 4096 8867 5563 3833 5296 8883 3012 7545 
229 8685 1562 9646 9666 3262 9377 767 1826 2244 1201 9215 1828 9001 8173 1047 1134 7575 2679 7254 7733 6675 6938 
230 6465 949 4561 8375 7396 606 6143 5904 7970 3956 4583 6161 642 5206 8098 5962 8975 7884 26 6584 5283 6672 6482 3753 9007 5437 
231 2699 5543 8728 8418 1329 6398 9440 5693 4901 8670 1406 7270 4623 5650 6796 6368 7044 3023 6054 7652 
232 6922 6320 3186 9369 9163 5869 3433 155 5120 4632 5539 2500 5537 7298 9003 5445 3379 3032 8728 8104 8470 9197 
233 9138 5715 946 8377 2414 2454 1383 1980 5592 2576 4746 7817 581 4187 640 1279 1246 7709 9842 4362 9023 3012 7762 2288 935 427 
234 5099 9533 4199 3700 9215 2650 9758 238 5604 5700 8789 9264 7316 8419 9384 7691 4421 1668 1442 5203 8559 935 1287 4660 5437 5880 9138 9654 9733 3261 
235 8994 5583 4959 8015 8532 9816 3817 2185 6894 3053 8118 7274 1813 9108 791 7569 7438 6613 9244 4314 3377 5307 4326 1534 
236 8491 8912 7099 1234 6510 1754 7867 49 3783 6522 7649 4818 8601 6464 4350 8812 8733 5748 
237 4020 7949 5295 3830 9010 8693 5801 3603 4057 441 2516 9606 5541 8037 2384 8498 6975 1017 3579 6981 5865 8910 2346 3232 5383 8907 8043 1252 75 6771 3982 4199 
238 8227 5429 3543 9071 5348 752 609 4358 7473 7247 404 3764 3279 5190 4638 7850 2121 4660 8212 6101 1668 
239 843 8848 5129 6021 9302 4984 7120 4031 3500 8671 5121 4753 6832 3599 180 5097 6030 300 3830 7413 9224 5715 6049 2327 5412 
240 4199 7575 7088 3006 3827 8580 239 6437 5525 2744 9115 4416 5192 9997 9094 1560 5308 1750 1256 3859 6799 5042 5677 3767 9979 1105 221 6534 2790 1979 3982 
241 7204 863 5277 2113 9273 1905 796 6604 4612 3715 2047 9845 5986 55 9119 1410 199 1670 8417 3077 3877 
242 3089 7880 2972 1032 1343 916 8964 6223 2808 9627 5522 7808 9847 3877 9304 8003 9290 8078 3376 4909 7120 
243 703 7754 9305 9772 2886 1890 65 6470 153 968 3750 2240 9775 2239 7713 5099 5412 
244 1524 3343 4531 5471 6244 8400 1674 5395 2718 2220 1328 236 7215 1767 9854 935 6534 7791 79 7219 8005 
245 7333 1979 3758 6082 5099 5322 489 2753 7451 9964 1944 6565 1063 9237 7366 9788 4779 2976 9930 5412 
246 4909 7240 1849 6018 9032 1654 1215 9603 1244 6483 8075 2106 1830 3371 8528 6739 1375 8043 4901 3074 5869 5748 
247 2412 7392 9735 295 3153 3454 9871 6530 8260 3392 5584 1587 5448 8046 7697 9340 7782 2962 4728 3795 3584 4531 
248 9007 6067 3547 6802 4282 7221 5839 9990 1441 9324 330 2790 7949 5412 5983 8898 4028 5845 2359 4161 4020 9615 8512 7699 
249 5003 7053 9139 9181 4333 7509 7696 6354 666 4123 964 5863 4193 7389 8968 1226 6019 9319 3277 7899 9453 7762 8092 4728 8487 9199 9545 
250 6511 3441 1270 8010 8703 3018 9375 4038 5930 5762 3172 6413 9933 2158 935 9299 
251 3543 7545 279 9521 4372 8698 3313 1370 6800 3696 7955 9734 7156 3291 880 2685 2807 3242 8591 8848 9533 
252 1058 6428 5339 8844 2345 3463 7709 7167 2143 5329 9080 7160 6744 477 2499 3977 9809 6440 8444 2649 7745 4234 321 979 2986 4765 4679 8125 
253 2986 780 1984 3203 8934 9133 528 9523 3811 5818 3106 6153 3215 6300 1848 3648 4851 442 8269 2251 7756 952 199 427 7606 1328 2155 5862 7200 5446 311 
254 6082 761 3561 399 90 6469 7977 9253 928 8390 7383 2883 4274 8795 4456 6606 8812 2558 1083 3144 2986 3074 
255 1934 9995 798 8570 3270 1041 5783 7059 3563 9545 4020 6425 7377 6654 3771 9076 76 745 3792 2962 
256 7791 1137 3380 8887 5849 6129 1644 4697 9830 3702 3856 2992 3620 8876 943 7776 3127 4539 7922 8711 663 6281 7864 
257 2240 6029 2203 1242 4822 7170 8252 264 4898 1952 5163 6977 6064 8066 8510 2229 8831 4692 3894 7864 3982 3163 7762 
258 1790 7922 3229 5589 8105 3839 5351 8889 2852 6164 4809 5490 6136 3671 2387 6621 4958 8284 5848 108 7736 2155 
259 5507 5286 1273 1979 3103 400 6759 9270 1879 250 7020 29 6036 876 8560 1527 359 5437 4071 7759 6187 8832 6360 
260 6458 6675 4004 5896 2002 4574 2489 1330 3046 6996 7499 5893 5450 3017 9793 8902 8212 8601 4079 3144 3894 5507 
261 2704 4400 2 5149 1429 765 5696 7405 9130 8744 6054 6290 9527 3043 3737 2779 9766 5083 6020 9777 1145 4199 6692 
262 2340 8600 8566 2902 4011 5794 8109 2474 590 5630 7881 4669 9200 7894 757 9160 9265 5824 5535 2061 8462 8284 2555 
263 2962 9197 7289 1079 4870 7240 9957 6445 8236 6691 3700 3244 7779 6647 4802 3034 6341 166 3846 5862 8468 4367 5326 5386 5340 9244 
264 7355 2189 8239 9939 7703 1224 9457 4896 6242 797 6180 1299 279 4091 2288 5962 5715 
265 4377 3757 930 6938 9325 3989 1613 8503 14 9655 552 6918 8830 3877 1697 2415 9935 735 6707 6094 8686 7029 6922 9836 
266 1121 3304 2555 340 2927 444 9428 199 2578 5910 7692 4958 8198 3691 8460 3945 9403 226 2078 9151 8092 6292 7419 4824 3894 979 
267 1496 7883 9968 7762 2288 3714 9764 8111 141 8058 9540 1075 6670 4216 8427 1247 6195 3414 1083 32 4314 4045 7654 8387 5226 2962 5762 9991 6778 7088 6469 1505 6153 6049 
268 412 730 8506 3539 8131 3199 5816 4819 8810 546 7732 6989 2717 1455 710 2541 17 3602 9404 9086 9007 
269 6613 4909 8183 4071 4457 5821 9510 7198 8770 8290 5913 4811 7517 5407 5437 2149 4455 1413 6267 6429 96 8265 3827 7042 4782 3241 8716 
270 3753 1223 4069 8014 8130 3074 2968 4361 6608 5265 5398 7695 5657 2574 4323 4344 3981 2183 3675 6744 9008 5507 3885 
271 3751 4988 1339 3354 7749 7984 3582 3637 6330 4002 6189 6057 5105 5567 2966 1501 3523 4900 7687 2898 7267 6938 1195 4314 
272 352 2856 2260 9654 8257 1923 6084 2298 3163 9101 4935 3288 6886 6489 4197 6275 4919 2858 3758 
273 5064 1710 9114 2240 1496 3936 3510 4571 6219 6620 8543 5958 5667 4653 8509 7050 1495 9467 5149 6424 4352 3521 1668 
274 3491 8387 8782 5569 9461 831 6239 7332 4020 5059 9797 6152 7699 6139 412 730 9842 8284 7762 9043 108 9008 7219 7296 6054 979 
275 5248 3043 9898 321 790 5798 5531 4727 83 2468 8514 8247 1540 4469 8220 5485 1458 2327 2666 1956 6030 2264 105 1343 4985 3543 5307 
276 148 7413 311 6306 3172 5019 2358 8530 9932 6933 3184 6010 6264 4539 630 1103 6700 5763 9765 5326 935 7153 3144 8125 8491 
277 1348 686 5373 2164 8087 5998 9175 2105 9051 4625 3322 5799 8471 2981 4443 3521 9007 
278 5880 3758 2904 9583 8753 6537 616 898 9582 6838 3748 5703 1299 9750 7789 5957 4592 9585 9039 5898 5547 3074 3521 1252 3207 7652 2867 
279 3012 7868 9116 3965 9938 5034 4807 8709 8937 6692 2627 7397 7251 351 8013 7652 7883 6334 6258 9465 5448 7413 79 5715 
280 3023 7105 3125 7542 2288 6924 234 503 6942 5187 8051 9219 5934 1614 9541 7313 1821 2100 8491 9177 8235 8528 4377 8994 259 2327 
281 3004 991 5810 6765 7553 219 8134 1058 5352 4527 9383 169 6038 8961 6698 7875 7543 9827 6686 2555 6306 3012 
282 2121 5097 3837 9270 7821 6287 8123 9992 9595 8212 8153 7506 5673 7640 7233 6920 5029 3380 8049 9842 979 
283 1358 8188 912 7 610 5501 3543 9581 2201 159 412 5 4295 1048 748 3852 9298 1347 3918 1145 7699 
284 7077 4345 7740 2191 5172 6507 4929 1809 4254 925 8148 5692 3470 8534 4838 6402 6170 1443 9842 782 9107 1534 5219 
285 3331 7653 1248 3493 6105 2666 8042 7262 9245 1787 2918 692 1530 1150 420 9160 9565 5848 7438 
286 8068 5899 7369 7423 9487 3113 1238 9190 7248 3643 1299 3796 8645 769 9916 8912 6672 8907 4180 1571 450 2288 
287 7438 6216 4619 7713 1051 8837 301 2882 4735 2875 4432 1309 799 6481 4665 508 8487 7762 7949 
288 5772 1542 1665 5502 9865 2031 5860 1499 8492 7833 2497 3855 5147 5859 9972 2240 1670 6258 7153 8491 
289 6464 3405 1916 5942 5872 8612 6619 3012 7747 4258 2795 6190 6935 6568 8211 3014 930 2175 2643 9688 5038 7101 8269 9244 79 
290 7285 7029 5838 5767 8142 4245 3804 8302 2238 6599 9685 7516 1818 6431 5090 9276 6470 6285 7210 4362 3004 
291 2304 1534 9565 3104 437 2791 3836 935 9056 667 4937 2389 9358 8026 4181 3183 6781 1543 8125 2555 4985 7762 979 7883 
292 4326 6525 1004 2127 9994 578 9842 5369 5870 851 2553 6556 9811 984 321 6360 1524 6538 3877 
293 4531 6424 9007 1352 6851 1841 7537 6191 4944 7559 1720 5530 8215 5629 4841 9301 4884 4967 7413 9244 9990 8566 8125 4199 
294 6712 5964 5740 1095 5482 5257 6175 3808 9153 4385 5478 577 3941 6540 2140 9436 4483 8830 2412 1343 2986 
295 6296 1739 7036 7318 2917 2160 8488 421 3560 368 2124 369 5327 2501 8348 5917 199 1042 8134 188 2074 3758 5099 
296 5448 2192 2538 3708 3178 6112 9335 5368 7367 7096 2399 8312 6209 9819 5050 6658 4350 5885 6554 6827 1822 3427 9968 
297 4106 1930 4391 9173 8505 4272 8411 9371 810 1681 2267 9139 8722 4985 8716 5715 
298 8269 9533 3023 2198 8618 3265 2923 8885 5430 3840 7848 3997 4475 6000 7415 8722 2439 1014 6890 1249 2288 8994 9007 7949 
299 1668 838 8450 5211 2790 2876 2526 6921 182 101 6672 4714 8762 5096 7093 7363 2481 6515 7533 6661 3006 9907 7852 8069 4056 2437 
300 4962 2617 4691 1142 22 6022 8234 8282 8499 1423 6519 6865 7086 1964 2210 4942 712 5885 9224 9930 7852 3665 9518 3251 8125 8994 6327 
301 3146 7652 1638 7050 971 9109 3240 5600 9818 2236 7798 2989 980 3949 4789 7296 2155 
302 6351 4212 8842 1315 5075 9533 688 9937 7021 4297 73 2284 745 925 8491 5437 1979 8005 
303 7762 7699 1670 7267 7787 2256 4719 8340 6496 3312 425 9873 8434 2915 9195 2850 6085 753 2340 8991 3668 3936 9968 7240 2643 9545 8406 
304 79 8910 847 8345 5175 7956 1762 1534 8688 13 569 2555 9362 9285 5386 9578 4587 8449 768 4032 308 2986 5149 7413 4527 3836 374 
305 6635 9259 9478 9645 6044 1929 1984 5751 6457 8466 9674 6410 8083 3713 5208 2327 
306 2870 5645 5212 7314 6748 8816 7037 5748 1380 2986 420 8004 3754 1647 5097 1187 9184 9812 3488 5677 6318 2774 7709 5457 108 
307 707 9349 2486 4507 2810 9757 9579 9755 5294 5901 6743 172 4243 7331 9481 9178 9928 1961 4967 5507 2893 658 6312 1625 7762 
308 3103 4286 3032 6385 1711 2970 3160 5802 5795 6526 1125 18 8331 2601 5268 6736 7456 202 862 6270 63 518 8341 3550 9179 5006 5504 569 2537 4958 6547 6030 3074 7883 
309 5340 1774 3642 5011 9107 9533 1672 1727 4097 5273 9209 8799 8269 8431 7864 
310 4855 2643 4442 8125 7438 3111 3376 3227 6406 2401 7399 2319 5728 8478 3377 7054 5596 9309 4132 5920 3572 8085 8840 9260 3547 935 2304 625 1956 7413 2986 
311 8711 1260 1336 695 6613 6863 3319 8878 2884 1348 4845 8677 7770 2552 8275 8720 7153 3994 6310 7066 9120 8566 3836 3074 9533 
312 6014 6547 9968 130 3231 9834 5534 6695 3016 5339 6776 7741 6452 8316 9948 4108 824 5446 7880 369 
313 6021 8462 2422 7486 2929 2074 663 1761 895 7525 463 9295 2787 847 4584 6979 535 6482 4051 6967 1622 2079 728 3304 4705 5880 5543 650 7652 
314 6030 6538 30 2867 1940 3409 2721 804 3669 3535 2925 5514 7582 2837 53 9495 8624 5072 3858 4400 3586 901 
315 6666 3284 2643 745 7172 5364 2819 9524 6632 98 5158 8431 712 2732 8104 1731 6744 9043 2121 
316 7795 5962 603 7806 5587 8067 4933 7309 6572 8678 2173 3271 2208 7320 8431 7438 2209 5064 4035 6613 7736 4664 5340 
317 8687 4970 5737 5875 5950 6777 9474 3633 2638 6480 2725 6959 8811 60 4340 3106 3012 9930 
318 2480 2983 1364 4879 7657 2168 1978 2639 5388 8518 9866 4688 468 7988 3342 6590 6938 847 4901 8125 5962 
319 2327 1238 220 9083 376 1858 6859 9159 310 6512 8294 9255 742 4742 1745 8864 1865 8594 4926 7355 7159 1637 7438 1496 3146 9197 79 
320 7713 9347 8797 1465 4616 1425 2737 3743 2344 2591 4832 8145 7980 1694 2391 7551 555 6793 7565 2962 7055 7296 
321 2407 2146 5234 3675 8363 5150 6465 1220 9376 379 7647 2240 2286 7393 8163 4309 2962 897 2063 7943 6067 2288 
322 979 5848 6827 935 4453 5947 9526 1137 6811 8819 3200 4109 4846 925 753 541 8387 7517 
323 76 5111 7013 3607 7725 8856 3308 9676 2101 7244 8143 6725 9625 6575 1403 2983 1995 745 
324 9211 8635 7062 2486 2314 4590 8603 7148 9000 8276 7874 2685 9007 
325 4352 1289 1091 6671 1668 1779 9453 2464 5785 137 5098 6352 4256 5876 7340 5962 3208 9012 6407 6505 2555 6101 2414 7709 
326 183 8583 7293 5623 6997 39 4778 5446 4510 8952 3075 2310 401 525 8788 8495 7213 
327 5340 105 4884 5193 8539 3230 2029 1557 1798 9199 8403 77 6266 2985 9483 9145 2709 9372 1253 1815 9156 3932 2847 3836 6938 
328 427 6538 9551 9848 709 2771 1859 9499 3864 3485 6543 7652 5734 8235 4955 5359 6397 566 3624 2145 5412 6054 2005 259 6258 
329 4783 6166 3521 6991 843 2302 2355 5375 608 440 6020 1753 216 2749 2962 7120 1383 
330 2288 5580 2978 6770 1365 9930 2000 3298 9232 2629 9103 9763 7440 4696 3758 1042 730 979 7968 7880 6054 7949 
331 3032 6771 7191 2232 2155 3003 9262 7972 662 170 7831 1958 908 8448 6498 3650 1934 8049 9988 1328 8495 5446 6327 
332 9013 7210 5758 358 1523 7199 255 9090 2683 8086 7074 3385 8130 5684 7805 2975 802 7732 8470 
333 2439 1206 9775 9804 390 4924 8113 8122 7012 1772 3586 970 5512 750 3527 3902 6547 8462 183 1117 3432 9265 4526 3753 4824 9007 
334 3877 1105 5848 7833 3673 7064 9129 7435 3699 3066 9007 2211 183 2197 6192 476 773 926 3194 5803 1668 6269 2404 3012 
335 8470 2064 8135 5690 2264 5384 6434 559 8150 5169 2594 1731 5219 1324 7498 2440 2065 2986 9607 2662 2617 4664 3377 3584 5340 
336 1752 8218 7719 7137 6712 2833 1832 3373 5366 8374 8631 2955 8520 4340 838 7153 8512 2 5326 9842 745 
337 5437 6423 575 6343 4667 722 380 4409 3533 8832 412 727 5653 4806 7119 8786 3830 9374 3434 9075 6547 
338 7200 3408 5992 9261 7185 3381 9717 7762 7663 1746 6465 8997 312 4982 1073 5917 8160 2340 5962 7845 8994 
339 7044 5112 9436 4517 9337 8651 4664 5797 3275 2690 6222 2288 6436 5973 8758 1903 1148 8988 2822 3982 7887 8043 7880 6030 
340 3363 9027 643 6149 4951 2247 7762 5062 3889 8888 8572 1086 5379 760 5628 3086 881 8464 7232 2003 2340 9968 2288 7949 
341 9160 8663 583 7895 5661 4497 7452 5330 4575 116 2616 9984 1717 2027 2488 1765 3192 5775 1710 1139 4385 1353 6467 8920 
342 5898 7285 4310 8136 9197 465 2674 1567 1092 3532 1398 5055 8882 3992 45 7513 205 
343 6482 3555 7143 9884 8671 5781 4292 5926 6824 520 918 1299 6671 1385 4765 6538 9199 4901 
344 9301 4901 783 7796 7746 6574 5833 5170 7338 5160 3758 352 2301 7194 1588 2413 1058 1962 1246 3513 5064 9199 
345 5677 5715 3051 5546 2951 354 446 7065 1763 2126 1802 2473 5574 3927 3466 1083 3528 7713 1375 4901 3521 3877 
346 3720 9301 7041 7291 2416 5724 8249 8129 3189 7567 5608 574 2285 7053 4605 4356 9230 8844 5860 9197 238 4855 
347 1454 3723 5996 3870 935 3256 9876 631 5431 8372 3746 9225 665 6947 7732 3936 9443 9453 4340 
348 951 9908 6827 2465 81 7851 5880 3818 4053 1271 4325 9946 9705 6177 4855 2834 3182 2858 6547 1358 6467 7240 4340 
349 7012 2114 511 5726 3 9026 9370 303 3344 7395 8278 4199 1091 7824 3803 5511 7844 7354 951 2741 6044 
350 321 238 9968 3456 4546 2483 8084 1395 3397 2618 4334 1113 8357 9018 6564 4200 4385 7652 9453 
351 5869 3064 1610 4765 8333 4171 8662 7055 6123 868 393 3794 2881 9415 1662 7524 4345 5862 9968 321 
352 6534 8812 9955 5572 6903 896 3163 7233 6705 7598 5385 2877 1009 6880 7965 6490 2325 1625 2456 3431 1743 3959 992 9968 9113 7517 3894 
353 712 4628 3697 4129 6758 8242 4613 5997 199 8595 5181 8640 109 1601 4754 8965 3380 321 7266 4199 
354 9990 7438 2518 5163 4269 1505 6945 254 4661 3883 5756 756 9936 412 4677 6960 9400 2120 2757 1 2790 1925 5007 7736 7546 5962 4034 5507 3074 
355 3537 569 6681 977 5178 4249 9749 4976 2560 5255 5298 8851 3564 1248 3937 8470 6061 4901 1979 
356 8907 3509 7278 5980 9385 6893 4997 8936 8659 1451 9708 7496 9070 8666 541 2669 4404 2999 3376 
357 3982 1299 8908 6810 4788 8938 4635 1311 5941 8421 6628 1349 1508 6204 1005 
358 3894 2155 9218 1141 5755 8293 212 5634 7981 246 6076 8757 3805 9217 2673 8621 5917 8069 7575 6613 
359 7732 6986 9713 7699 6458 9160 1219 8852 5670 5342 3736 3832 5578 7272 2269 8599 2708 7379 2839 5601 2790 8711 9968 8005 7949 
360 6178 2209 321 443 9244 5925 4946 2767 4739 1901 6709 4565 7652 8661 9426 8171 7974 9223 9386 8022 2615 4035 
361 9979 2085 708 6955 3876 7739 4579 3888 9591 776 9286 454 6878 6597 9129 3107 
362 6946 4104 7260 7095 758 3524 1231 2728 6005 2093 2317 3082 398 6021 1945 3561 6404 925 5053 4531 663 2437 259 3074 7762 8125 
363 1145 467 8362 3936 5053 7611 5035 4127 5951 8376 1240 2825 1998 1718 4558 8439 
364 979 4842 4311 8708 6230 1373 4145 8310 4743 6462 51 7001 5412 677 2735 905 1431 8140 2019 5772 9160 937 6049 
365 4045 6772 8927 1920 7239 5678 3661 8555 223 3155 7414 9387 1778 9356 8828 8887 427 6413 321 9533 9075 
366 5775 8922 4437 475 8081 1628 5434 6815 8124 1670 9904 6768 8883 5597 8706 812 4415 8732 1611 7892 8796 4764 3393 4170 7474 9075 3936 
367 6413 8713 7243 9669 238 2904 1294 3939 4153 2242 4535 3968 8697 259 7240 5412 6613 
368 2774 6028 7413 8106 3345 324 1866 2333 8045 3404 2288 8483 9718 3577 847 1181 2867 8832 1979 9129 9075 8406 
369 9903 2398 2254 6327 8446 5850 6906 37 2557 1688 4004 8623 5849 6797 7699 9244 
370 2128 1884 5787 1481 7324 8948 7676 5168 9808 7945 8370 9688 9244 
371 2058 541 2875 3020 3704 8030 4063 5067 6614 305 5945 5484 8625 6167 5436 2666 5788 569 9270 8293 2288 
372 9688 640 5387 7607 5292 4324 1297 6808 6844 3219 7616 2559 287 5271 9292 1411 1055 2227 4393 450 7742 3468 4507 7545 1979 321 
373 6001 7998 3666 5855 8562 9368 494 1060 7337 7323 5295 7174 3410 5852 5508 3245 3982 8125 9244 
374 3513 7732 6130 6914 8319 2885 1344 3148 3593 8138 8355 4174 7576 9007 9699 4752 2013 6613 6327 1534 
375 5219 1956 5862 2583 6099 7811 2736 5230 5868 815 5183 6570 9781 4812 7865 5089 6047 8722 1868 8994 6547 4079 6369 7575 
376 3830 5483 2030 1846 438 7056 935 8231 2994 521 345 9691 1675 6086 3710 2907 7924 7275 9826 2327 925 7786 7077 5921 5451 7120 5340 6049 
377 2458 5270 955 7720 7575 6683 5362 1281 1272 2820 5906 5250 4542 6966 6226 5209 1000 3281 8193 5412 8293 450 
378 9040 412 9604 858 3792 9167 8630 7182 7797 4694 6121 5229 9597 6327 5423 7880 
379 2426 4068 3425 648 6234 4905 9657 719 2369 1422 3366 8808 62 3340 1668 9669 3074 
380 518 5349 1889 9751 1387 183 674 9544 4999 2134 762 5299 382 5709 2469 5916 5715 7438 
381 5702 4302 3520 7951 1955 3983 8248 4413 129 9747 4609 7629 9915 9086 5860 2732 5660 3877 8069 8920 6458 5715 9968 
382 6470 9043 3533 6487 8893 1781 3069 931 4441 5013 8164 9363 4390 6026 991 3830 8005 2962 5437 
383 935 2679 372 6534 1296 1010 8284 8919 7554 3860 4296 7455 7883 7449 2148 1194 3320 9301 450 6178 8078 5064 2790 4985 
384 6528 1181 5054 7347 6970 131 1878 1941 5182 4644 6774 6534 1627 8746 8264 3623 6466 7874 3830 3936 4855 935 
385 4340 9224 3602 3432 755 660 1570 8189 6677 8994 413 8614 6362 2095 4327 5676 7728 8535 1769 3976 9867 6934 9841 2803 9778 5194 9444 2962 7762 
386 6778 208 6717 6048 2633 4095 8456 6773 1252 2463 5402 1277 4815 8564 8457 5848 2270 2426 8266 5887 2615 8212 8566 4345 2760 7438 9968 935 3427 6082 7762 5715 
387 8212 2346 7629 1164 5365 6829 5515 5264 28 88 3132 7362 7226 9331 7985 6488 1774 183 8644 3521 5880 1238 1058 7709 6538 7699 
388 8150 9216 1579 2540 8360 2962 721 6818 879 4438 7359 162 1126 3936 2240 6534 3757 2340 527 9533 9968 
389 7049 4399 6836 3789 6891 3885 2542 3610 9301 2844 2524 6040 7693 4820 6917 4189 6474 6920 6756 199 6327 
390 6285 3937 7733 4705 374 8392 8994 4610 2939 554 8800 5643 7751 1445 9802 6174 3151 8140 1129 233 2630 79 2 9519 6986 7857 8830 208 131 9404 5677 116 
391 6967 1252 2943 2794 5972 4152 4828 1679 1559 5990 7132 8590 833 3074 9244 
392 3575 2175 3496 3819 5458 933 3296 8440 300 8916 3489 7242 4650 6235 5386 7055 7193 1058 6538 
393 7736 1731 1174 5177 7261 4572 2 8286 5682 6044 739 5107 7495 2777 8064 7361 8713 9834 4923 269 427 1145 
394 3541 132 2543 2 3806 9224 2452 1185 1351 6576 43 4377 9906 9682 7121 6504 7032 2838 745 
395 6737 8958 1981 8491 4692 3656 5161 7192 4522 948 2271 6716 817 4791 2051 8459 321 1922 2983 3894 5219 5788 1383 6054 
396 4234 1287 4965 8994 3394 5370 9883 3293 8447 8996 2447 8088 198 8176 5412 7575 9968 9842 
397 2109 3468 8644 1050 5443 3657 5214 8841 3134 5145 4449 8296 522 3327 8196 1376 1803 7992 7699 
398 3285 8121 673 5457 5995 2569 4602 8116 5355 751 5638 9381 4757 5877 9138 1853 919 8011 6146 4326 4035 4985 7709 6538 979 
399 745 9600 3597 1805 4035 2192 4434 9423 2769 3592 6944 1801 8756 5727 3964 5340 2643 5412 
400 4527 1557 9720 6669 4658 9594 1719 9185 5216 7141 3159 61 2954 8592 474 6613 1177 4577 3948 5439 5220 1799 5880 6771 8212 1984 
401 427 5902 9480 3164 8790 6388 8722 4257 2050 8119 7503 1652 9743 9197 5374 6753 1446 6054 3106 7285 5340 2555 
402 4199 9085 1238 2746 2580 6968 9453 6133 7009 6119 5533 7748 1228 6396 3551 6635 2155 6258 
403 7413 7429 925 6938 5446 5090 5433 1227 3434 3025 8170 3267 7780 5082 553 4411 2366 6364 6862 8747 7408 6667 2904 780 5880 8644 188 2555 2155 
404 3783 5857 4755 9208 6973 997 8177 2097 8033 4917 8615 597 6065 7360 3541 2 5307 9023 7296 4679 7751 7762 
405 5326 3079 7085 9003 683 3093 2139 1436 276 8935 7008 1959 8388 2433 3415 2973 2799 1957 2434 8946 452 9199 6613 
406 6486 8439 9467 8259 8628 3375 1233 5317 5340 3395 4938 4026 6873 3822 1193 5063 9280 7615 8293 8387 3316 7997 
407 4108 3074 2554 4021 4047 1449 5468 6594 4133 4218 9043 6025 1695 9182 3422 737 6581 6923 2263 5155 4619 8600 6584 6101 
408 1774 6324 9684 3238 3670 3562 5223 1616 9568 4940 8432 8152 7458 3350 2121 5003 7240 3163 
409 9533 9806 910 1117 4695 4728 4901 273 4054 3417 2533 7802 1360 7969 3337 2115 488 4763 6819 3446 3894 5340 9139 116 1454 8908 9565 4091 199 8722 3521 
410 8105 1256 6196 6503 5122 513 6311 6883 6049 9615 2099 5311 1514 2924 4062 7510 6655 4523 3936 979 7120 
411 4091 450 7549 3297 9391 3797 6898 1834 6618 5565 271 2872 1640 6348 6602 7552 3543 7219 1139 2288 
412 8896 9004 6588 7856 3895 8658 5695 4671 9341 4903 9833 79 3537 9566 830 2952 6405 4314 8920 
413 1979 3958 9032 5504 6269 6075 6652 4684 1833 6610 4308 5889 2265 4444 5143 6984 9268 7643 3871 7256 9141 2194 206 321 1159 5027 2422 8922 352 2752 8193 9968 4045 
414 3106 4134 2673 2589 6739 1305 7123 110 227 9608 4591 8899 829 9602 9047 2066 2729 9066 3099 8969 4558 3202 1496 3009 7964 7519 3022 2 
415 5656 3225 7949 6141 1680 4607 4805 4134 6478 1880 1650 7049 1541 9968 1202 7327 5874 3104 6635 9615 4985 1524 
416 3982 1105 9007 8157 5065 7356 1992 7613 3376 3690 5276 9314 5093 3512 7652 1895 9129 4071 7183 8733 1401 7438 
417 6584 4159 167 7088 6494 8660 7180 8204 5663 9222 5968 9784 7130 6258 7419 2685 9930 
418 8618 108 9940 5307 2038 1749 2750 9609 7034 1026 7781 9296 1715 1424 6939 8190 1576 4042 5006 6327 5507 
419 7949 246 1512 8195 8854 2335 1845 6701 4821 1696 5836 4013 6150 9628 235 1840 7656 4717 2058 7285 8043 6547 5962 
420 7153 9637 7304 7151 4766 714 9920 6225 2177 2590 7028 8519 1419 9401 4480 4506 1668 3077 4985 7699 
421 3427 4893 1948 8815 3474 9901 5536 1773 1072 1118 4741 7006 5040 1851 8125 4286 637 4169 4314 761 5869 7321 6986 1238 9008 3982 
422 4340 5359 8445 7641 1956 4203 6840 5742 6928 8224 2240 9366 3531 6231 3763 5056 9057 1542 3541 3113 5307 8470 6101 7949 
423 6153 4760 4928 3316 9842 1538 9332 979 352 6584 7939 7296 9638 4369 9460 8711 2407 3096 3742 8367 1645 1061 2272 2283 5704 2074 3012 
424 7883 2240 2175 457 5029 7280 6296 3821 9688 3146 7893 4985 2233 7810 4892 4502 979 5081 4581 3644 7234 935 6785 7713 6920 7699 9244 
425 1125 7699 1647 652 2475 3465 2403 2462 8361 5880 2546 2549 5438 2655 6583 2536 347 2723 5412 7246 569 2892 952 4624 7055 1625 238 321 7266 
426 551 3095 3991 7713 6116 8009 4920 449 593 6926 8035 732 7933 2847 7153 3982 3012 8125 
427 3379 7457 4462 243 1034 2294 2878 8062 6147 5381 6382 3613 2555 1136 7806 7153 259 
428 8116 8343 776 1510 1292 6842 4627 4150 7302 1381 9008 4379 1536 3616 2962 7591 4191 3398 6041 6178 3630 6153 2673 8702 3240 4341 7652 
429 5307 6141 79 3784 6280 7521 860 4913 4036 8649 9045 9023 8036 8809 9176 2255 7702 9534 7436 5074 9448 3659 6920 3758 7652 6613 
430 6549 33 8156 8202 8558 6879 7017 6803 8359 4041 3543 6458 2617 2673 6899 8713 9107 79 
431 3865 5162 953 1412 7836 67 3235 9502 7732 8846 7804 8667 1668 2327 
432 2555 8634 7138 7762 4586 6260 8052 8738 7632 3975 3214 6940 4340 8175 2350 8655 1625 1500 8722 7856 5437 6538 935 
433 9139 8428 9903 3576 6338 5103 2161 7116 6034 4039 8853 7197 2058 4762 6101 374 1042 4553 5643 9310 7852 1013 4967 2962 6327 
434 9709 8049 456 6729 4420 3307 2712 8180 8501 6447 7085 9653 5705 9062 4668 267 6580 2707 1496 2774 650 2643 8005 1979 
435 1025 2274 4178 1937 1661 4906 6722 4960 6309 8463 725 1361 849 860 9083 105 
436 9731 155 5445 3119 6250 3823 5946 3706 1130 9091 1794 3638 2701 7668 6203 3900 3752 293 8992 932 6547 1625 
437 6101 1117 2962 7126 7634 524 190 5026 6015 3154 690 1369 1426 9044 9097 3169 2368 21 2969 8423 6060 2932 2533 2264 3885 6538 2155 
438 3894 4749 1299 6853 5793 7536 2783 9162 9886 2532 5905 5754 3473 4044 38 726 2666 1429 7126 7997 7254 7736 5340 8722 9968 
439 6611 2100 8711 5104 3863 6673 482 1147 7597 7207 9868 5554 7987 4512 7816 8132 8716 4340 7153 
440 1942 2327 7459 6011 691 2409 8060 2895 3088 4511 8712 5302 2887 3835 7862 5890 1690 2043 6160 5985 3783 1774 3146 8491 6044 2555 7949 
441 9842 3707 7253 592 8610 3845 6573 6837 7949 1182 5154 8921 4360 1238 691 2962 3877 
442 9206 8978 102 8461 6356 7978 5743 9042 9931 2920 4437 6547 6899 5769 8611 6624 4141 6827 3936 
443 447 527 5815 9256 6938 4580 6613 9805 7490 4199 8250 2264 8764 406 2337 7157 2087 9199 8183 9506 9244 2670 9533 
444 1571 3792 9822 670 9837 2879 2911 8486 646 2906 1786 979 7024 4824 6173 2870 8914 3083 36 3926 7426 930 8947 3507 9244 8125 5715 
445 8431 5752 2019 2806 4973 2135 1876 142 3985 1432 7301 3914 7277 2800 2858 5869 8830 
446 647 9260 8134 4463 675 1323 8686 1898 5909 7336 4529 1121 6809 6414 4389 2555 7736 6603 9821 2445 9198 7162 9123 2225 4915 7732 3077 6613 5005 9244 8491 
447 9007 2060 4528 9265 5668 218 8681 7082 792 4365 987 6103 8077 5658 6636 9275 7650 6249 3680 850 1731 369 4909 5748 
448 4341 7569 2003 759 7349 8480 4785 779 5157 7307 3250 3825 9914 496 4552 838 30 3074 673 2986 1668 
449 5132 1855 4299 3495 112 8995 5461 1107 1994 5199 191 5635 8366 2615 183 9265 3513 110 2555 
450 6608 5553 7147 1167 7048 865 6014 2962 9635 5358 6999 7108 5671 7991 3023 9146 1466 3004 1663 8513 2155 8830 7786 1728 6054 
451 8716 3914 267 1572 9947 6786 2666 2513 2239 8748 4645 9740 2505 8337 8350 2545 4173 3508 5817 4478 2962 1874 6196 1489 7826 6216 8912 7023 7511 9129 
452 4660 3236 7861 9485 4066 7350 1310 7169 9442 9086 343 4702 9945 1340 2102 5978 9839 6884 745 3877 7296 1571 9199 935 
453 3728 6778 4567 4294 9364 8574 5416 8054 8967 4836 2947 2438 7381 3031 480 1609 3140 6889 2158 2121 3758 
454 8484 6073 6980 4300 1264 733 9013 1888 331 8134 8804 1111 2823 1602 3869 6250 251 177 4561 6785 3004 
455 5043 6070 1852 3117 5730 9719 6484 6408 7902 7484 6067 7188 5943 5236 8467 4772 2345 3371 5340 2240 6331 9160 9138 8450 3757 8069 4855 
456 4664 4670 2828 4491 3460 8097 2449 9069 9903 5928 3318 1421 816 2138 5130 6296 2679 1670 8293 5788 8345 4824 9265 3163 2962 
457 3243 7659 6046 1077 10 6327 4176 7819 9388 8469 1012 1134 6394 9399 9553 3830 9244 
458 5437 7845 3752 1176 3052 8125 9563 7212 2111 6104 8548 2804 9060 8906 8608 9270 6091 6333 2058 7652 1524 8005 
459 6281 7899 2158 6327 9354 5997 5474 8925 5884 4527 8451 3683 447 7448 1007 4382 4040 7566 2262 4786 5838 1698 2379 9955 7699 155 8387 3074 8491 8910 9545 
460 6467 1066 1962 7604 1651 9149 7209 7651 52 8643 2963 1409 5353 5445 6020 1430 9139 79 
461 9573 8880 7039 9005 9728 3999 5415 3292 8093 4706 3694 7104 7005 4943 8352 3982 
462 6258 6327 6134 2569 2340 8371 8715 3050 641 6741 8653 2537 1808 856 9758 5506 2394 5924 4909 9842 
463 523 6731 7568 8822 1646 6487 2599 5156 2226 1459 9529 7966 4070 6378 906 4752 3377 625 321 
464 1657 9014 9569 2202 4341 8191 8301 8569 6238 5869 1161 3786 2119 4167 5748 2182 7949 6611 7699 6467 2052 6538 
465 6692 7630 2773 2979 9545 8055 4504 5788 3923 2730 1625 111 1969 2643 3098 4307 150 1668 715 7773 3518 2936 7227 1984 4928 4317 4526 3521 183 
466 3007 6184 707 2313 5200 2222 5649 4643 381 3499 9641 2448 4094 8722 2158 9199 
467 9023 9933 2565 745 9555 8911 770 601 4397 3255 8125 3079 9986 9254 8338 7562 7382 3722 7901 732 8826 3792 7296 3936 
468 8644 3781 6332 7290 3234 5254 6257 1301 349 1524 5444 7767 1237 633 3830 884 7022 4352 7330 9688 4045 691 8406 745 
469 8256 4055 1036 6941 7373 8632 1774 6449 1461 323 6256 7204 9171 3280 2129 9518 863 9036 9795 4531 
470 4252 9815 4771 9507 8061 1337 4557 2418 2137 7234 9301 6983 8924 8041 1655 1605 1668 8812 7023 8193 4457 7762 7153 4035 527 
471 6899 5033 9224 5185 126 9753 5583 3211 5842 4652 8258 5888 7305 9626 374 6734 8387 5656 2288 
472 3507 550 1555 6833 5826 2711 1353 388 9438 2680 2331 328 6871 6030 9950 6050 2575 7314 1401 9955 9480 2345 8994 8387 935 
473 5962 9107 952 395 937 6134 9281 4340 6053 1569 4433 3596 6473 3330 8114 5356 7063 5770 5350 152 7993 6448 7469 2986 3012 
474 6650 6024 3586 9885 2692 2292 1997 1521 2466 8484 3368 5752 661 5556 3274 2273 8521 4765 4326 9600 8531 3792 
475 7367 7511 638 9233 915 2890 512 9731 8117 9618 7285 163 8528 195 3810 4854 149 5307 1173 7413 
476 8130 8512 1391 1020 2121 7949 4798 5459 5655 7677 4464 2117 1752 9592 1571 5715 647 1342 4386 5683 8023 6584 4388 5962 7296 
477 6545 9931 1328 6613 6550 6236 6063 232 7202 3371 8949 8270 9712 5897 8928 123 4493 2661 979 3621 5127 3077 8443 7118 9224 7694 745 5509 1145 9013 3830 9007 
478 4222 2240 2382 5333 6214 4501 5715 8723 8308 6990 6825 1138 3273 3264 1516 632 4398 6327 8994 7713 
479 7880 3190 405 8855 6163 956 1132 6978 8907 2248 4240 9344 2614 6357 427 147 8378 4423 7710 7210 2555 4855 9533 8125 
480 6672 8794 3630 5677 352 5400 2866 8005 5045 784 3056 2376 1124 5189 532 3260 4531 9308 1480 8767 6726 6082 8947 6029 3012 8841 4400 4079 2288 
481 4314 4728 2685 7361 5397 7068 4537 7133 5659 3552 3798 8578 5716 7477 6521 4549 6919 1831 8843 2406 3682 805 24 133 8794 7438 
482 2322 2651 7285 4526 8314 1065 5891 7642 7880 827 6339 5761 5625 8174 8651 8406 108 1668 9545 
483 6404 8841 7806 3251 2847 9887 5418 944 8793 2512 9030 3141 6648 238 5936 4860 3438 967 3981 4402 2125 79 8910 9453 2 4199 
484 9669 5710 7216 8814 9697 639 2873 1019 3147 3149 7117 8734 789 2005 1838 1180 9349 5573 838 1638 7997 1984 1238 
485 2790 3074 4801 1736 1293 5768 2156 2144 6633 6685 6728 4566 7353 9971 3901 4882 4703 7949 8759 4689 6537 6044 2288 2109 4923 955 7699 8883 745 4352 5962 2643 4901 
486 9199 6978 813 6698 687 7952 7259 8644 9711 1807 7386 1314 3543 5207 1434 8327 8141 4220 2315 3376 1784 7268 9467 
487 5880 4343 9425 4925 1522 2235 2136 4024 8107 1037 7480 939 6630 262 7478 4001 7483 3363 8406 
488 450 6258 7919 3352 1685 9087 6059 3967 514 4531 5031 6229 6839 5341 8999 2282 7295 7061 3074 3507 5880 6847 1429 6153 3543 
489 753 5462 6790 8176 1935 731 934 1241 5406 4148 6468 526 7033 2802 2596 9035 563 8396 3251 1752 7296 
490 3081 5253 6555 3121 1377 2798 9942 6908 6780 4969 7608 5319 3144 6950 7864 5341 2643 8293 8134 
491 8043 7852 2001 5288 1354 44 6082 9624 1120 1198 3388 6329 3382 7544 8957 8832 3102 7791 
492 7219 7320 5507 744 175 2339 1639 8823 7210 8689 5272 7638 8002 5830 712 
493 2136 4752 7948 56 8210 2608 6476 2747 7777 4442 1236 412 3521 1817 1982 2475 1657 8495 3955 7840 7176 1984 321 5340 3012 6613 
494 3395 325 7987 4639 6226 4606 3005 6101 8304 7391 9611 4198 9660 3042 321 4012 7 9468 4008 1600 5064 139 374 7234 8293 9013 7120 4020 
495 1750 7193 7206 46 5993 3795 676 8743 2811 7153 2909 6045 701 511 7791 893 1561 8207 3740 256 3583 2019 8713 9036 4352 
496 8387 5860 1139 1504 6095 5895 7321 8581 3970 3144 1366 9930 4326 5343 1464 8336 8345 3936 9430 4078 7025 9794 5617 4989 8696 4209 1391 7762 8450 259 5340 
497 4886 7057 8787 329 9315 3987 4027 2660 1457 4733 7709 4853 5956 4716 9547 8879 1668 4022 9834 8487 3316 
498 6170 6360 2986 4843 259 8690 2288 3013 1624 9803 1209 5109 7880 3336 9239 6711 3002 6764 2840 4663 3320 650 5239 4527 2404 6765 8116 6054 
499 935 867 5654 2321 7852 8245 671 6738 2017 8719 1402 7504 8622 104 8685 319 2602 6117 7258 6467 352 1752 9270 
