500
0 3261 2892 5005 1791 9807 148 7474 9021 1470 7561 6472 2645 1207 8413 4484 1543 7234 4020 979 6538 6827 4199 
1 2349 8987 1924 548 6054 8699 6205 4010 1375 5790 2207 2816 241 2501 2427 3783 9968 5340 
2 7 1216 3963 5085 4092 5244 9231 4332 3608 7308 7242 1022 9580 7949 6785 2643 8495 3936 
3 7296 6613 4230 3453 4541 2784 1476 5340 1098 5300 6956 5622 5827 1665 9464 2258 4076 2277 7575 
4 2413 3950 9993 5232 9878 3802 8832 1973 8768 9577 4319 4646 3828 9683 8618 5962 2555 2184 4314 1668 9903 3830 
5 6676 2760 3731 1396 9169 8217 2396 5258 6986 4439 7467 7834 6915 6617 8343 3087 4589 7753 7992 1444 9093 8107 7206 7361 1797 2264 3004 7652 
6 2555 4958 3012 1625 2028 5948 6061 5979 5621 2640 6412 9698 1087 705 4412 6826 3660 5470 7413 9842 
7 8284 8726 9205 6653 4223 6598 4029 4744 2152 7530 9075 9564 7265 8979 7519 7820 4176 
8 8994 8125 7997 5783 8487 9733 8696 5748 7842 5228 1452 3188 1615 1472 654 1183 9096 1205 8279 1084 5259 1943 3875 3678 3925 7845 3144 7856 7304 2240 780 4909 321 
9 8498 3113 1822 3723 8352 6062 8683 6692 622 7463 4226 7266 837 3176 3391 5977 196 4869 9733 6026 7762 
10 5981 6762 697 6170 4569 1303 5131 2480 4851 7672 1299 2868 2175 4074 9342 947 2510 6855 
11 4170 5072 1728 7026 9464 1157 9745 889 1477 5652 4875 128 1617 8580 8637 2471 2490 9023 76 2437 
12 2555 3073 2577 828 6831 389 4626 4435 4500 720 5610 7916 4014 2983 7419 1956 7575 2962 
13 1343 8089 210 5188 253 311 7837 490 4662 6433 4448 2041 7516 5677 2892 8947 6067 4314 4855 2986 
14 3885 88 4348 4352 252 2342 5171 1535 700 780 304 7228 71 9303 493 8364 8277 4978 5887 9930 5458 7699 447 
15 935 7782 2182 5451 4151 2240 4907 2652 8874 7829 8028 7772 945 6651 2320 7572 602 9393 6766 9019 2959 560 3982 4957 9988 5783 1668 
16 3673 7888 4071 9244 1556 9014 4336 7014 4921 4776 3339 7873 5629 4124 1774 4143 6482 9533 
17 1123 950 5907 7431 8068 9194 3836 105 2904 2243 1467 2430 1280 7427 1812 3720 4314 
18 8005 8332 9465 6502 7120 3268 6931 5064 4596 7000 4213 7815 5307 9202 5479 9976 7299 4728 6054 5237 6733 1989 7126 9036 2052 6082 9545 
19 4326 3371 4060 3835 8858 5155 2598 8221 6696 1212 5269 2782 976 3884 6461 2663 5739 8023 308 6334 6889 7615 6030 
20 3320 1031 3877 836 4126 8639 7296 4155 6694 4547 4538 4597 8007 2623 9952 1668 
21 1580 5509 8017 6400 1796 8455 1101 2986 3222 5126 4954 4855 4816 215 7372 2324 297 9859 9759 583 6306 
22 7165 3173 5679 7605 1168 8860 1766 4904 8521 6811 352 
23 7153 9689 5409 8754 4306 2595 9125 3418 3790 8193 6325 2451 200 4376 5750 5359 9709 8105 1256 9842 
24 454 4176 2123 1528 8989 4945 1259 2071 1867 9835 2937 4664 3701 9532 3467 2984 311 9713 2114 8994 
25 3584 9008 6652 8863 1282 8959 2037 624 5721 1408 4687 3913 4666 3105 3719 6852 8634 8210 7751 6920 9244 935 8498 3012 
26 3836 732 6785 5064 8636 689 5303 3457 3872 4990 2245 1420 6749 2724 5784 2155 7732 
27 5412 7055 4027 8830 5643 9496 9982 5069 569 3174 8268 2597 8473 5834 6191 9135 4556 3089 3122 3984 5572 2297 3943 617 7296 221 7997 
28 1429 9968 5341 5412 2858 8344 8531 4784 8931 834 9435 1917 4844 4486 5747 455 699 8524 5278 6281 6148 9443 1806 5632 1694 685 7344 3827 7713 6049 3964 7120 4199 8406 
29 8293 6920 2842 6438 6702 3355 6787 2234 5275 1601 9 8297 4136 7134 9881 2437 2209 7216 9548 5307 79 5064 1343 5677 
30 3612 139 9742 9505 8538 1661 1307 2930 2373 9768 8048 4149 9744 2 8826 5962 
31 7710 5887 774 4912 6421 307 3110 7563 4674 115 4551 6101 1230 2555 8897 7890 591 4107 5677 7759 9669 4399 6014 5064 8125 
32 4985 4626 8174 7335 8040 6374 7664 5166 3498 6532 6330 9838 2946 84 8523 1871 5108 3705 9832 5903 8197 2534 8307 8812 2240 1763 2902 9043 4341 8343 2288 1299 
33 8396 200 3393 176 4086 1737 7883 2014 4651 7885 3008 6187 3032 7601 7281 2059 2934 7358 94 1105 7997 6827 
34 9930 4176 3077 1799 5413 151 2392 2077 9241 6485 4513 5417 8792 3360 3986 3323 106 8335 3073 374 935 
35 5156 221 2741 5866 6993 8139 8970 8137 8511 2835 2166 1747 3423 3328 9615 116 
36 9144 9187 9409 5912 6467 5505 7802 2240 2322 571 5491 2361 3585 4874 9413 5822 4377 5307 4314 8125 9968 7153 
37 2962 9640 802 7744 7296 5408 5982 7155 8784 981 1533 8071 7716 3687 5022 9367 6687 6494 9664 755 269 7392 6134 4377 
38 2475 7162 872 678 838 9235 7626 5338 8680 8065 6263 2028 1468 6775 1275 2264 238 
39 1534 7751 476 6060 4717 1642 6699 1345 6198 1953 2016 4726 7980 8716 9707 2199 1763 7033 3525 41 2205 6827 3599 6258 5762 2240 6021 9007 6778 1774 7438 
40 8293 979 989 5219 873 5922 5658 7681 966 3167 9538 8573 268 1966 9306 2809 9459 4314 9607 2617 6281 8248 1763 8105 8994 8005 5340 
41 574 557 5548 2958 9522 5523 5869 1491 2570 5060 9352 3982 8812 1397 5113 3286 4211 3686 7220 9227 5398 7147 4909 1625 5643 2121 
42 1534 8593 2653 6193 3515 2411 8905 6154 3348 5009 5282 3074 988 8954 3045 3488 4199 9301 8130 9545 
43 199 7920 9846 9719 8179 3728 5594 2705 4363 3891 7311 1648 6585 4457 6652 1638 1430 7864 3509 4855 2962 
44 9780 4985 6964 7581 9212 7870 8382 566 2941 3516 9129 4930 6547 4035 6584 7699 
45 9834 6492 9199 9829 9414 7060 3588 7438 4583 8125 7422 1440 4931 2628 2472 8050 3253 3047 2666 2 7949 8907 2615 2962 
46 8990 8605 9152 3807 8477 8162 3526 8866 9266 3854 5376 4027 3006 7296 
47 6285 5880 6495 3679 8470 8031 3349 861 6582 7828 7962 20 148 4052 1450 2422 1081 7361 2260 7732 2121 
48 131 7938 3814 2871 5384 9968 3233 9063 5180 8529 8095 3857 4482 5435 139 6147 7124 6327 2662 6676 9027 9453 1375 
49 6270 7434 4214 1702 3843 523 6587 9605 1789 5195 1577 2240 2511 3774 8542 9639 9600 2304 8284 
50 2613 6639 502 9528 4352 6497 1162 6901 3574 1691 4488 4050 9822 7213 9688 75 6980 259 5748 7709 
51 5762 7992 2768 9191 7485 4401 6301 6071 1439 4966 9407 7253 4679 626 6992 5151 5557 408 5920 6573 5748 7083 7306 9615 7736 6938 935 
52 6938 9244 7699 5038 7742 6100 7755 1740 82 6925 6248 2731 6456 5106 4761 3751 5778 919 1136 2962 7568 
53 7699 8414 4834 8549 1666 8168 4326 3356 3416 9770 7577 9028 6363 5595 2755 8880 2274 5014 6270 1607 6938 447 7517 3877 
54 2892 4765 5885 9623 9836 8579 6101 5440 9535 3461 7438 2206 8920 6492 4624 7031 2530 2898 9915 8354 3466 4377 
55 9120 1110 4804 2070 7855 427 1919 8144 356 1634 7488 7330 198 9016 2929 6797 2414 4912 8487 6672 
56 9443 6447 4787 5492 3012 3047 3745 8702 8090 6662 7874 7665 656 5615 5564 3566 1262 9921 9336 8214 4096 2429 5902 5917 7880 4501 9565 
57 4539 9716 5969 7333 1390 5601 1557 8199 4696 565 6013 3185 9688 3885 9666 4286 8994 3509 3894 5507 6101 
58 8756 6137 1770 469 3916 7864 9619 2544 2677 7075 3732 3565 4140 9869 9450 1565 7153 8428 4311 
59 9007 600 7989 6812 6897 9840 4950 9738 8752 8368 9545 4723 6902 941 9046 1774 3012 4801 8005 7699 2 
60 8883 9892 3386 6197 7508 1016 7903 2457 7479 8173 7929 4810 453 1916 850 9443 412 5386 8491 
61 2900 5301 4972 1122 6241 364 4419 5008 1979 6708 5158 4430 
62 3232 1900 6727 5224 2240 2662 1682 6381 8102 451 8346 7413 1225 3996 7835 5220 5709 5412 1121 5715 
63 250 6054 9518 1175 5390 6541 5497 5804 1785 4624 3907 8953 3138 5988 7623 8711 2951 1181 79 7709 
64 3144 560 2712 5110 7442 3115 2626 6162 3759 8902 2715 1283 8431 6054 3064 5762 1774 
65 1546 6144 842 6539 8582 1574 5135 5078 7782 4219 8813 9148 1584 3885 3335 5284 3427 2704 6547 4199 
66 6074 2147 1414 4156 7447 1075 5735 497 696 8527 935 8208 7269 6458 607 5869 3877 
67 3651 3549 9848 6168 7636 5428 4849 5561 3548 9960 7738 7296 1125 5748 9842 
68 3961 2422 2764 7115 2340 4080 2551 1892 6032 5251 7718 8305 1250 1698 9282 8733 3936 7949 
69 8134 3964 1430 3195 8894 2910 4951 1918 8684 8729 8663 1400 3210 6131 6801 3992 3002 5493 954 1343 2327 5962 4035 1299 
70 5386 116 4367 6292 3505 6625 8522 1586 439 1119 23 7433 8349 338 8621 906 9842 5423 7200 
71 1668 7949 8209 921 2897 1227 286 793 2863 9330 7131 9917 4362 8508 6747 6752 7806 9338 2432 6978 136 8183 326 5393 1429 3166 7179 1730 7289 6635 3074 5917 8043 8406 3261 8387 5412 
72 9270 4457 5698 6102 7135 3540 6491 4281 9299 3161 4459 9622 5544 4089 3995 6240 9993 8431 
73 6889 4079 4985 8053 7771 2184 1081 3102 8812 75 5503 3969 3584 4995 336 6370 5053 168 3263 6367 2788 2681 4837 7500 9732 6595 8994 7762 
74 8325 478 6499 164 4888 1776 8243 410 5911 5923 8701 5631 3573 7800 351 557 7517 3543 7438 
75 8722 6817 1734 6482 8309 9498 9961 5777 2476 6656 4271 6213 4704 3428 6192 7585 7593 4949 6232 
76 9848 1763 1083 1515 3841 9470 8498 3882 7221 7762 8491 3120 6718 7018 76 1788 9954 7679 9736 3721 2796 6003 7292 7153 4909 4527 7296 3074 
77 8671 84 4168 8193 4890 6962 284 2 8589 8151 7432 8238 4399 5449 3213 2815 321 6642 9959 630 7682 3836 8396 6327 8711 5862 5219 3316 569 9842 
78 247 8776 3049 8986 7004 5762 1678 9557 6316 8778 4200 213 5807 2013 7968 2537 6986 9806 8125 
79 374 1140 7429 2057 585 6258 9075 9317 7205 4801 5302 6346 2417 4403 2252 7849 5347 1908 4350 3731 9050 4341 6611 843 259 
80 8169 1319 9722 4831 4654 6584 214 205 3285 4315 6710 7166 9889 9088 8160 8491 2005 4765 4909 3077 
81 7153 133 9677 7615 7606 3048 9055 1860 804 9667 3747 5441 6640 7329 5456 655 5421 5193 9823 1954 4004 7438 3936 3602 5848 7429 7285 2240 
82 2662 5869 3946 6963 9798 5124 4514 4721 9872 2048 1626 7453 3601 8994 
83 7709 9299 8022 1780 9548 6615 7078 72 6952 7669 4320 2231 7771 2390 5266 1358 4533 7091 8740 7097 105 5862 1429 2643 
84 2615 3022 9025 4035 4842 1710 1044 283 9636 9188 9040 3689 6280 4852 5532 7459 5053 9962 1995 9301 9933 
85 1625 8248 4350 2485 1106 2032 1757 1040 7590 5004 7443 6210 2470 8132 8520 5521 5029 8134 
86 4385 6797 6734 9704 5117 2568 2892 3958 7574 6110 6237 3282 9944 7418 1914 7783 4134 1429 6748 3463 8462 1984 2790 2240 
87 3586 496 5871 2846 2307 5825 8493 2496 1218 4100 9741 3316 7968 2295 8736 1003 6052 3850 652 2733 9007 4199 
88 5780 5097 8495 8145 9953 3662 3156 6730 996 6850 4229 3059 1597 3326 6100 2555 5412 
89 2263 9293 8831 8306 9461 8373 9820 2468 7545 7707 1428 2408 5680 2092 9422 1981 2340 8498 1125 3371 
90 6547 9483 1554 8904 7752 5555 4847 1208 2266 9852 4244 4175 605 1308 8000 8895 9289 1391 9834 148 3684 5006 325 183 
91 447 5547 3053 2600 3092 8836 3545 2128 1585 6403 8586 1356 8604 2121 9761 4147 6221 8110 4166 7240 8976 2659 8716 9244 
92 9265 4180 6101 4971 783 4699 6551 4629 8516 9129 6035 3529 1738 8496 1199 5371 1232 7233 7699 3932 6296 5053 2240 782 1534 6021 7179 321 
93 6187 183 3278 787 517 3717 6393 3783 3325 9421 4182 1002 8126 9797 4507 8495 9007 1710 
94 2052 4056 2112 7090 135 1379 839 8401 9687 1530 1403 407 9086 2662 1642 6611 3050 8722 
95 6855 7233 4264 7203 5287 5451 788 5856 9850 3781 927 2648 6547 6135 8547 8417 979 
96 7357 7880 8620 6259 2997 2916 8817 8749 9213 9979 8293 5507 
97 5715 477 8267 7183 4429 4224 1267 7108 6674 2962 2860 1052 3741 1723 9193 2340 6675 8692 4517 6613 2437 1383 3521 3758 
98 876 6631 8671 9692 257 3012 7429 567 7164 3192 3716 8828 2754 5766 2563 6734 955 951 7575 
99 188 4423 8104 5639 3727 299 4330 4648 6185 1080 5685 7114 9038 5483 9907 4639 9852 148 4352 5340 
100 4501 5194 1739 1498 3144 2212 1192 4280 34 9252 5708 7241 4364 4160 9500 6125 3445 3744 6020 4985 3877 
101 8307 7276 2615 5800 2604 6083 9681 6849 7550 3276 1492 4985 9567 4025 724 4346 8742 634 9573 8125 1125 
102 4679 6630 2647 9271 8074 225 3755 8329 4871 7312 9857 8443 486 6286 2003 3547 552 8910 3877 
103 3936 7234 6347 3932 8005 3567 3241 9545 9598 9787 7556 564 969 4710 6157 4986 5432 3341 2605 6982 2555 9720 2150 2480 3006 
104 6537 5933 3909 9357 8939 9943 1289 5240 5775 174 5894 1149 3522 2293 4808 2998 9530 7996 2413 625 8994 1515 7762 8431 2136 
105 7240 7586 4957 8722 7670 5862 7975 9312 3290 5334 6030 122 8465 8452 786 1829 2635 309 2118 9225 7320 427 3376 9129 6613 
106 3303 7079 1117 1357 9514 2582 5715 543 4519 8697 261 5412 8387 7413 3144 
107 1831 9137 9632 3254 9606 2961 8391 9183 6471 3838 4290 5066 6029 8830 1774 
108 5006 5704 7759 1971 529 540 7531 9644 5173 4246 9665 7774 5880 
109 8495 7709 9031 3553 3718 716 4793 7858 5396 6122 1461 9444 6805 7486 958 9199 7925 2864 2085 2670 3032 8235 8169 935 1454 2322 5715 9007 7949 
110 5053 5141 3504 1581 8598 1112 5248 6881 7967 1145 7284 9411 8351 3490 9284 6200 462 7032 4340 4855 7429 9265 1752 5899 7240 9731 4326 8043 
111 5458 7481 3101 738 9593 8300 9449 8019 4474 113 2179 2644 4991 7434 8761 3437 7600 4222 7413 2962 
112 6949 6331 8932 2176 4823 2634 2278 9610 2018 6373 7621 7575 4304 1503 4750 5608 1728 6538 79 9968 
113 6251 1071 1839 278 4102 882 6459 7921 3145 4865 4396 2061 5049 3950 5821 205 3823 7880 4035 935 3012 
114 79 7762 7874 5063 8167 9723 8251 5412 1633 6323 8700 9616 5399 7310 504 6586 1539 3887 3130 8370 7948 2 3877 6635 979 
115 5966 8146 538 1204 8441 9515 9124 8652 8870 7889 8765 3813 1631 2218 54 2290 9111 4660 1429 9545 
116 1134 4314 285 3530 259 9746 5788 396 5152 5156 9161 7715 3501 2508 5492 6672 7797 8982 9013 1984 4377 
117 935 7120 2013 4558 5014 6030 4341 3024 6516 6789 5115 2734 4779 3143 5723 1573 7001 9713 
118 3894 9086 1904 4317 1479 5636 9965 6261 8027 7896 6643 2318 4939 7154 4840 2586 3058 8295 100 3835 904 9432 6170 3102 4079 456 6895 8343 
119 2537 2739 2876 4873 5466 505 1133 9034 4274 5233 1298 2922 5094 9589 8209 
120 1668 6369 3184 4326 9075 9065 2982 3538 134 9244 9494 2226 265 7758 8158 2443 5310 4864 2643 6187 2555 6327 
121 1984 5247 9192 1265 4720 4277 6566 4285 8203 178 7860 2571 8750 3521 6821 6986 6732 4423 2150 8609 2666 7949 2240 2288 5715 
122 4311 5917 7669 9178 468 3543 2932 5245 668 7912 4633 5318 6560 9912 3451 7501 7558 8159 434 9877 2494 1625 9199 2136 
123 7133 5788 1476 300 3158 4526 2857 9988 7706 1593 8891 6578 1478 9431 6313 2279 5929 6258 24 80 7288 4490 991 1358 8134 
124 3981 7072 5917 1933 1722 6896 2058 79 8951 2723 811 5419 8725 8438 6621 9699 8134 7652 
125 9545 9040 425 5662 7699 5052 4314 9786 8154 6900 8674 2889 1362 8848 1152 7927 6875 6613 
126 552 4941 4780 2171 5500 2643 5762 1454 7684 3364 2165 1290 5442 501 366 9874 4649 8289 2657 3017 2052 6226 2699 1625 450 5112 2175 
127 9244 4035 6376 5138 9073 9451 5746 6613 1724 4883 8241 2099 4082 3993 2517 4170 6520 4020 1668 
128 6827 4948 1223 2607 1850 6262 960 3631 6954 6743 118 4813 3157 8977 7238 3137 7557 657 7883 2945 7133 3905 3032 8491 2288 
129 9404 8233 385 965 1988 9694 6181 8091 3243 4734 9891 5073 2 8183 6938 1299 3830 
130 4901 6978 5198 9089 9533 1295 5316 5330 9174 487 353 713 4481 8985 8410 270 9327 8644 6936 3578 1289 6463 8125 3728 2128 1534 
131 8423 9989 4450 447 4977 5519 6155 6282 2926 4573 9679 1693 8617 8718 84 3070 1496 
132 259 9380 7579 4188 5593 4087 8724 4375 1144 360 3972 8827 1911 8839 9601 5412 7545 3111 2414 3103 1125 6613 3836 8491 
133 3377 8062 545 2150 1105 9576 1939 9323 7425 7997 1896 3365 4672 7439 5176 4835 6212 2999 4956 9230 325 3468 1121 9848 
134 6115 3528 7513 2088 6427 7639 8365 3481 7609 6134 6514 3622 6454 9693 2521 9555 9829 2666 4901 
135 9461 7820 3653 7769 9861 1317 3568 2034 78 25 6375 5664 7624 9584 3074 2503 5477 2569 
136 4107 9007 1721 4777 7930 8515 2155 781 2196 9345 6951 7283 1488 1710 523 2121 
137 3521 4880 3894 9911 5367 9462 2761 8587 423 8253 9049 4008 443 1195 6613 4077 
138 3074 8193 8710 647 4107 8056 8181 7444 9114 2103 2687 5559 2142 4994 4770 201 7153 7699 4855 7240 
139 5748 8609 4470 6937 929 7628 8890 4121 4388 7917 1968 4141 6082 
140 3664 3590 1907 1469 7792 9512 818 2848 6007 2459 5083 4180 6327 6938 
141 7069 6048 5637 8012 1186 5346 6916 7995 5267 8950 6882 7438 6899 3371 9139 5715 7762 427 
142 6387 2736 1156 4614 6089 4731 7472 1667 7408 9517 6428 8470 4112 6271 7201 7852 4314 6030 4639 4107 6258 
143 7179 9607 7180 7936 2013 6303 2431 6724 5293 2773 8476 2098 5144 1028 1279 1465 6790 427 
144 2555 2 6982 3476 7461 3758 240 8585 7714 5949 4328 4032 4116 3543 2533 7956 9731 6465 7240 
145 4647 6139 7101 6750 6909 5607 6961 2393 3044 5323 5687 7708 8044 3411 4099 8186 5028 4985 7507 2960 9615 3012 9007 
146 5846 3077 7153 3831 8172 6126 3084 8408 9110 1562 1431 2213 1490 4581 5156 7454 3012 
147 9968 1042 782 7694 5605 1963 820 7351 8554 9791 2896 6113 9207 3753 4521 2611 891 5112 604 2229 9965 3894 
148 2240 1383 2183 1085 9652 7438 3054 1696 4707 2215 7325 6518 5002 5612 778 9844 6577 1595 7153 6251 2340 2 
149 2670 6592 7599 4407 7631 8358 4803 8766 9710 3060 8646 229 9156 800 6537 7722 8462 5341 1984 3830 5507 4314 
150 6744 5401 3061 4624 6523 6778 3580 2697 8263 8025 822 887 2169 8228 4767 4854 9990 5916 1534 8644 5340 7762 1668 5412 3982 
151 2962 9615 3672 6321 3261 5558 9102 2007 2908 1546 2805 6276 6807 7587 2188 1524 9083 6044 5003 3753 5437 4035 979 8406 
152 7379 5660 1912 8775 4043 8043 1335 4347 9675 2785 5744 2289 7487 4993 8845 6778 1454 108 1429 1164 7153 9139 
153 7001 367 8386 6547 9777 6470 8425 8862 9831 9164 9374 9305 7946 8298 2365 983 7854 2421 1640 2979 1121 2422 3877 7709 7949 
154 2414 9795 9316 5840 5086 2965 3158 6291 8433 1663 5858 4312 5528 3799 4941 9506 8125 8495 4199 9669 
155 7517 205 4923 4093 6390 7610 7960 6305 2855 6404 8980 6283 281 7765 3776 321 2933 411 5023 5908 7734 9926 2183 4619 9160 3377 3885 2962 
156 569 8092 6895 9351 3629 5280 5068 7979 9424 3482 8597 4144 3041 621 9418 2074 2158 5507 8994 
157 135 5467 6360 316 4787 1188 2869 9112 5204 1355 3733 7044 3393 5662 2958 7795 9075 6938 
158 6044 7759 3869 7688 1950 5989 3012 7961 7400 1049 3021 4908 854 120 4562 2036 4237 7235 1138 7992 1580 3783 5758 9129 3074 321 
159 5784 6460 5477 871 993 5674 5335 145 7673 3036 5038 1756 3739 7428 5263 1600 2182 7538 7864 
160 3521 2962 9013 8780 6327 8552 4241 1471 729 365 3494 1531 1179 2550 6379 4812 8805 6351 9562 238 1429 3158 9007 
161 7367 1195 7652 3576 5713 2190 1056 2341 69 1039 914 6715 2100 7225 1927 9510 2006 2962 7511 7267 9273 6547 5788 1383 7153 
162 4378 718 272 9404 1169 472 7652 7481 8821 3600 7790 9011 8194 6152 3937 7791 3936 8406 7762 
163 1299 2630 6020 9398 8910 3935 8998 3830 8803 3634 7127 7173 3259 7413 1263 8057 6506 9408 6888 8387 6688 9007 2943 7787 1134 321 8140 935 
164 1871 3326 9132 7861 7932 917 5389 7365 7410 7163 9476 1987 5465 9048 6680 4505 5688 888 2187 7249 3108 447 6949 1383 3395 774 9013 5005 5788 5848 
165 2240 9270 5326 3432 2682 3998 1394 1683 4206 3920 766 427 8717 491 9397 1375 9848 
166 3926 3383 8716 5867 5732 5134 4948 3338 6088 3966 5070 2716 5999 6756 9930 5772 6292 2615 2288 
167 7519 7213 6359 9463 6377 3772 3880 684 2286 6 1708 777 949 4588 480 348 6671 8022 9004 1774 1134 
168 2437 7087 9671 6254 2792 6567 2962 7541 427 6087 6140 1608 6401 1873 973 4914 6905 1548 6609 1576 4664 2986 4199 8491 
169 321 1868 8431 2676 7807 7971 9015 4799 5044 1363 2446 5186 3368 2049 291 8227 7730 6742 5099 8406 2679 3982 2412 238 
170 5251 3089 2752 397 7733 3486 1042 8387 7193 8850 9549 2204 260 8272 6337 3625 2249 1453 3012 650 8116 6360 9265 4526 
171 7652 3163 9036 5609 4622 3374 4797 58 6861 2326 1341 6622 1731 3015 6092 9789 9501 1064 1904 7237 5814 4791 1353 9560 5962 1134 7153 
172 3012 3885 2299 5964 6002 2004 717 2974 5954 8561 2800 3693 5960 3113 9224 4855 
173 3050 4354 7736 4698 2696 9843 5552 6627 79 9858 8773 7071 5647 4266 4712 1160 369 5326 8668 2766 3038 7029 2288 5677 7949 9270 8994 
174 3316 9621 2698 1619 6134 1972 4311 9483 3606 5077 9706 702 3632 1038 5047 8579 1534 9842 5322 200 4901 
175 8528 2595 9970 6409 321 7737 952 6843 8416 8103 7156 6176 2515 3458 4604 3677 3536 8387 1343 4909 
176 1343 2898 5961 1800 3429 3990 4532 9862 193 4236 2531 5582 809 5242 2193 2288 4261 4901 6054 
177 4232 4359 4610 8829 835 7795 3584 4379 8526 7294 8130 867 3655 1196 510 2643 2387 5654 2327 1396 3012 6486 8174 412 
178 1246 2693 1869 8133 1606 4975 2699 2329 1960 6145 8834 5538 7341 2420 9113 5007 2171 1125 4886 1710 4170 5412 8125 
179 7456 5715 6258 5831 7197 9543 3116 6706 2453 6426 8731 8557 7084 3023 5437 7652 9545 
180 7968 650 5520 6188 6416 4337 8442 3079 7859 6795 5321 3602 9659 8794 9392 5331 4228 1782 3071 8490 3075 6014 2158 2643 
181 2288 3665 2444 9649 8462 2008 9348 6834 8676 6735 3904 1760 7886 5779 3502 875 5849 5304 3362 2109 1668 
182 2643 719 5921 1741 4033 5260 9139 7675 4487 1213 6358 203 9825 2529 2377 7806 1134 7688 6460 2527 5048 7182 3926 5029 979 5248 5715 5962 7949 6613 
183 2 3432 2732 9991 1043 1134 332 3820 205 5494 3812 8824 3309 5153 7630 9484 3329 7352 2087 5915 9490 1343 979 
184 7902 1276 8947 6953 499 5738 7045 8021 2096 4284 7547 5345 2467 2332 5445 9812 5783 3894 7795 5962 1668 7883 
185 2818 1641 7146 2349 355 2114 2519 431 1393 9650 1596 1810 8468 8489 7186 9196 3005 7732 6327 
186 1607 1658 857 4974 6867 2343 8502 1587 5119 5796 4559 2857 4708 8324 3279 1105 6986 9848 4345 1134 8352 7355 6044 2630 3074 3012 
187 6161 7950 6454 2404 866 6616 6798 2630 794 6920 3910 4117 8230 507 4242 8092 9661 3152 7689 435 5885 3281 427 5762 
188 4362 139 9444 7023 5030 7040 925 8714 66 2116 7110 7027 1550 1127 7680 7678 6386 5196 6332 9270 5323 4399 6095 183 427 1134 1979 
189 7652 1583 6326 7683 3783 6334 1367 8313 4253 7775 4795 9347 6151 1371 4781 6299 4276 4168 6692 3012 935 
190 9800 3942 4866 6623 9573 221 1332 3269 7489 6274 5164 734 5215 2621 2246 5309 8200 7839 7133 9968 7762 
191 7864 2223 7136 3666 5651 3885 2874 7246 8799 7076 5650 6713 7710 2698 9852 3376 183 2643 
192 1986 8078 7476 9313 6417 3497 3220 1463 771 9186 8147 5843 1102 357 2119 6889 5064 
193 4624 6687 3207 7454 7788 1383 3072 6538 3766 5481 9379 7385 154 7801 4953 7449 1058 247 2239 9990 2439 979 321 7699 935 7762 
194 9219 8008 5666 2858 1814 9643 9968 7727 5854 7652 9902 7944 694 9228 4526 3830 
195 2904 9615 625 1552 4070 6554 1495 6453 6509 9311 5771 3981 8711 4963 4858 8966 9656 8487 8402 1104 5864 4796 1090 3261 9807 1042 4367 
196 6201 9703 5386 3314 3853 417 2612 9896 4195 3676 3370 9155 1700 8344 4222 321 8116 2704 4180 
197 1353 7474 3936 7622 2010 6528 1482 4690 4259 2579 6912 6227 736 5918 1085 259 8439 1750 3894 935 
198 9842 1601 4828 7153 8930 3226 3493 1932 3726 732 7409 8254 3897 3109 1067 2186 5581 7407 3756 6224 2128 7627 5689 8644 2892 7709 
199 1375 7526 8533 6186 1154 9657 9416 9558 4293 5101 2237 5517 1146 6369 4189 4093 2970 3586 3830 3377 412 
200 420 6875 5383 7055 3135 2745 7177 8556 362 2353 5142 6058 5080 3061 483 9977 7666 6545 9249 6938 79 2555 
201 8140 2611 8235 9580 7602 8342 7570 8973 3379 2539 7686 1125 3427 2141 4489 8389 2987 2495 1473 2577 4199 5860 5064 9007 
202 6584 2423 1060 519 5125 3609 5313 3775 9701 3735 1193 3918 2346 448 
203 3376 2005 7296 7933 9129 1150 7419 2894 2424 4878 9279 819 2562 8871 1656 9771 4686 5041 4278 2768 2957 9551 6306 6537 
204 2735 177 8220 1705 3403 6869 9918 2865 4468 6051 3114 2062 1623 7841 4909 6933 7596 1843 7676 6115 1979 
205 321 8599 8507 9493 4431 8431 4693 7030 3479 6258 6641 6153 8751 1035 3097 466 8613 4830 4985 8686 5322 7759 2685 
206 9374 2533 4520 3080 4037 5391 7219 4210 450 7560 4534 1893 7217 19 1109 8494 3452 6677 6482 5099 761 7864 
207 4035 9129 8121 2668 4020 3982 1668 2740 4709 9236 7364 985 4289 4564 8672 4154 878 4177 6233 1808 6558 5412 673 5340 9007 2986 7153 5880 8406 
208 5322 1149 4034 726 7929 2707 269 4418 4377 3305 5566 4065 8453 4544 6302 4060 2827 1590 9104 3334 3635 7105 7187 
209 7254 5218 1835 4496 5328 8942 4979 627 6987 7931 9086 8531 
210 3877 7439 1611 5304 3842 3944 8982 4313 6355 6020 9633 7618 9668 4084 900 3035 4891 8481 1368 9412 2375 4745 8041 3012 
211 6054 8284 8994 8881 2125 2781 8069 4680 9041 7564 8491 1529 9247 2026 8315 8785 3363 8332 3435 89 
212 1153 9248 8287 7904 6295 6479 394 7012 6860 5861 296 3777 8705 1178 3862 7743 901 6778 6550 7120 259 569 
213 1784 2603 7007 9238 5719 2305 5848 9405 5217 2104 5360 6202 457 8647 8650 2975 4357 2327 
214 9453 8920 3581 613 244 9721 8571 4162 4983 4737 6389 2055 6659 1407 2228 3241 3513 9075 412 2643 
215 2713 5953 5179 2167 4151 1191 9466 3703 1045 4814 7907 3784 9777 2651 8841 8387 
216 4855 7038 1877 5445 4110 3506 1985 9168 9318 2722 8941 9098 2770 6344 249 6547 3074 
217 6049 7266 2340 9586 4414 883 3729 1775 4170 625 9029 9559 3847 8474 7370 5882 4760 2672 9037 79 
218 8069 4967 1774 9050 8185 6913 8733 3362 5773 5061 2327 8673 3129 1197 6289 9491 2935 6531 8788 4362 4928 3379 1555 352 7147 7949 79 9007 
219 9075 3240 7790 5239 2666 9283 4636 6635 4007 3758 157 4192 2668 138 1564 3652 5873 598 1190 8781 2080 7053 7756 6630 3172 6817 6236 4884 1979 3012 
220 4129 8125 1401 6621 745 5962 3750 4402 9395 6451 3681 8223 6298 2938 4548 5813 6365 6042 8209 1864 9533 1216 7342 3641 4736 2157 8539 8183 9374 4923 2288 4855 
221 4786 6415 3128 4916 3165 5454 698 3779 5524 1288 2610 3626 2109 7940 3074 6292 7919 4199 7736 420 6938 
222 8601 9172 2072 7909 9119 7368 5841 6395 245 27 8887 6404 9299 7880 2155 6101 
223 6391 4494 8807 1097 8798 6418 8205 7406 2214 4792 6211 9730 9969 9353 5248 131 8908 279 5129 4531 9075 979 8193 8406 
224 5445 7426 6767 5095 6544 1059 1931 4857 6077 7617 9511 7813 9783 5020 5764 1116 1999 2962 6534 8491 79 3584 4326 2422 3894 8994 
225 1405 140 6693 5560 4368 4740 9714 4339 986 3065 1668 1105 
226 2264 8832 3905 850 3249 7142 1763 4238 2275 3557 8838 211 4015 1847 6124 4326 542 3554 8327 2033 5219 2146 7050 6537 3543 7997 1625 
227 4824 1560 8484 4077 207 3801 1566 8859 3753 5088 2797 4179 3894 1255 9359 3866 9300 6557 9402 1979 7429 2240 6161 3877 3553 8696 
228 7786 2990 4349 402 1793 8429 2903 9291 6141 8867 5563 3833 6357 5296 2856 3012 
229 8685 1562 9646 9666 3262 9377 767 1826 2244 5412 1201 9215 1828 9001 6644 1047 1139 7254 6503 2818 6938 
230 6465 949 4561 8375 3023 7396 606 6143 7970 5904 3956 6161 642 5206 5962 8098 8975 7884 26 5283 1415 6482 9007 
231 2699 5543 8728 8418 1329 6398 9440 102 5693 8670 3023 7270 1406 4623 6796 7505 7919 3757 1942 6011 6391 541 
232 6922 6320 5526 3186 9369 9163 8564 5869 3433 155 5120 5539 2500 7298 5537 9003 2340 8728 5445 8104 8209 
233 9138 5715 946 8377 2414 2454 1383 1980 5592 2576 4746 7817 581 4187 640 342 1246 8844 847 4362 9842 
234 5099 9533 4199 3700 9215 2650 9758 238 5604 5700 9264 7316 8419 9384 4421 1442 5203 415 8559 2522 1668 4660 5437 935 8794 7219 3894 5880 6547 3877 
235 8994 5583 4959 8015 8532 9816 3817 2185 6894 3053 7274 1813 791 9108 7534 7569 9244 6509 6613 
236 8491 8912 7099 1327 8406 1234 6510 1754 49 7867 6522 7649 4818 3113 3521 9224 
237 4020 5295 7949 3830 9010 8693 5801 3603 4057 441 2516 5541 8037 2384 8498 1017 6975 3579 6981 5865 8910 4563 3232 5383 6153 3982 5412 
238 8227 5429 3543 9071 5348 752 609 4358 7473 7247 3764 404 5190 4381 6180 7850 2121 828 4385 
239 843 8848 5129 9302 4984 7120 4031 3500 826 5121 905 6832 4753 8671 545 7053 9659 6938 5715 3830 
240 4199 7575 7088 3006 3827 8580 239 5525 6437 2744 9115 4416 5192 9997 9094 1560 5308 1256 1750 3859 6799 5042 5677 9448 9979 9757 7474 1105 5748 
241 7204 1287 863 5277 2113 9273 3117 1905 796 6604 4612 3715 2047 9845 5986 55 1582 1410 199 1670 7883 79 
242 7880 2972 1032 1343 916 8964 6223 2808 9627 5522 7808 9847 9304 3877 8003 9290 8078 4787 3376 2155 
243 703 7754 9772 1890 2886 6470 65 153 3011 968 3750 2240 780 5412 2288 
244 1524 3343 4531 5471 6244 8400 1674 5395 2718 2220 7354 7215 236 1328 1767 5885 5322 935 6534 2128 79 8644 
245 7333 1979 3758 6082 5099 5322 489 2753 7451 9964 1944 6565 1063 9237 7366 9788 1346 5895 1091 7410 5288 7055 6458 5412 2121 
246 4909 7240 1849 6018 9032 1654 1215 9603 4594 6483 8075 1128 2106 3371 8528 8212 
247 2412 7392 9735 295 3153 3454 9871 6530 8260 3392 5584 117 5448 8046 7697 9340 4717 7782 9677 4728 3584 2962 7575 
248 6067 3547 6802 4282 5839 9990 1441 9324 330 2790 7949 5983 4028 8898 5845 2359 4161 4020 5400 1799 412 3012 6101 
249 5003 9139 9181 4333 7509 7696 8212 6354 666 4123 964 5863 4193 3151 8968 7389 1226 9319 3277 7899 9453 7762 7653 6547 
250 3441 997 1270 8703 3018 9375 8222 4038 9700 5762 7285 9299 4985 935 7732 
251 3543 7545 901 279 9521 4372 8698 3313 1370 3696 6800 9734 7955 3291 880 2685 2807 3242 8591 1065 2413 6827 8663 9533 
252 1058 6428 5339 8844 2345 3463 7709 7167 2143 5329 9080 7160 6744 477 2499 3977 9809 6440 8444 7745 2649 4234 321 979 2986 4679 3521 9842 
253 2986 780 1984 7756 3203 8934 485 9133 528 9523 3811 5818 3106 6153 6300 3215 1848 3648 9942 6309 2064 442 8269 199 7200 5862 4619 1791 4463 1328 427 
254 6082 761 3561 399 90 6469 7977 9253 928 8390 2883 7383 8795 6923 4456 6606 7906 8812 1050 
255 1934 9995 798 8570 3270 1041 5783 7059 3563 4020 9545 6425 7377 9778 6654 3771 76 6464 7048 745 5762 
256 7791 1137 3380 8887 5849 6129 1644 4697 9830 3702 3856 2992 8876 3620 943 7776 8152 7922 4539 2288 8406 
257 2240 6029 2203 1242 4822 7170 264 8252 4898 1952 6977 5163 6064 3271 8066 4552 7933 4692 2412 3894 8134 3982 
258 1790 7922 3229 5589 8105 2690 3839 5351 8889 2852 6164 4809 6136 5490 3671 8896 4958 3837 5848 6962 8284 7736 
259 5507 5286 1273 1979 3103 400 6759 823 1879 250 7020 29 6036 876 8796 8560 5437 4071 6187 8832 4176 1984 
260 6458 6675 4004 8406 5896 2002 2489 4574 8371 1330 4901 3046 6996 7499 5893 5450 9793 5939 1053 3783 8212 6347 3408 1353 3792 
261 2704 4400 2 5149 1429 765 5696 7405 8744 6290 9527 3043 450 1637 3737 2779 9766 7548 6054 4199 
262 2340 8600 8566 2902 4011 5794 8109 590 2474 5630 7881 4669 9200 7894 757 9160 9265 5824 4472 3342 4401 8462 4943 1496 8284 647 8212 4180 9842 
263 2962 9197 7289 1079 4870 7240 9957 6445 8236 6691 3700 3244 7779 9130 6647 4802 9275 3034 6341 3846 5862 4367 8831 5326 9244 5340 4326 3877 
264 7355 2189 8239 9939 7703 1224 9457 5803 4896 6242 741 6405 4091 5715 
265 4377 3757 930 9325 3989 1613 8503 6938 14 9655 552 6918 8830 8320 3877 2323 2415 9935 6707 735 6094 3630 9836 8470 9075 3885 2643 
266 1121 3304 2555 2927 340 444 9428 2578 5910 199 7692 4958 8198 3691 8460 3945 9403 226 2078 8088 8092 4784 
267 1496 7883 9968 7762 2288 3714 9764 8111 141 8058 9540 6670 2962 4216 6195 8427 1247 3414 1083 32 7654 4314 4045 5226 6349 5762 9991 6778 8387 2240 
268 412 730 8506 3539 8131 3199 5816 4819 8810 7732 546 1632 406 6989 2717 1455 710 3602 9404 7023 5509 1305 9007 
269 6613 4909 8183 4071 5821 9510 7198 6511 8770 8290 5913 4811 7517 5407 5437 4455 1413 6267 96 8265 9992 7042 4782 8026 9374 
270 4069 8014 8130 3074 4361 2968 6608 5265 5657 2574 5261 4344 1316 6315 3981 5471 9138 7474 5446 3144 8005 
271 3751 4988 1339 3354 7749 7984 3582 3637 4002 6189 6057 5567 2966 5105 1501 3523 4900 7687 1742 6467 6938 
272 352 2260 2856 9654 8257 1923 6084 2298 3163 9101 4935 3288 6886 4197 6489 6275 4919 2858 3758 
273 5064 1710 9114 1496 3936 2240 3510 4571 6219 7043 6620 8543 5667 4653 1998 4009 5458 1668 
274 3491 8782 2666 5569 7232 6239 831 7332 7699 4020 5059 6488 5529 7575 
275 5248 3043 9898 321 790 5798 5531 4727 83 8247 8514 1540 8220 4469 1458 5485 9406 8134 8881 2327 447 6534 5762 9968 
276 148 7413 311 6306 3172 5019 2358 5241 8530 9932 3184 4539 6264 1103 6700 9765 4167 9078 1993 935 7379 7153 8125 
277 1348 6613 686 5373 2164 8087 5998 2105 9175 9051 3322 5799 4625 8471 2981 4443 7699 8994 8387 
278 5880 3758 2904 9583 6537 898 616 9582 6838 3748 5703 9750 7789 1299 5957 4592 9585 5017 3521 5547 3074 1252 3207 1153 3914 7652 745 7438 
279 3012 7868 6021 3965 9116 9938 4807 5034 8709 7161 2627 8937 6692 7397 7251 8013 644 7652 6469 6258 7883 79 9244 4311 
280 3023 7105 7542 2288 6924 234 503 6942 5187 8051 9219 5934 1614 9541 1821 7313 9232 8491 8528 259 8994 
281 3004 991 5810 6765 7553 219 8134 1058 5352 4527 9383 169 6038 8961 6698 7875 7543 9827 3584 5181 4035 9775 2555 8387 9244 3012 5715 
282 2121 5097 3837 7821 6287 8123 9595 8153 7506 7640 3711 2340 1707 7880 3380 1871 9842 5507 
283 2346 1358 4356 8188 912 610 7 5501 3543 9581 2201 159 412 5 4295 1048 748 3852 9298 1347 1598 5898 3146 5307 4035 6538 
284 7077 4345 7314 7740 2191 5172 4929 6507 1809 4254 925 8148 5692 3470 8534 4838 6402 6170 782 9842 8651 2349 7606 7 1149 
285 3331 7653 1248 7762 6105 8042 7262 9245 1787 3650 2918 692 7805 1150 420 9404 6390 8812 7413 8125 
286 8068 5899 7423 7369 9487 3113 1238 9190 7248 3643 3796 8645 1299 9916 4041 7736 8912 7219 730 6672 2013 2288 
287 7438 9852 6216 4619 7713 1051 2416 2355 301 2882 4735 2875 4432 1309 799 4665 6481 7553 6778 
288 5772 1542 1665 5502 9865 2240 2031 5860 1499 8492 7833 2497 3350 5147 3855 8763 7240 8406 1670 
289 79 6464 3405 1916 5942 5872 8612 6619 7747 3012 4258 2795 6190 6935 6568 8211 3014 4859 8994 
290 7285 7029 5838 5767 8142 4245 3804 8302 2238 6599 9685 769 6431 1818 5090 4965 9467 7210 6470 2704 7179 5762 
291 2304 1534 9565 3104 437 2791 3836 935 9056 667 4937 2389 9358 3183 4181 6781 7954 7569 8445 2555 4352 3543 9545 
292 6525 1004 2127 9994 578 9842 5369 5870 2553 6556 9811 984 8600 2025 321 7438 8125 
293 9007 4531 6424 1352 6851 1841 7537 4944 7559 1720 5530 8215 4841 4128 4356 4884 8601 4967 9244 7413 9301 8920 4199 8125 
294 6712 5964 4342 5740 1095 5482 5257 6175 3808 9153 4385 5478 577 3941 6540 2140 9436 5229 3905 4286 5507 
295 6296 369 7036 7318 2917 6547 8488 2160 421 3560 368 2124 17 5327 8348 5239 199 1042 3545 3758 5848 
296 5448 2192 2538 3708 3178 6112 9335 5368 7096 2399 8312 9819 6209 5050 6658 8167 6554 2383 3427 259 5848 9968 
297 4106 1930 4391 9173 8505 4272 9371 8411 1681 810 5208 9139 9465 1962 7652 
298 8269 9533 2198 8618 3265 2923 4150 5430 8885 3840 7848 4475 3997 6000 7415 2439 8722 1014 1287 6890 6922 5340 2288 8716 9007 1105 9600 4352 
299 1668 838 8450 5211 2790 2526 6921 182 101 6672 4714 8762 5096 7093 7363 2481 7533 6515 6661 9739 3006 3830 7713 1790 
300 8145 4962 2617 4691 1142 22 6022 8234 8282 8499 1423 6865 6519 7086 1964 2210 4942 712 8125 3665 3251 9518 9224 6635 2904 7266 3982 321 
301 3146 1638 7050 971 9109 3240 9818 2236 7798 2989 3949 980 1456 1437 7296 3163 7732 
302 6351 4212 8981 8842 1315 5075 688 9533 7021 9937 4297 73 1173 7545 745 
303 7762 1670 7267 7787 2256 4719 8340 6496 3312 425 9873 8434 2915 9195 2850 6085 8991 3668 2340 2346 7240 9968 
304 79 8910 847 8345 5175 7956 1762 1534 8688 13 569 9362 2555 9285 5386 9578 4587 8449 768 2251 7458 5149 6139 2986 3836 6467 
305 6635 9259 9478 9645 6044 1929 1984 8837 5751 6457 8466 9674 6410 5535 8083 8722 3316 5212 5898 4377 
306 2870 5645 5212 6748 8816 7037 5748 1380 2986 420 8004 3754 1647 5097 1187 2065 9184 6318 6600 2774 2060 8848 552 1524 3728 7949 
307 707 9349 2486 4507 7698 2810 9757 9579 9755 5901 5294 172 4243 7331 9481 9178 9928 1961 165 4967 5507 2893 658 4352 8741 6687 1625 
308 3103 4286 3032 6385 1711 2970 3160 5802 6526 1125 18 8331 2601 5268 6736 7456 202 862 6270 63 8341 518 3550 5006 9179 5504 569 8384 2537 4958 3074 
309 1105 5340 8918 1774 2866 8789 3642 5011 9107 1672 1727 4097 9533 967 9209 7026 6946 7997 6547 
310 4855 2643 4442 8125 7438 3376 3227 6406 2401 7399 2319 5728 8478 3377 7054 5596 2339 9309 4132 3111 3572 8085 8840 6500 9260 1956 935 625 6584 7709 
311 8711 1260 1336 695 6863 3319 8878 2884 1348 4845 8677 1697 7770 2552 8275 8720 7153 3994 6310 9120 8566 6130 8722 2 5643 3074 3836 6827 
312 6014 6547 9968 6336 130 3231 9834 5534 6695 3016 7741 5339 6776 6452 8316 9948 4108 30 1083 7072 776 8883 9244 
313 8462 2422 7486 2929 2074 663 1761 895 7525 463 9295 2787 847 4584 6979 535 6482 4051 6967 728 1622 2079 3304 7699 5543 4705 6547 7652 9615 6538 5880 4855 3982 1668 
314 6030 6538 30 2867 1940 2721 3409 7822 3669 3535 6477 5514 2925 7582 2837 9495 53 8624 5072 3858 4400 3586 7883 1524 5248 8134 
315 6666 3284 2643 745 7172 2819 5364 9524 6632 5606 4194 1070 8431 2121 
316 7795 5962 2107 603 5587 8067 4933 5412 7309 6572 6117 2173 8678 6910 8431 7438 527 6613 
317 8687 4970 5737 79 5875 5950 6777 9474 3633 2638 2725 6959 6480 8811 3127 4340 6336 
318 2480 2983 1364 4879 7657 1978 2168 2639 5388 8518 7001 9866 4688 468 7988 6590 6938 1589 5386 4901 5962 3012 
319 2327 1238 220 9083 376 1858 4081 9159 6859 310 6512 8294 9255 742 4742 1745 8864 1865 8594 4926 7355 7159 2315 6285 7736 2538 7438 5341 2121 5340 5762 
320 7713 9347 8797 1465 4616 1425 3743 2737 2344 2591 4832 2391 7551 851 555 6793 3983 3914 2976 7055 2962 8005 
321 2407 2146 5234 8363 4695 5150 1220 9376 7647 379 7393 8163 4309 6465 897 9537 2063 9637 2900 2240 6067 
322 979 5848 6827 935 4453 5947 9526 7 8819 4109 4846 3200 7619 7997 9970 925 9265 3936 7699 
323 76 5111 7013 2383 3607 7725 8856 3308 9676 2101 7244 8143 6725 9625 5958 6575 3649 745 2288 
324 9211 8635 7062 2486 2314 4590 8603 9000 7148 9972 7874 1495 1025 6978 238 1774 
325 4352 1289 1091 6671 1668 1779 9453 2464 5785 137 6352 4256 5876 3208 9012 5962 6505 6407 7119 649 2555 6101 3567 8130 2615 4909 
326 183 8583 7293 5623 6997 39 4778 1552 5446 4510 8952 2310 525 401 8643 4506 7606 4765 
327 5340 105 4884 8539 5193 3230 2029 1798 1557 9199 8403 77 6266 2985 2709 9372 9145 1253 1815 6892 9276 3792 1496 6534 
328 427 6538 9551 9848 709 2771 9499 1859 3864 3485 6543 5734 4955 5359 8235 6397 3624 2402 6631 9800 6001 7204 
329 4783 6166 843 2302 5375 2195 608 440 216 1753 2564 6069 2962 9968 
330 2288 2978 6770 1365 9930 2000 3298 2629 9103 9763 7440 6646 6686 3758 5553 8287 3376 5064 
331 2155 3032 6771 3238 7191 2232 3003 9262 7972 662 170 7831 908 8448 1669 6498 1093 1934 8293 
332 9013 7210 6550 5758 3111 358 7199 1523 255 9090 2683 8086 7074 3385 5684 9900 802 8130 1601 4045 8566 3103 3586 6101 2986 
333 2439 2491 1206 9775 9804 4924 390 8113 8122 1772 7012 3586 970 5512 3527 750 3902 7733 1117 6827 6584 7883 
334 3877 5848 7833 3675 7064 9129 3699 7435 3066 1105 2211 183 2197 476 773 926 3194 7865 9007 6269 1668 2404 7586 6134 8293 2986 
335 8470 8135 5690 2264 6434 559 5169 8150 2594 1731 2440 9401 7498 1324 5219 9151 2986 3584 475 4664 1822 3982 
336 1752 8218 7719 7137 6712 751 2833 1832 9946 3373 5366 8374 8631 1500 5871 4340 838 6538 7153 2 1105 
337 7699 5437 6423 6343 575 4667 722 380 4409 3533 8832 727 5653 4638 412 3424 8786 4636 4362 6547 
338 7200 3408 5992 6465 9261 7185 3381 9717 1746 7663 8997 312 2962 4982 7762 1073 6870 5917 
339 7044 5112 9436 4517 9337 8651 4664 5797 3275 6584 6222 2288 6436 5973 8758 1903 9077 1148 2822 8988 3982 3235 7087 1542 2732 
340 3363 9027 1686 6149 643 2247 5062 3889 8888 8572 1086 5379 760 5628 881 3086 8464 6741 166 7762 8293 9968 2340 1454 
341 9160 8663 583 7895 2962 5661 4497 7452 4575 116 2616 9984 1717 1765 7846 2027 2488 5775 8118 1248 1763 8174 9608 7845 3521 6467 1774 9545 
342 5898 7285 4310 8136 9197 4327 465 2674 1567 1092 3532 1398 8882 5055 45 7513 5636 2652 3158 7088 2288 
343 6482 3555 7143 9884 5781 8671 60 5926 4292 6824 520 7814 6538 
344 9301 4901 8896 7796 7746 6574 5833 5170 7338 2301 352 5160 1588 7194 508 1986 3758 1668 
345 5677 5715 3051 5546 2951 354 446 7065 7709 4483 2473 5727 3927 6217 5850 3528 8830 6258 
346 3720 9301 7041 6991 7291 5724 8249 8129 3189 7567 9039 574 2285 4605 516 9197 8293 3074 
347 1454 5996 3870 935 3256 9876 5431 665 3746 8372 6947 7565 7695 6944 8484 2114 
348 7652 951 9908 6827 2465 81 7851 3818 4053 5880 1271 4325 9678 9705 6177 2834 4855 3182 8049 2858 
349 7012 2114 511 5726 3 9026 9370 303 3344 7395 8278 1091 7824 4199 5511 7844 1435 951 2741 1950 9138 3936 
350 321 238 9968 3456 2483 4546 7691 5098 8084 1395 3397 2618 4334 1137 8357 9018 6564 4398 7652 6054 
351 5869 3064 8405 1610 4765 8333 4171 8662 7055 6123 868 9060 393 2881 3794 1662 9415 9968 8671 
352 6534 8812 9955 5572 6903 896 3163 6705 7598 5385 2877 1009 6880 7965 6490 2325 1625 2456 3431 1743 3959 992 5600 9968 8332 7517 8293 5715 
353 712 4628 3697 6758 4129 8242 4613 3027 5997 8595 3245 109 8640 8965 199 3380 5445 8495 
354 9990 7438 2518 5163 4269 1505 6945 254 4661 3883 5756 756 9936 412 9045 4677 6960 9400 7637 2120 2757 1 1925 6561 2790 7736 1293 5962 5607 8722 3074 
355 3537 569 6681 977 5178 4249 9749 4976 2560 5255 5298 797 8851 2704 921 3077 
356 8907 3509 7278 5980 9385 3798 6893 4997 2704 8659 1451 7496 9708 9070 8666 4404 541 2669 3873 4988 
357 3982 1299 8908 6810 4788 8938 4635 5941 1311 8421 6628 1508 6204 1349 1005 
358 3894 9218 1141 5755 8293 212 5634 7981 246 6076 1261 8757 3805 9217 2673 132 2773 
359 7732 6986 9713 2064 6458 9160 1219 8852 5670 3736 5342 3832 2269 7272 5578 8599 2708 7379 2839 6380 2790 9968 2058 7699 
360 6178 2209 321 443 9244 5925 4946 2767 4739 1901 6709 4565 8661 9426 8171 7974 9223 9386 6550 9677 8994 3543 
361 9979 2085 6955 708 3876 7739 4579 3888 9591 776 9286 454 6878 6597 3107 9129 
362 6946 4104 7260 7095 3524 758 1231 2728 6005 2093 3082 2317 547 398 3561 6404 925 9270 7902 7762 
363 1145 467 8362 7611 5035 4127 5951 8376 1240 6312 5401 2825 1484 4558 5966 3032 
364 979 4311 8708 3447 6230 8936 1373 4145 4743 8310 51 6462 677 4225 2735 824 8140 374 7001 1117 5099 5677 5748 
365 4045 6772 8927 1920 7239 5678 3661 8555 223 3155 6020 9387 1778 7414 9356 2823 6744 427 321 9533 4377 
366 5775 8922 4437 475 8081 1628 5434 8124 6815 1670 9904 6768 8883 5597 8706 812 4415 8732 1611 7892 1443 4764 2955 1868 9545 
367 6413 8713 7243 9669 238 1294 3939 8483 4153 2242 4390 4535 3434 259 221 843 5412 6613 
368 2774 6028 7413 8106 3345 324 1866 2333 8045 3404 2288 8962 9718 3577 847 5054 1734 9404 5340 
369 9903 2398 2254 9492 8446 7546 5548 37 6906 2557 8623 3240 2327 7296 
370 2128 4260 7116 1884 5787 1481 7324 5168 4135 9808 7524 7945 7698 5277 979 8049 
371 2058 541 2875 3020 3704 8030 4063 5067 4641 6614 305 5945 5436 5484 6167 7934 3012 7895 712 5141 7732 569 1979 2288 
372 3111 9688 640 5387 7607 5292 4324 1297 6808 6844 3219 7616 2559 287 2149 9292 5271 1411 5201 1055 2227 7742 8512 6101 321 79 
373 6001 7998 5855 8562 9368 494 7337 4836 7323 5295 7174 3410 5852 5508 8667 3023 9354 3982 4624 79 8125 3936 
374 3513 7732 6130 6914 8319 2885 1344 3148 3593 813 8138 8355 4174 7267 4073 2475 4752 6613 1066 2182 1534 
375 5219 1956 5862 2583 6099 7811 5230 5868 815 5183 6570 9781 5089 8010 8035 6047 8994 
376 9007 3830 5483 2030 1846 438 7056 935 8231 2994 521 345 1675 9691 6086 3710 2907 7275 7924 9826 2327 6739 5451 1833 925 2155 
377 2458 5270 955 7720 7575 6683 5362 1281 1272 2820 5906 2818 5250 4542 5209 6966 1000 5489 8193 4786 6547 4728 1216 9848 
378 412 9604 858 3792 9167 8630 2838 7066 4694 4215 6121 3782 6327 1079 8894 1900 8830 352 
379 2426 4068 3425 6234 4905 719 2369 1422 3366 8808 62 2593 1013 4824 1668 1557 
380 518 5349 1889 9751 1387 674 183 9544 2134 762 5299 382 2469 1222 7150 930 5715 5193 7652 3894 
381 5702 8634 4302 3520 7951 1955 4413 8248 79 129 9747 9461 3564 4609 7629 1228 3723 220 5860 3877 6986 3074 5715 
382 6470 9043 3533 6487 8893 1781 3069 931 3767 4441 5013 8164 9363 2749 2962 3836 
383 935 2679 372 6534 1296 1010 8284 8919 7554 4296 3860 7455 7883 2148 1194 7277 6178 9301 450 5458 2182 
384 6528 79 1181 5054 7347 6970 1941 5182 6774 6534 1627 8746 8264 3623 6466 9519 3028 5921 8722 6075 2003 
385 4340 9224 3602 755 660 8189 1570 6677 8994 413 8614 6362 2095 5676 7728 1769 8535 6429 3976 6934 9841 8948 2803 7983 5194 8512 9444 
386 6778 208 8387 6717 2633 4095 8456 6773 1252 2463 5402 1277 4815 8457 2270 5848 2426 8212 2566 8266 2760 1605 7438 5437 935 
387 8212 7629 1164 5365 6829 5515 5264 88 28 3132 7362 7226 359 9331 7985 183 7077 6771 3795 1238 8644 1774 8711 5880 6020 8994 7699 
388 8150 9216 1579 3521 8360 2540 721 6818 4438 2962 879 7359 162 1126 8599 2175 3936 9533 6534 2240 6538 
389 8406 7049 4399 6836 3789 6891 2542 3885 3610 2844 9301 2524 6040 7693 4820 6917 9702 1113 6474 1299 199 
390 3937 4705 8392 374 8994 6218 554 8800 7751 5643 1445 9802 6174 8140 2115 233 2630 6010 79 2 7857 3469 7340 9007 
391 6967 1252 2943 2794 5972 4152 1679 4828 5990 1559 7132 833 8590 3074 9007 935 
392 3575 2175 3496 3819 5458 933 8440 3296 300 8916 2067 3489 4650 6235 3936 7193 
393 7736 1731 1174 5177 7261 4572 8286 2 5682 6044 739 5107 7495 2777 8064 8713 4923 5580 3842 9834 7874 427 3894 3982 
394 3541 132 2543 2 3806 9224 2452 1185 1351 6576 6104 43 4377 9906 9682 1956 3803 7121 6504 3320 3079 9607 2773 745 
395 6737 8958 8491 1981 4692 3656 5161 7192 4522 948 2271 492 6716 817 2051 8459 3316 321 300 9010 3117 3894 5219 
396 4234 4965 5795 8994 3394 9883 5370 3293 8447 8996 2447 2024 7491 3543 8176 7088 2013 8812 9968 
397 2109 3468 8644 1050 5443 3657 5214 8841 5145 3134 4449 8296 522 3327 8196 1376 1803 7709 6161 3877 
398 3285 673 5457 5995 2569 4602 8116 5355 5638 9381 4757 5877 9138 1853 580 8011 6146 4454 9659 7709 4326 
399 745 9600 3597 1805 4035 2192 4434 2769 2859 9423 1801 8018 3592 8756 5457 1260 6467 1117 6082 
400 4527 1557 9720 6669 6613 9594 4658 1719 5216 9185 7141 3159 61 2954 8592 474 1177 4577 3948 5439 4689 5763 5880 6014 7762 
401 427 5902 9480 3164 8790 6388 8722 4257 8119 2050 7503 1652 9743 5374 6753 9197 1446 6082 3106 6054 8134 
402 9659 4199 9085 1238 2746 2580 6968 9453 6133 7009 6119 5533 9076 7748 6396 1922 4786 1289 84 9075 6635 
403 7413 7429 925 6938 5446 5090 5433 3434 3025 8170 3267 7780 5082 553 4411 6364 6862 631 2366 8747 6667 780 5880 9795 2904 3961 8644 2555 2986 
404 3783 5857 4755 9208 6973 8177 2097 8033 4917 8615 6065 7360 3541 924 2 208 5307 863 4679 9023 7296 8663 4314 4855 
405 5326 3079 7085 9003 683 2139 3093 1436 276 8935 7008 1959 8388 2433 3415 2799 2973 1957 7367 2434 8946 663 9613 9199 6613 
406 6486 8439 8259 9467 8628 3375 1233 2988 5317 3395 4026 4938 6873 3822 5063 9280 3195 8605 1546 321 
407 4108 3074 2554 4021 4047 1449 5468 6594 4133 9043 4218 6025 9182 1695 3422 737 6581 936 2263 5155 7880 6938 5880 
408 1774 6324 9684 3670 3562 5223 1616 2996 9568 4940 8432 1716 2175 2001 8267 719 2121 3163 7240 4199 
409 9533 910 9806 1117 4728 4901 273 4054 3417 2533 1360 7969 3337 488 4763 3446 3894 3169 6819 5167 116 9139 5340 1454 935 
410 8105 1256 6196 6503 5122 513 4180 6311 6883 6049 2924 9177 1514 5311 4062 7510 6655 4523 8450 5446 8671 4901 8005 
411 4091 450 3797 9391 7549 3297 6898 1834 6618 5565 271 2872 6348 6602 7552 5706 7120 7699 8134 
412 6588 9004 7856 8900 3895 8658 5695 9341 4671 4903 9833 3537 9566 830 2952 6731 5247 2114 6978 
413 1979 3958 9032 5504 6269 6075 4684 1833 6610 4308 5889 2265 4444 5143 6984 9268 7643 3871 7256 2194 1159 5027 206 321 2422 8922 7732 9355 2752 352 9968 155 4199 
414 3106 4134 2673 2589 6739 1305 7123 110 227 9608 4591 8899 829 9602 9047 2066 2729 9066 3099 4558 8969 3202 1496 3009 7964 7519 3022 2 
415 5656 3225 7949 6141 1680 4805 4607 4134 6478 1880 1650 9968 7049 1541 1202 7327 5874 3104 6635 9483 4326 5869 
416 3982 8157 5065 7356 1992 7613 3376 3690 5276 9314 5093 3512 452 5749 9129 4071 9007 1401 2155 3304 
417 4159 167 7088 8660 8204 7180 5663 5968 9222 8246 9784 7130 6020 8994 
418 8618 108 9940 5307 2038 1749 9609 2750 7034 1026 7781 9296 1715 1424 6939 8190 4042 7122 8797 2643 7762 
419 7949 6021 246 9230 1512 8195 8854 2335 1845 6701 4821 4013 5836 6150 235 7762 9628 1840 7656 7230 8883 7713 6547 5962 
420 7153 9637 7304 7151 4766 714 1878 9920 6225 2177 7028 2590 8519 1419 4480 1223 6958 2013 1956 9199 7864 
421 3427 4893 8043 1948 8815 3474 9901 1773 5536 1072 1118 4741 7006 1851 5040 4286 637 4169 4314 761 5869 7321 9008 4728 7652 
422 4340 5359 8445 7641 5580 1956 4203 6613 6840 6928 5742 8224 9366 6231 3531 3763 5056 9057 4907 3541 2240 8491 
423 6153 4760 9007 4928 3316 9842 1538 9332 979 352 7939 3100 7296 9638 9141 9460 3096 2407 8711 3742 1061 1645 2283 2272 5704 7426 753 5869 7120 8491 
424 7883 2240 2175 457 5029 7280 6296 3821 9688 3146 7893 2233 7810 7887 9067 4892 4502 979 7183 8780 
425 1125 1647 652 3465 7178 2403 2462 8361 5880 7063 2546 2549 5438 2655 9945 6583 2536 347 432 2892 3111 4527 569 2052 321 
426 551 3095 3991 6116 8009 4920 449 6926 593 42 2847 732 8794 7713 2962 
427 2666 3379 7457 4462 243 1034 2294 2878 8062 6382 3613 5381 8079 7806 3961 2555 7997 7153 7082 5401 7762 450 
428 8116 8343 776 1510 1292 6842 4627 7302 1381 9008 1536 3616 7591 3398 4191 2962 6041 4632 7483 2569 4385 5064 
429 5307 6141 79 3784 6280 7521 860 4913 8649 4036 8036 9023 8809 9176 6547 2255 7702 9534 7436 5074 6021 3659 6737 7268 6920 937 9573 6044 3758 9075 8387 6258 9533 
430 6549 33 8156 8202 8513 8558 6879 7017 6294 6803 4317 8830 9414 6458 7568 5821 4176 5848 79 2 
431 3865 5162 953 1412 2308 7836 67 1527 7804 7583 9502 7732 8284 
432 2555 9290 7138 4586 6260 9803 8052 8738 3975 7632 6940 3214 4340 8175 2350 8655 1625 4034 2867 2480 1670 7285 7762 
433 9139 8428 9903 6338 2161 5103 6034 4039 8853 4553 4762 6101 1042 374 9310 5643 458 4996 238 2962 8293 
434 3703 9709 8049 456 6729 4420 3307 8180 8501 6447 9653 5705 7085 267 9062 4668 6580 9520 2707 
435 1025 2274 4178 1937 6722 4906 4960 8463 1361 725 849 4615 8359 2615 7949 
436 9731 155 3119 5445 6250 3823 5946 3706 1130 9091 1794 3638 2701 7668 6203 3900 3752 293 8992 932 1534 1625 
437 6101 1117 7126 7634 524 2962 190 5026 6015 690 1369 1426 9044 9097 2368 21 2969 8423 5130 6060 2932 3354 
438 3894 4749 1299 6853 7536 2783 5793 9162 2532 5905 9886 5754 3473 4044 38 726 6073 5038 2458 
439 6611 2100 8711 5104 4730 3863 6673 482 1147 7597 6082 7207 9868 5554 7987 4512 7816 4536 7153 979 
440 7053 1942 2327 7459 6011 691 2409 8060 2895 3088 3154 4511 8712 2887 7862 5890 6160 1690 2043 5985 3146 3783 8702 2349 1774 4311 
441 9842 9007 3707 592 8610 3845 1182 6837 5154 7949 8921 5673 4360 5761 1238 9903 
442 9206 8978 8461 874 7978 6356 5743 9042 9931 2920 4437 6899 5769 6624 8611 1385 7669 1871 5445 259 
443 447 527 5815 6938 9256 4580 9805 7490 4199 8250 2264 8764 7157 2337 2812 6746 8043 9199 6613 8293 9244 9533 
444 1571 3792 9822 670 9837 2879 2911 2240 8486 646 1786 2906 979 7024 4824 6173 2870 8914 3083 36 978 5175 6635 5677 7153 5715 
445 8431 5752 2019 2806 4973 7652 2135 1876 142 3985 1432 7301 827 2491 4094 2858 4027 5869 5507 
446 3753 647 9260 8134 4463 675 1323 1898 8686 5909 7336 4529 1121 6809 6414 4389 2555 7736 6603 9821 2445 9198 7162 9123 558 4915 1799 3077 6613 
447 2060 4528 9265 5668 218 8681 7082 792 4365 987 6103 8077 6636 7650 6249 3680 5900 6413 1731 352 
448 4341 7569 2003 759 7349 3683 8480 4785 779 7307 5157 3250 3825 9914 496 838 1074 3074 7949 1668 
449 5132 1855 4299 3495 112 8995 5461 1107 1994 5199 191 5635 8366 2615 110 8386 
450 6608 7147 5553 1167 7048 865 6014 2939 2155 9635 6999 5358 5671 7991 1958 3193 9146 1466 3004 8155 7786 8068 8716 7120 
451 8716 3914 267 1572 9947 6786 2513 2239 4645 8748 9740 8337 2505 8350 4173 3508 5817 1389 4478 1874 6196 1489 7826 597 6216 8711 5762 2962 
452 4660 3236 9485 4066 7350 1310 2624 7169 8029 9442 9086 343 4702 1340 5978 9839 2102 6884 745 9270 5660 7296 1571 8644 9199 
453 3728 6778 4567 4294 3684 9364 8574 5416 8054 3936 8967 2947 2438 7381 3031 1609 3264 3140 7713 2121 
454 6073 6980 4300 1264 733 9013 1888 7721 331 8804 1111 8134 1602 3869 6250 251 177 7252 5411 4020 
455 5043 6070 1852 5730 6484 6408 7902 7484 6067 7188 5943 5236 8467 4772 2493 6331 3371 4855 
456 4664 4670 2828 4491 3460 8097 2449 9069 5928 9903 3318 816 1421 2138 6740 2842 8293 8345 3320 6584 2962 
457 3243 7659 6046 1077 10 6327 4176 7819 9388 8469 1012 6394 9399 9378 9244 
458 5437 7845 3752 2817 1176 3052 8125 9563 7212 2111 6919 8548 2804 8608 8906 6091 6333 3236 7101 6044 4870 8185 6030 7652 9007 1668 
459 6281 7899 2158 6327 9354 5997 5474 8925 5884 4527 8451 447 7448 1007 4382 4040 7699 7566 2262 4786 5838 2379 4578 9955 8858 6061 3074 6258 7285 7652 6613 
460 6467 1066 1962 7604 1651 9149 7209 7651 52 2126 5353 1409 2963 4647 9139 5445 935 79 
461 9573 8880 7039 9005 9728 3999 8367 5415 3292 8093 4706 6547 3694 7104 7005 6049 6672 7296 
462 6258 6327 6134 2569 2340 9433 8715 3050 641 8653 2537 5506 856 5924 2394 9758 7943 7314 952 1353 1552 6827 
463 523 6731 7568 6054 8822 1646 6487 2599 1459 9529 7966 4070 6378 982 6228 2875 9244 5880 321 
464 1657 9014 2202 9569 4341 8191 8301 8569 2460 6238 3786 5869 1161 972 5748 7949 4129 8644 
465 6692 7630 2773 2979 9545 8055 4504 5788 3923 2730 1625 111 1969 3098 2643 4307 150 715 1668 7633 7773 3518 7227 1434 1984 7699 
466 3007 6184 707 2313 5200 2222 5649 7234 4643 381 9641 3499 2448 1249 9848 1774 
467 9023 9933 6584 2565 745 9555 8911 770 601 4397 3255 8125 9986 3762 9254 8338 7562 3722 7382 7901 8069 732 6424 6945 3261 
468 8644 3781 6332 7290 3234 5254 6257 349 7092 1301 1524 5444 7767 633 1237 6611 3830 884 2225 7022 691 6324 
469 8256 4055 1036 7373 6941 8632 1774 6449 323 6256 7204 9171 3280 2129 7614 4531 9518 9623 3074 
470 4252 9815 4771 9507 8061 1337 2137 4557 2418 6983 7976 9301 8924 1655 5930 1668 8193 399 7762 7153 3012 
471 6899 5033 9224 5185 126 9753 5583 3211 5842 4652 8258 7305 9626 7576 5656 8387 
472 3507 550 1555 6833 5826 2711 1353 388 9438 2680 2331 328 6871 6050 9950 6030 2575 1401 9955 9480 2643 8994 9990 9669 8958 1868 3103 8387 
473 5962 9107 952 395 937 6134 9281 4340 6053 1569 4433 3596 6473 3330 8114 5356 5770 5350 152 7993 6448 7469 753 9903 6920 2986 1752 56 3830 5448 3543 7762 
474 6650 6024 3586 9885 4326 2692 2292 1997 1521 2466 5752 661 5556 3274 2273 1802 4765 6726 4035 935 
475 7511 638 9233 915 2890 4369 9731 512 8117 9618 163 9867 7285 8528 195 3810 149 5307 3745 6584 3936 1058 
476 8130 8512 1391 1020 2121 648 7949 4798 5459 5655 4464 7677 4644 2117 1752 9592 8484 1571 647 5715 1342 4386 5683 3163 352 2685 7641 4561 8470 5962 7732 4985 745 
477 6545 9931 1328 6236 6063 232 7202 3371 8949 8270 9712 5897 8928 123 2545 4493 2661 979 3621 5127 3936 3077 7118 4999 3111 9224 7694 1145 745 9007 
478 4222 2382 5333 6214 8723 4501 5715 8308 6990 6825 3273 1516 8625 632 6114 5122 7055 847 437 1066 8994 352 
479 7880 3190 405 8855 6163 956 1132 8907 2248 9270 4240 9344 2614 64 147 5859 427 4423 467 2555 4855 9533 
480 6672 8794 8387 3630 5677 352 5400 8005 5045 784 3056 2376 1124 5189 532 3260 2541 9308 1480 8767 4056 4531 5326 5446 3012 935 
481 4314 4728 2685 7361 5397 3125 7068 4537 7133 5659 3552 8578 5716 7477 6521 4549 2406 8843 1831 3682 805 6019 7671 133 427 
482 2322 7252 2651 7285 4526 8314 8121 5891 7642 6339 7863 5625 4323 2558 399 2662 321 1668 
483 6404 8841 7806 3251 2847 9887 5418 944 2512 8793 9030 3141 6648 5936 238 4860 3438 2208 9025 2125 8910 2407 6712 6021 79 1105 2 
484 9669 5710 7216 8814 9697 639 2873 1019 3147 3149 7117 8734 789 2005 1838 1180 9349 5573 838 4893 4314 5412 2555 
485 2790 3074 4801 1736 1293 5768 2156 2144 6633 6685 6728 7353 3901 4566 9971 7482 4882 4703 8759 7949 6537 2589 2288 7438 7699 4352 5962 
486 9199 813 6698 687 7952 7259 8644 9711 1807 7386 1314 3543 2936 5207 8141 1244 1784 5888 3376 2666 9854 
487 5880 4343 9425 4925 4774 1522 2235 2136 4024 1037 939 7478 7480 2162 4001 262 8406 7234 2155 
488 450 6258 7919 3352 1685 9087 6059 3967 514 5031 4531 6229 5341 6839 8999 7295 2282 7061 3507 6847 3074 5880 2611 7699 
489 753 5462 6790 8176 1935 934 731 1241 5406 4148 6468 526 4393 2802 2596 9035 563 8396 
490 5253 3081 6555 3121 1377 2798 6908 6780 4969 7608 5319 1591 3144 4402 188 7864 5413 2643 
491 8043 7852 2001 5288 1354 44 9624 1120 1198 6329 3388 3382 8957 7544 4343 6326 
492 7219 7320 5507 744 175 1639 8823 7210 8689 7638 5272 8002 5830 7740 9654 3543 8671 8005 3936 
493 2136 4752 7948 8210 56 2608 6476 2747 7777 4442 1236 1817 412 1982 1657 8495 3955 7840 7176 1984 1149 5097 4176 6021 321 
494 3395 325 7987 6226 4639 4606 3005 6101 1306 8304 7391 9611 4198 9660 3042 4012 9468 114 1945 321 5064 139 3352 7 6331 8498 4020 9533 
495 1750 7193 7206 46 5993 3795 676 8743 2811 2909 7153 6045 7791 511 701 893 1561 8207 3740 256 9079 2019 1289 2058 4352 7438 
496 8387 5860 1139 1504 6095 5895 7321 9930 3970 8581 3144 1366 5343 1464 8336 9430 8345 4078 3936 7025 5617 4989 8696 9794 4209 8125 9933 1739 1601 9453 
497 4886 7057 8787 329 9315 3987 4027 1457 2660 4733 7709 4853 5956 4716 4220 9547 8879 2518 1668 8987 8907 8812 5326 9834 3936 
498 6170 6360 2986 4843 2155 259 8690 2288 3013 1624 1209 7880 5109 650 3336 9239 6711 6764 2840 3713 4663 9848 7852 3675 6765 8711 1774 
499 935 867 5654 2321 7852 8753 8245 6738 671 2017 8719 1402 8622 7504 1129 104 8685 319 2602 7258 6467 2345 7615 9160 6054 6258 2327 6101 3894 
