100
0 155 27 120 236 309 720 1137 32 146 36 104 96 756 91 383 8549 186 3652 2849 398 110 751 5046 1227 1494 4738 8381 1808 137 2268 51 1368 7707 422 5469 3045 8461 478 382 4479 2556 116 397 3022 425 2020 538 1447 4266 166 869 
1 0 7 176 5 1 3198 1572 8 6 9 2 126 14 869 19 199 485 4 15 61 1089 404 5367 65 37 63 17 27 8734 30 3 110 549 26 88 159 28 1388 2572 4589 1597 180 1679 253 22 120 57 123 377 72 252 52 940 74 1440 4040 946 2902 684 596 1468 1632 7292 55 11 41 280 85 815 21 13 9030 164 288 5515 1290 
2 8 0 2264 9 7 2 1 27 14 28 4 69 6 3 11 15 17 3774 62 21 16 148 120 485 65 35 23 22 18 44 940 24 252 3244 45 751 329 103 1756 102 58 155 32 70 637 33 1495 132 1524 54 5659 96 1352 4063 3199 3706 139 1604 346 178 92 390 122 2741 4859 90 
3 3097 907 725 54 1549 1456 447 2840 7924 2191 4361 1772 2696 2992 256 459 2738 5286 896 4009 809 249 5582 225 5803 5519 899 293 768 3659 141 1362 3478 3160 35 1370 551 51 6702 6284 8295 150 5848 3025 583 
4 7287 3654 3056 993 2706 2143 8518 91 7313 1257 908 1956 4157 3946 2413 641 5196 9290 891 862 568 308 433 3751 9493 3860 670 8401 2460 3646 3404 313 1204 482 
5 1173 2614 1958 549 97 285 36 3849 41 650 6698 158 249 240 869 1184 245 1183 611 1263 149 70 621 500 29 90 4089 46 255 76 94 93 125 1153 8215 2627 0 60 98 7915 40 747 77 422 4554 2785 1702 4885 8044 977 1437 161 64 631 132 155 
6 0 7 1310 176 1 1334 19 859 6 13 37 20 1184 21 30 12 72 145 65 41 17 38 442 78 10 112 18 1476 40 280 44 31 585 82 50 25 1122 110 83 172 164 86 137 34 46 95 332 197 
7 0 8 2 9 7 1 3 1315 14 4 6 15 28 63 11 21 303 139 184 355 107 12 4371 23 17 13 102 1452 229 145 35 5429 16 65 58 20 57 10 253 4023 18 37 78 131 725 158 55 316 197 24 44 30 47 410 46 659 45 36 4848 176 
8 484 158 1287 290 12 58 7033 121 178 56 5247 4703 3692 2608 3517 38 2140 4864 2158 2960 216 10 135 54 7269 3302 1735 411 3747 50 436 8819 6837 35 4525 901 735 261 3179 1189 2171 62 5011 187 268 23 9356 1581 83 2430 212 24 1134 75 240 18 96 102 8149 3961 5311 1292 
9 6729 468 8 27 0 4390 176 126 442 5200 9 2170 138 58 56 873 1554 2955 2 1 78 69 16 62 432 199 145 72 38 3 7 5 6718 1312 110 45 24 2735 33 53 715 4421 115 510 19 14 7401 650 232 70 552 155 5349 32 120 163 2562 28 6234 4 8034 1388 60 231 4962 727 289 7147 395 2726 2616 737 574 6304 554 
10 2848 5926 8 0 138 1737 27 2 9 7 4 5 3 3477 14 468 37 11 199 6 20 23 17 13 482 2871 131 18 16 1667 332 28 513 1707 3071 4978 193 35 19 824 72 120 1826 9086 624 681 850 139 410 2905 5031 1506 638 47 4210 859 135 10 4609 243 1 36 82 290 65 196 42 1524 30 957 915 75 78 2138 442 
11 13 236 139 356 72 41 117 653 371 372 54 0 8 112 55 3457 206 1122 79 6656 494 48 51 34 114 2261 7559 650 46 442 121 585 136 301 1 125 1183 111 60 8992 83 123 9 2 39 64 91 142 327 1155 3591 709 
12 8 9 0 5 2 554 7 1502 138 1 121 14 27 120 3 1310 6 4 19 1591 731 1077 2371 155 62 22 26 28 632 16 23 11 135 13 595 624 35 29 878 126 139 21 20 69 224 32 56 12 42 3483 65 88 4514 10 114 5634 18 15 7929 4500 1263 4977 117 992 38 175 2177 2153 
13 393 567 595 1271 29 240 3096 3572 358 414 1445 6480 93 6558 1407 2464 1828 3648 875 503 124 4162 3943 5446 3659 1540 1105 2590 7316 1677 849 
14 224 708 9559 2205 5850 7 185 4594 6979 3398 3239 3182 196 1097 5721 245 825 0 49 143 1104 291 8 450 102 362 2126 1807 680 22 482 7155 1902 1324 104 456 343 734 1035 992 186 749 153 8168 742 7147 3046 4801 5222 1477 404 138 621 
15 8 120 138 1263 0 1495 5482 22 199 7 9 6 2291 126 309 135 1766 404 1 280 72 21 42 54 5 62 147 1597 513 3 9957 92 84 468 17 14 709 87 979 44 561 206 51 968 83 1027 330 68 112 301 4288 43 8080 1734 1270 6459 146 231 48 6222 3266 2196 33 32 63 3774 9365 977 7585 
16 288 1754 167 933 1207 1590 3500 611 2268 6031 848 6630 5791 1100 3243 4974 191 1136 1313 3715 418 634 7367 6565 2767 93 3689 207 3950 461 215 385 242 722 2857 506 1278 2169 290 
17 6049 3923 4607 731 665 1554 6378 879 4343 8 0 510 2296 8015 5404 3977 1270 2145 7 9 356 4167 5893 6369 583 9470 4813 4335 28 5278 1 199 2 1420 3306 3912 5218 2342 2232 238 435 2033 9351 5 561 4 8152 1030 2809 1743 1185 3540 49 763 694 1429 3243 19 14 4443 1498 1330 948 418 252 3021 11 1667 797 69 138 2889 355 968 
18 355 879 37 389 4102 9 267 204 161 229 7984 138 8703 1222 1052 3410 647 245 3158 3983 157 3053 273 4089 546 339 910 3121 123 1298 6756 1292 598 231 613 365 421 2416 615 119 803 66 6058 57 742 836 524 609 253 1019 43 6787 189 77 162 720 1226 335 97 1256 7593 1001 7557 1604 129 2207 
19 764 1762 1689 88 480 2391 545 9081 1548 134 2079 536 300 309 1612 34 746 168 250 61 1529 981 861 1896 83 66 5497 149 110 1244 2872 599 51 2403 1587 86 980 245 2492 849 9053 4430 3741 985 358 4317 333 5108 812 70 3203 3498 48 1985 929 708 
20 1290 8 5526 2 2153 0 9 2591 4 7 11 15 709 3198 148 1 1052 176 3497 14 35 4171 107 37 199 6 3172 3 7347 1638 22 8454 12 3483 3441 2659 26 2930 13 20 249 7048 10 62 36 4225 19 9519 57 4688 119 21 1771 206 595 75 125 18 7081 6373 41 907 1168 24 4067 1412 102 140 1225 632 2849 442 120 27 859 
21 2264 5 176 2 19 27 138 0 1482 797 7242 69 3 9 14 15 74 37 1 4 3158 7 5482 5554 5985 21 28 494 63 11 199 1089 1152 16 389 103 17 10 1350 325 2848 22 236 96 38 8 737 41 252 249 12 34 83 3600 79 107 84 33 26 71 23 110 1610 6115 850 1888 4247 
22 1310 1290 9517 7624 138 583 7 8 859 9 69 2 5 0 2818 1173 63 468 126 977 224 6 193 28 1 2402 442 72 148 356 114 236 253 15 19 303 27 2045 155 74 3211 166 3379 4 389 78 355 14 26 161 650 6379 299 198 157 404 57 61 97 3 21 184 41 731 342 62 280 6035 207 3424 30 197 1437 22 164 60 240 8955 1132 843 1930 40 331 4226 2304 121 10 12 73 501 107 6404 
23 252 3700 671 482 56 152 1412 42 2198 138 1429 7658 4994 2579 58 2169 611 32 572 3839 70 86 1981 95 172 4864 253 66 8116 343 4350 243 67 3284 8 2142 195 5336 881 264 8802 536 275 1959 909 126 6644 1351 6335 8138 273 361 1385 160 9888 5 3706 426 1972 310 3525 2692 230 345 228 462 1450 702 27 
24 2060 708 27 8 725 977 236 6698 900 74 8450 426 621 1334 82 6138 3706 16 6238 6347 3483 7086 5333 2168 3046 940 542 7373 184 1930 1151 8139 2444 80 84 2136 679 9335 139 1195 0 73 104 1321 42 1119 53 1584 1152 103 204 67 451 56 948 91 271 382 1793 5643 769 612 1629 3563 175 1174 128 231 138 388 1284 871 873 1184 78 3455 3447 108 115 2187 305 7 1011 185 1572 1173 681 554 
25 8 6 120 20 72 82 3880 1667 18 1554 44 3398 3262 342 7382 161 164 8243 301 2106 4397 1524 131 35 13 57 3196 425 140 1222 4724 1174 166 147 31 9677 32 101 1645 3747 3251 64 542 40 50 36 112 8360 3964 47 45 602 7354 4100 54 1478 390 1184 56 
26 27 3 16 131 24 5959 17 187 25 84 1656 907 6577 4090 161 299 797 1388 342 45 485 102 1850 138 624 33 890 144 1420 193 329 210 2052 80 66 9542 47 409 3110 183 1019 67 1967 3194 9927 4807 132 162 778 44 1584 526 805 0 126 4497 446 2296 554 2 1077 9017 8 5 1951 5381 
27 5 28 1954 3 2780 27 15 14 176 164 17 184 23 20 107 16 37 482 8761 11 57 139 24 5295 6668 552 899 443 299 35 849 45 40 82 4510 8 679 0 53 25 1365 1412 389 331 119 47 7753 487 34 524 300 574 122 228 1522 151 1221 4962 22 5313 1117 739 395 157 2296 343 909 4403 4978 646 
28 621 148 2 968 19 1917 9 1583 44 914 4 17 11 6 899 612 114 61 12 253 35 552 82 51 132 1352 144 60 10 198 67 164 31 32 8993 137 41 7708 53 3458 2048 1031 110 78 64 824 258 264 70 58 54 1000 900 2076 
29 27 329 442 236 290 139 650 331 727 880 1697 496 274 393 34 1000 270 881 223 510 1803 90 360 762 793 4632 526 807 170 417 3082 4724 349 594 490 137 2000 337 281 113 1607 1537 109 3141 3201 3953 126 1583 
30 2076 1610 625 2385 1132 187 4801 256 275 234 184 610 687 150 1933 162 1026 1904 537 8427 154 602 8740 4797 1596 294 4532 6450 1674 465 3149 8480 2091 432 435 3970 2014 756 183 49 128 152 155 
31 8 5 2 27 9 0 3 554 14 549 16 4 1 199 197 11 253 58 19 102 1065 268 20 1106 37 96 1734 653 6 301 56 73 26 2504 138 17 70 3676 4397 881 55 1052 18 12 7454 3008 280 1783 42 915 735 6141 105 125 316 4487 273 13 211 2360 408 74 356 5626 126 621 867 797 
32 5921 138 8 797 9 709 2 968 3110 184 3 11 2486 197 4364 2402 10 20 176 74 5051 2841 12 0 2076 13 1200 60 83 34 25 1315 5448 3160 78 7 18 56 38 426 84 21 120 3053 2825 339 231 782 1597 35 632 624 3398 1412 2819 119 31 3489 43 2526 1 663 23 162 728 4157 619 69 2700 554 
33 3097 120 138 482 1917 5150 63 69 9933 1384 1954 3600 8751 961 2274 432 1114 2521 9896 3514 2291 4820 4953 299 5754 92 1583 9572 22 2848 995 32 158 609 599 2214 107 57 6539 3248 4172 2 598 267 8 8488 193 3053 7387 5395 3119 3639 31 2717 659 2116 1376 2374 503 298 7437 596 55 54 2348 80 973 2849 87 176 0 9 1667 47 289 1365 8853 33 2425 4 180 990 377 1900 7 1128 4676 554 6656 
34 8 2 6604 27 3 14 9 121 2153 4 2713 9894 16 10 58 63 18 11 138 5 17 4977 268 178 1575 1809 3441 0 4895 19 35 26 20 52 15 23 391 73 1106 120 224 164 6523 681 9346 1077 305 429 4104 1665 77 96 1446 1 1921 442 8044 653 2707 3768 1263 1524 2955 55 333 1612 2823 2513 
35 1186 8030 26 1506 6962 388 277 4710 3011 1883 444 675 1607 3983 5552 344 1494 2576 4410 653 1150 4358 8973 108 89 65 594 4435 350 975 190 128 9391 2239 738 3662 385 6012 7304 1151 103 343 
36 751 1783 301 7069 4662 5329 1936 149 434 3718 403 1702 712 585 1528 252 9521 733 163 967 4919 9562 280 2180 469 406 396 9246 1351 4984 59 3996 1151 1966 89 2979 1508 1404 3003 998 697 1117 2739 549 2097 1481 1797 106 422 3730 2810 4273 2492 126 
37 0 3097 968 176 7 5 1 19 120 126 252 1089 30 6 1737 166 5862 184 356 155 410 371 41 114 524 54 8 681 158 859 2073 56 61 82 395 2612 332 48 2430 25 60 2444 236 6577 50 42 198 152 31 4864 88 40 2 49 8702 1343 1482 69 594 175 2147 647 1027 5084 587 146 137 27 154 2248 
38 4630 3455 853 8704 231 3444 8342 3205 698 1765 451 906 507 1530 2805 3926 298 175 1314 6329 419 3359 1135 1991 2078 3034 7486 2593 4032 3622 3323 8516 360 1303 4394 4507 2371 
39 1671 5381 968 728 4768 5921 686 1171 797 74 1930 17 1395 979 2383 102 439 8 7104 0 9611 583 176 977 2889 280 301 1251 2138 747 4302 9 138 55 33 34 2688 79 1369 166 2523 3182 148 107 5895 50 60 8334 2 118 158 4388 6234 393 2503 207 46 1 390 84 5546 646 896 7048 48 25 5 51 750 40 1546 356 193 
40 907 482 777 538 388 53 972 265 566 8 151 73 9 183 143 160 2 259 4849 32 168 9946 1465 308 2442 2164 253 2190 51 6001 365 5931 545 7 1 4277 859 159 1880 231 248 439 539 5326 5507 1153 2175 1332 
41 554 0 7 900 1173 2076 121 1 1679 4142 28 389 197 6 665 382 97 3884 37 268 4364 625 549 152 117 476 3135 1408 329 44 516 229 205 9039 371 253 4728 2147 25 166 12 5724 50 156 104 204 1723 2820 2140 1321 1168 1877 1756 299 1497 214 7878 4858 1262 9678 64 4308 41 1287 3790 611 2504 2136 5862 3248 6656 
42 1263 8 708 9517 0 1 7 138 27 1656 1643 5973 6 935 5860 5 252 74 126 2 3 123 6092 285 56 18 1522 62 9 1495 487 155 843 1184 2659 6362 1369 2047 39 561 4408 5514 482 3286 1789 170 1768 224 665 37 3533 4568 1027 7360 11 14 19 1771 112 69 15 2150 30 43 20 4 60 121 332 41 1611 211 574 284 8364 1019 4288 
43 1876 1128 1988 126 77 158 1274 168 75 42 755 502 412 1068 257 6045 234 87 878 4373 1333 664 3532 4021 1161 124 4838 2507 4837 8512 415 237 631 2480 2844 2171 9424 1862 9271 655 583 
44 708 1070 7594 1651 880 789 7959 2293 595 742 5936 120 498 7869 187 2563 339 1476 75 1204 1379 1401 2577 716 901 750 4589 4089 171 5210 8739 587 2721 4817 1002 8541 9459 410 1017 6169 3913 1878 712 1413 2238 3065 327 1753 1033 1236 2841 653 272 3246 1871 1077 2853 3240 378 415 2762 2079 604 1395 3604 170 175 9824 
45 8 0 138 9 2 554 7 1 14 6 120 5 69 19 15 4 7055 121 11 28 23 37 21 3 17 5661 12 10 20 114 309 1122 6698 193 22 243 155 65 6459 18 30 55 13 135 26 1954 655 2513 355 82 35 29 184 158 1881 332 31 1482 131 52 103 899 164 1387 5990 330 3158 1510 1506 290 7850 252 2216 1310 1502 
46 1502 14 15 4148 329 8 102 88 138 1324 0 7408 27 93 9 1692 2 485 183 25 983 1298 901 884 289 1 651 23 172 634 16 4372 824 4985 1161 205 2816 836 489 1903 8654 106 218 7854 1168 47 7 2950 346 268 28 156 583 2533 31 9338 6986 
47 138 3106 5990 583 2264 3514 5182 1495 0 6930 54 4336 2208 129 1521 3483 995 1200 484 1171 9054 43 8 27 1799 517 7 6684 39 85 3142 1967 614 3621 3448 5910 2685 1434 339 1702 480 383 2768 84 9768 1073 8933 1 225 146 9732 9 228 778 992 2902 288 800 233 625 2 2291 25 109 737 69 188 136 3139 
48 0 8 9 3684 7 1 1384 6 120 2955 968 404 252 583 1554 164 4247 30 751 4799 13 1283 20 148 356 4497 184 285 1510 211 1809 2825 1344 330 300 48 8334 5843 665 1312 545 55 25 1575 348 4157 398 914 990 146 1593 841 176 8355 2905 39 42 198 7569 335 147 227 134 65 72 3692 1601 2249 2920 114 878 274 97 745 233 54 19 138 
49 1671 7 8450 3 37 4613 69 3923 1604 21 13 22 29 316 1122 131 5895 9957 96 1065 7709 566 61 1440 166 3332 1452 74 9713 199 4164 7718 212 138 763 33 309 2238 5221 301 102 110 6059 7970 641 1325 3190 186 272 259 6644 94 7537 18 5158 2148 969 92 59 8 375 6137 829 8315 454 2120 583 
50 69 1482 2513 859 148 919 303 2292 817 485 1599 2941 126 233 4995 926 240 216 76 46 6755 2787 1891 5 4619 228 6762 3443 70 1269 71 2688 445 2453 3869 159 1275 125 734 6 1232 133 8438 36 206 885 444 1376 3 8643 1233 210 735 63 120 
51 0 2818 9365 8 725 7 1 2 5501 5 9 27 28 977 121 3 3046 4 14 11 197 3923 6 2826 21 15 5659 2148 63 5603 45 117 78 35 1387 6877 5031 17 371 22 13 20 30 18 19 1225 58 665 12 10 1989 1826 16 1745 102 24 1159 1692 2420 41 268 146 910 72 329 187 23 2613 198 2500 4946 155 138 
52 1153 1805 1417 1186 6376 1012 1088 6514 1096 1950 3999 33 42 244 2275 67 868 476 4025 861 162 5175 6180 1469 2886 593 1862 255 786 239 384 198 1853 5555 296 4834 5299 5034 106 4611 212 2029 6539 6228 1270 
53 1077 1434 74 1495 38 6126 679 7712 70 110 3102 1408 5150 6035 927 138 1296 8660 2744 243 1171 873 6092 1894 73 4525 118 1704 382 1571 1958 3358 325 999 6051 9225 92 9551 4478 800 231 7862 3054 171 32 216 246 62 1721 8309 5205 195 4977 3395 7291 1294 151 3038 289 2538 3215 7986 534 398 1985 43 7791 71 89 225 6655 2218 1866 9542 1483 1762 176 8 968 
54 0 9 7 1 69 3 62 57 16 243 193 451 164 13 61 23 468 29 2612 161 115 35 624 22 1001 45 1401 180 178 1489 81 636 928 24 96 80 52 663 1568 2316 954 273 566 482 119 509 144 5982 4088 290 132 393 3887 120 
55 8 1502 3244 900 6887 1263 0 155 126 9 5 2 7 1737 3774 27 1 1495 14 909 107 28 869 57 15 19 3 24 485 6 4 1184 161 45 1270 65 867 117 725 11 2112 37 176 80 146 1151 88 747 662 21 609 468 63 17 33 13 348 55 152 404 166 121 199 410 115 316 1434 187 30 637 957 4148 650 16 1587 3008 681 193 1089 7293 10 443 5603 145 20 2651 583 342 138 554 
56 3756 5276 948 8402 211 8702 2431 707 825 3057 2943 1697 196 325 1194 39 7499 1840 805 789 880 370 2810 1287 2451 203 3006 9915 4452 1600 100 3014 5566 3796 274 375 181 249 481 5472 2858 1457 142 160 2044 146 1690 3631 1184 223 8114 2746 3698 868 1581 4612 214 1936 2264 1183 1502 
57 3975 5 19 968 126 404 197 20 37 30 268 3831 26 135 82 224 1506 114 38 6979 110 3613 484 2700 53 480 52 375 158 50 3807 2683 7918 6616 429 2348 4618 708 422 40 2134 218 335 962 196 7546 212 1442 5801 448 55 8672 118 76 2759 77 3661 4099 321 9311 8272 21 116 176 1334 2780 
58 850 720 2659 6379 859 2593 5838 4417 1334 1284 1521 7279 666 3514 6756 1228 4133 3131 1627 3516 8076 1768 520 4672 1149 396 3773 8430 254 550 1534 128 144 5312 513 434 909 468 4667 95 91 1132 7460 760 2300 4493 294 4596 244 4390 1813 655 1007 2986 869 138 
59 2956 646 857 762 535 167 746 933 1745 2231 1805 6134 1480 8146 216 2980 6246 1566 8969 1966 1277 4646 2104 1187 2948 434 902 3908 203 2043 5459 1096 24 2783 1100 3101 226 225 194 8601 414 178 
60 107 229 123 15 25 1131 1799 235 1513 106 122 84 310 4413 88 836 238 2573 5616 95 43 3319 3455 216 409 1927 40 39 219 101 3839 297 111 3126 85 130 747 951 6848 113 142 5661 3410 
61 121 63 468 193 566 815 2976 131 7672 444 408 5751 69 221 362 213 105 625 1137 266 1227 374 342 79 135 385 1546 215 6467 230 351 984 1754 89 2114 323 2592 7433 9294 75 26 2649 211 55 3624 208 6029 236 
62 7624 155 138 919 9502 27 8 236 120 117 2616 69 6379 16 1826 2521 3428 2076 583 5 662 28 2 4413 3270 7966 495 7454 245 9 5887 1122 4982 61 309 382 1881 2106 14 0 3052 5876 2298 1591 2858 348 3363 17 5634 45 1283 1117 5395 195 2698 2143 1012 2116 111 3345 56 404 982 3858 3870 33 31 672 34 79 1187 74 87 3927 118 2423 3044 356 1173 176 1310 
63 900 8402 3248 138 4364 971 0 2359 8 2371 2158 2683 5448 9 968 1054 4336 3642 119 6481 1303 976 1223 2 4880 5779 5 155 7 285 660 557 1123 1 267 131 8947 3423 8543 169 506 1104 1283 1554 1779 4605 445 3349 3100 205 436 102 370 1495 1869 4672 4801 173 7492 1349 929 65 468 184 583 
64 9305 8 0 7 9 2 1005 1283 6 3032 27 126 542 157 4 784 6769 962 3317 1737 6767 2298 9584 2705 265 166 1384 296 120 7837 671 72 63 3211 100 17 238 152 1930 11 310 240 3 465 1 399 28 219 969 32 58 46 505 181 348 408 69 621 
65 1679 69 166 432 410 1385 97 72 7151 73 5429 9572 59 38 1491 117 1017 604 20 1628 178 841 135 41 103 429 3582 46 1476 6913 390 3689 3378 734 8901 1336 552 34 277 56 42 13 941 2200 44 434 1623 132 4791 1732 2180 764 1004 1921 217 187 5720 206 2818 355 8761 
66 6656 1413 524 7325 3142 49 3477 1951 187 114 119 8 24 101 457 0 132 1128 3676 2922 6131 1988 45 78 2852 976 2653 8688 7162 4482 2491 138 307 1087 5834 636 1793 485 1979 947 4040 3041 3257 2 7674 395 1042 574 1156 2049 1564 1438 236 549 4347 
67 0 9 7 2 155 1290 1 8 4 37 65 19 6 126 28 5 3389 11 57 3767 10 152 138 69 2700 78 21 3 38 18 12 1434 1387 15 14 2148 13 36 35 29 229 4023 554 27 157 1225 9886 1881 61 468 31 7537 671 88 30 184 309 3467 52 118 23 1506 71 22 979 120 
68 62 1888 468 2112 1428 4266 372 2487 517 424 7584 1395 5667 112 4226 170 4919 1320 84 604 76 40 487 279 612 5350 79 63 715 4347 6163 509 3591 2298 194 1078 647 324 1436 461 8241 426 156 8466 250 887 0 397 1669 25 8911 2152 90 9360 98 2837 134 243 554 176 155 
69 107 356 2371 4342 15 2112 62 63 243 6452 3520 139 501 20 751 671 3204 12 19 2616 82 84 83 3299 1522 117 30 335 1593 1119 145 572 3853 907 4301 41 778 2359 73 3266 1294 4834 1757 54 216 9665 68 659 388 4436 42 2919 426 2744 1446 6543 4276 211 55 4035 2085 519 2100 3561 7827 824 7042 10 971 43 516 142 44 599 850 
70 176 253 410 2973 545 73 44 90 59 762 54 240 75 1113 42 298 666 46 577 48 367 248 626 840 984 1491 378 162 79 2090 7303 459 5580 147 36 226 384 203 5942 9716 
71 2591 15 252 1384 355 4656 3684 36 1671 0 8 2 3424 7 290 655 728 6018 9 4881 439 2212 1721 2684 120 1 69 2304 5447 8334 27 143 1272 523 8019 5329 903 4221 204 6668 4 1090 6 77 399 534 4131 2477 4044 66 75 5195 859 2513 546 9906 7600 67 68 131 28 138 1495 176 968 
72 1384 2433 948 6082 2859 5038 803 477 2094 1215 1558 251 9359 785 1758 2262 53 8184 9613 388 261 8629 475 1566 1478 3016 313 7797 7589 515 1190 750 2313 543 1360 1509 1353 6094 4630 1621 9478 2029 3231 174 6258 27 
73 69 8528 867 2244 3826 2857 3818 6188 776 1307 112 1611 703 2703 1128 8156 7218 131 149 52 4320 1562 1232 1114 1195 1122 7798 250 1386 320 619 2201 3824 333 6735 1106 1494 1558 4726 1311 6589 4524 8438 2869 1571 597 66 5627 3403 1251 156 9794 98 1472 1484 515 3357 1277 1442 6518 57 103 
74 2848 5526 199 2 9 5 9543 4 19 14 28 2274 21 6097 65 8938 11 15 37 3759 1332 5011 3502 13 1447 10 12 621 4597 1401 4429 243 316 2735 102 4609 7774 268 8365 38 96 1979 1807 443 145 149 83 446 342 1210 8875 2296 201 2427 66 377 880 9246 968 5621 109 314 501 126 5484 3943 7518 121 2700 2526 2169 869 1583 
75 583 14 120 69 28 5 356 147 8734 23 63 1671 1482 679 257 58 60 170 98 112 6165 159 587 2431 392 100 1841 29 873 325 489 49 174 155 101 401 454 165 977 64 849 222 402 9464 590 323 4725 224 2448 2177 6290 8271 
76 0 2060 155 867 900 3849 7 3992 8 1 869 5 6402 27 2 28 9 4 6 126 63 14 8095 121 404 19 148 3 549 166 16 22 3182 30 24 184 3279 65 236 4364 372 199 145 11 17 3408 62 157 5313 114 112 107 21 1780 3470 6288 15 2168 1604 999 389 164 3379 332 1344 13 88 37 371 35 50 131 12 10 681 152 542 47 957 495 61 
77 9710 1593 3884 6745 135 2258 2533 720 330 31 103 8733 2378 144 5872 513 2942 4959 1638 3603 1251 1258 1352 235 183 7342 6961 2265 52 289 82 3293 1300 4098 75 1577 254 533 651 8332 81 7792 403 68 92 59 271 2657 1122 
78 1502 1597 2282 1714 443 1643 7895 87 859 391 48 9832 1613 2162 183 961 168 1591 261 2523 680 4421 2818 5558 1801 7307 59 210 1601 4130 2981 454 171 245 5616 117 587 186 6744 37 845 154 292 1913 1686 396 352 105 2509 318 654 300 885 5902 850 
79 8 0 485 1 121 57 140 372 782 87 119 97 52 206 98 238 476 16 156 2983 1959 112 410 538 71 51 256 115 24 45 5069 81 159 76 66 484 34 500 80 130 146 157 300 948 
80 1572 2060 316 197 686 6337 145 148 3923 2 8454 6057 309 2198 95 426 3708 5209 137 1256 28 5 1065 2614 659 971 81 3166 4 14 3 919 496 9947 8 782 1862 726 1911 5124 9 15 1012 61 101 641 4241 2063 88 287 3281 1 6565 990 1626 1454 1386 147 94 181 8040 37 3089 4942 280 27 120 69 968 797 404 
81 138 355 63 5091 4281 7234 1627 95 300 253 554 727 662 156 829 684 2185 8094 764 432 25 59 1750 173 3631 282 79 1017 36 363 147 31 1564 85 861 167 978 803 76 3441 19 345 5 68 67 113 46 9039 325 7081 273 126 
82 126 155 494 252 3457 426 7677 2282 1734 999 841 339 52 2967 73 484 2717 125 1937 271 247 1300 1606 7253 80 2047 235 60 3471 112 146 128 163 42 6656 161 496 7975 137 3493 3097 8643 5472 1274 1628 1665 4018 40 5882 536 516 77 136 341 978 2739 360 1671 725 138 
83 3244 2780 0 8 4178 2 70 155 49 267 106 7687 549 501 235 7315 7 140 2654 227 105 3420 2132 6147 9 86 519 1 6005 900 179 968 3293 365 387 7275 2791 19 3033 3769 319 4704 3348 589 3975 970 3692 3175 779 1065 11 1332 669 1843 3406 1736 404 859 
84 1737 155 621 4347 28 15 6049 176 65 229 21 102 62 57 1 12 5276 24 9047 32 13 38 117 22 1256 86 4291 34 74 3222 3412 4266 2701 487 5725 123 140 51 776 914 45 29 2126 44 204 940 1745 1236 3008 390 83 7908 33 171 54 455 50 168 64 145 4432 1131 
85 138 139 1756 187 166 524 355 1106 1412 5605 636 3024 1757 7876 1398 782 20 5641 299 3569 249 1137 1344 516 2652 74 615 2730 938 403 970 2397 201 83 422 10 1393 417 4606 3224 2432 158 183 2052 1292 1001 544 5225 2065 9030 121 6 274 3180 6135 656 2017 3456 330 123 585 
86 0 7 9 2 1 5 27 4 3 14 28 19 11 15 303 21 404 72 16 6 37 199 13 23 126 1591 20 38 17 193 10 35 152 12 18 44 145 30 58 131 25 252 26 164 102 96 60 62 211 277 968 178 1734 510 7584 5773 1468 285 9514 8978 
87 152 22 909 371 62 679 82 995 1073 625 1725 2334 4460 331 6915 7013 130 949 2045 6045 2978 281 5136 1702 1558 2509 1884 251 717 882 442 552 1847 2288 1041 615 70 3069 4048 5561 6134 475 134 2428 364 99 327 177 39 742 598 935 1583 
88 554 869 4171 7117 4841 8 4500 5546 0 7727 957 9 2 5668 9593 1263 5778 7 2316 1571 7777 6831 1 928 1223 250 4 15 22 1583 2552 3879 290 2212 660 1958 238 480 7734 7481 54 3 2372 510 497 209 278 1275 124 9208 2475 3704 3561 9710 9358 8465 1080 6 3400 5296 1401 1161 155 
89 1495 867 5350 268 2019 6087 1896 348 726 545 3137 1757 4618 596 267 110 41 636 1601 50 424 161 17 139 625 3526 79 4537 48 1134 240 233 594 53 36 436 841 4962 26 245 210 2377 8790 218 40 2120 4281 88 914 943 532 4122 3024 7548 583 1172 9657 1008 272 2941 189 74 1340 330 303 
90 138 5 27 14 28 184 1384 63 2371 2899 19 23 655 3457 331 120 686 9054 155 72 135 55 4551 20 88 679 157 42 158 330 3977 638 4829 90 646 38 4329 210 372 896 1189 424 139 6160 907 1110 3299 92 118 83 218 49 25 33 48 1052 2169 1260 1016 425 2322 519 1704 449 255 288 201 198 31 
91 3244 2492 663 2685 1691 5659 2972 455 2020 5850 825 9127 1119 647 4370 1227 3003 4581 4289 644 4962 211 97 4148 7167 184 7607 43 14 1091 2033 3066 374 339 5275 421 948 962 1070 680 414 120 919 3229 5664 1746 869 654 4081 6795 148 7913 113 1437 670 998 85 338 9 1221 4171 138 
92 1958 1583 57 1714 356 121 316 9138 107 3097 45 166 16 24 1799 74 1434 97 595 41 659 2067 132 106 7776 715 1862 8801 299 49 161 3299 206 122 144 451 210 1673 1334 789 611 71 255 235 346 7373 81 6166 2572 142 7977 304 47 108 80 8948 815 549 179 216 2385 92 1541 
93 1951 549 915 122 750 2285 90 2205 597 866 207 1948 2073 164 6137 871 3586 5041 85 4219 4070 1098 128 185 555 616 108 327 276 150 1103 353 244 9040 201 1010 3535 632 60 197 
94 857 8492 5483 1008 1344 830 4425 3428 2576 321 6785 178 1001 7590 557 7971 697 4625 77 206 2965 5447 572 5909 402 1223 171 189 374 4857 946 170 218 2882 812 272 225 414 2329 975 757 2601 91 725 1360 686 2120 
95 5442 742 5390 2670 3995 8243 1575 929 1863 5516 200 2820 2668 6951 395 652 7173 813 487 1112 344 321 594 2894 240 2195 258 488 3227 1113 2437 119 277 2436 1582 6205 4238 626 6270 1431 5774 631 6971 
96 2 2818 4 131 11 28 229 63 2003 737 249 10 609 19 18 74 12 184 65 224 2240 715 58 57 145 45 2088 542 56 149 107 596 31 140 455 70 24 1339 108 41 271 1001 267 152 1361 155 201 219 504 123 189 310 163 391 446 8955 
97 8 138 0 69 9 2 6 5381 1 7 6102 5276 4142 5 4 2889 65 19 14 121 4301 329 78 126 21 914 290 3 27 84 9691 120 1395 28 15 22 426 72 1434 9630 4266 12 671 1200 6379 197 90 103 63 815 10 62 285 29 86 2653 879 13 36 3441 18 100 624 148 30 267 114 1881 1868 375 50 20 249 
98 3097 8 0 9 2 1 120 27 6 11 5 14 19 4 121 69 139 7 28 229 2148 410 236 62 72 15 12 3 65 20 63 5394 16 915 18 44 797 2039 38 927 58 2478 7347 10 26 41 17 23 82 329 7753 55 6201 1736 5350 7173 30 52 157 249 198 285 32 56 224 114 303 355 
99 138 3110 15 69 199 482 1334 62 7 2478 139 583 7234 63 686 166 61 22 252 28 637 1756 8 0 29 32 119 84 5851 39 175 9 4258 56 103 503 117 135 168 4869 3057 36 1023 1352 609 6385 8707 8270 1320 454 81 1541 173 9447 160 599 195 155 1093 511 4818 1793 303 68 7218 406 1989 370 79 10 1954 6402 485 3849 
